        -:    0:Source:main.c
        -:    0:Graph:main.gcno
        -:    0:Data:main.gcda
        -:    0:Runs:4
        -:    0:Programs:1
        -:    1:#include <stdio.h>
        -:    2:#include <stdlib.h>
        -:    3: 
        -:    4:int dot_product(int *, int *, size_t);
        -:    5: 
        -:    6:int
        4:    7:main(void)
        -:    8:{
        4:    9:        int a[3] = {1, 3, -5};
        4:   10:        int b[3] = {4, -2, -1};
        -:   11: 
        4:   12:        printf("%d\n", dot_product(a, b, sizeof(a) / sizeof(a[0])));
        -:   13: 
        4:   14:        return EXIT_SUCCESS;
        -:   15:}
        -:   16: 
        -:   17:int
        4:   18:dot_product(int *a, int *b, size_t n)
        -:   19:{
        4:   20:        int sum = 0;
        -:   21:        size_t i;
        -:   22: 
       16:   23:        for (i = 0; i < n; i++) {
       12:   24:                sum += a[i] * b[i];
       12:   25:        }
        -:   26: 
        4:   27:        return sum;
        -:   28:}
