        -:    0:Source:main.c
        -:    0:Graph:main.gcno
        -:    0:Data:main.gcda
        -:    0:Runs:3
        -:    0:Programs:1
        -:    1:#include <stdio.h>
        -:    2:#include <stdlib.h>
        -:    3:#include <string.h>
        -:    4: 
       54:    5:char * mid3(int n)
        -:    6:{
        -:    7:	static char buf[32];
        -:    8:	int l;
       54:    9:	sprintf(buf, "%d", n > 0 ? n : -n);
       54:   10:	l = strlen(buf);
       54:   11:	if (l < 3 || !(l & 1)) return 0;
       30:   12:	l = l / 2 - 1;
       30:   13:	buf[l + 3] = 0;
       30:   14:	return buf + l;
       54:   15:}
        -:   16: 
        3:   17:int main(void)
        -:   18:{
        3:   19:	int x[] = {123, 12345, 1234567, 987654321, 10001, -10001,
        -:   20:		-123, -100, 100, -12345, 1, 2, -1, -10, 2002, -2002, 0,
        -:   21:		1234567890};
        -:   22: 
        -:   23:	int i;
        -:   24:	char *m;
       57:   25:	for (i = 0; i < sizeof(x)/sizeof(x[0]); i++) {
       54:   26:		if (!(m = mid3(x[i])))
       24:   27:			m = "error";
       54:   28:		printf("%d: %s\n", x[i], m);
       54:   29:	}
        3:   30:	return 0;
        -:   31:}
