TN:
SF:/Users/mac/rustmap-clone/c-code/rosseta-125/100_doors/main.c
FN:3,17,main
FNDA:4,main
FNF:1
FNH:1
DA:3,4
DA:5,4
DA:9,404
DA:10,2328
DA:11,2328
DA:14,404
DA:15,400
DA:17,4
LF:8
LH:8
end_of_record
TN:
SF:/Users/mac/rustmap-clone/c-code/rosseta-125/4_rings_puzzle/main.c
FN:11,27,bf
FN:31,42,ge
FN:45,56,acd
FN:60,76,foursquares
FN:78,83,main
FNDA:1708,bf
FNDA:324,ge
FNDA:12,acd
FNDA:12,foursquares
FNDA:4,main
FNF:5
FNH:5
DA:11,1708
DA:13,18284
DA:14,17080
DA:15,16912
DA:17,15736
DA:18,15784
DA:19,11660
DA:20,120
DA:22,11488
DA:23,11488
DA:24,48
DA:25,11488
DA:26,15736
DA:27,1708
DA:31,324
DA:33,3252
DA:34,5544
DA:36,2616
DA:37,2784
DA:38,1736
DA:39,168
DA:40,1708
DA:41,2616
DA:42,324
DA:45,12
DA:47,108
DA:48,888
DA:49,1528
DA:51,736
DA:52,840
DA:53,324
DA:54,324
DA:55,832
DA:56,12
DA:60,12
DA:62,12
DA:63,12
DA:64,12
DA:65,12
DA:66,12
DA:68,12
DA:70,12
DA:72,12
DA:73,8
DA:75,4
DA:76,12
DA:78,4
DA:80,4
DA:81,4
DA:82,4
DA:83,4
LF:51
LH:51
end_of_record
TN:
SF:/Users/mac/rustmap-clone/c-code/rosseta-125/99_bottles_of_beer/main.c
FN:7,27,main
FNDA:4,main
FNF:1
FNH:1
DA:7,4
DA:11,392
DA:12,388
DA:15,388
DA:17,4
DA:27,4
LF:6
LH:6
end_of_record
TN:
SF:/Users/mac/rustmap-clone/c-code/rosseta-125/almost_prime/main.c
FN:13,29,main
FN:3,10,kprime
FNDA:4,main
FNDA:1436,kprime
FNF:2
FNH:2
DA:3,1436
DA:5,1436
DA:6,6068
DA:7,6856
DA:8,2224
DA:10,1436
DA:13,4
DA:17,24
DA:18,20
DA:20,1456
DA:21,1636
DA:22,200
DA:23,200
DA:24,200
DA:26,20
DA:27,20
DA:29,4
LF:17
LH:17
end_of_record
TN:
SF:/Users/mac/rustmap-clone/c-code/rosseta-125/approximate_equility/main.c
FN:14,23,main
FN:5,6,approxEquals
FN:9,12,test
FNDA:4,main
FNDA:32,approxEquals
FNDA:32,test
FNF:3
FNH:3
DA:5,32
DA:6,32
DA:9,32
DA:10,32
DA:11,32
DA:12,32
DA:14,4
DA:15,4
DA:16,4
DA:17,4
DA:18,4
DA:19,4
DA:20,4
DA:21,4
DA:22,4
DA:23,4
LF:16
LH:16
end_of_record
TN:
SF:/Users/mac/rustmap-clone/c-code/rosseta-125/arithmetic_mean/main.c
FN:12,23,main
FN:3,9,mean
FNDA:4,main
FNDA:24,mean
FNF:2
FNH:2
DA:3,24
DA:5,24
DA:7,84
DA:8,60
DA:9,24
DA:12,4
DA:14,4
DA:16,28
DA:17,24
DA:18,84
DA:19,60
DA:20,24
DA:21,24
DA:23,4
LF:14
LH:14
end_of_record
TN:
SF:/Users/mac/rustmap-clone/c-code/rosseta-125/array_concatenation/main.c
FN:20,30,main
FN:8,14,array_concat
FNDA:4,main
FNDA:4,array_concat
FNF:2
FNH:2
DA:8,4
DA:11,4
DA:12,4
DA:13,4
DA:14,4
DA:20,4
DA:24,4
DA:26,44
DA:27,40
DA:29,4
DA:30,4
LF:11
LH:11
end_of_record
TN:
SF:/Users/mac/rustmap-clone/c-code/rosseta-125/array_length/main.c
FN:3,20,main
FNDA:4,main
FNF:1
FNH:1
DA:3,4
DA:5,4
DA:16,4
DA:18,4
DA:20,4
LF:5
LH:5
end_of_record
TN:
SF:/Users/mac/rustmap-clone/c-code/rosseta-125/attractive_numbers/main.c
FN:23,37,count_prime_factors
FN:39,50,main
FN:9,21,is_prime
FNDA:480,count_prime_factors
FNDA:4,main
FNDA:1644,is_prime
FNF:3
FNH:3
DA:9,1644
DA:10,1644
DA:11,1644
DA:12,1520
DA:13,840
DA:14,628
DA:15,204
DA:16,152
DA:17,152
DA:18,132
DA:20,424
DA:21,1644
DA:23,480
DA:24,480
DA:25,480
DA:26,476
DA:27,1336
DA:28,1336
DA:29,1044
DA:30,1044
DA:31,1044
DA:32,688
DA:33,688
DA:34,292
DA:35,200
DA:37,480
DA:39,4
DA:40,4
DA:41,4
DA:42,484
DA:43,480
DA:44,480
DA:45,296
DA:46,296
DA:47,296
DA:48,480
DA:49,4
DA:50,4
LF:38
LH:38
end_of_record
TN:
SF:/Users/mac/rustmap-clone/c-code/rosseta-125/bell_numbers/main.c
FN:13,16,setBell
FN:18,32,bellTriangle
FN:35,55,main
FN:4,5,bellIndex
FN:8,10,getBell
FNDA:480,setBell
FNDA:4,bellTriangle
FNDA:4,main
FNDA:1656,bellIndex
FNDA:1176,getBell
FNF:5
FNH:5
DA:4,1656
DA:5,1656
DA:8,1176
DA:9,1176
DA:10,1176
DA:13,480
DA:14,480
DA:15,480
DA:16,480
DA:18,4
DA:19,4
DA:20,4
DA:23,4
DA:24,60
DA:25,56
DA:26,476
DA:27,420
DA:28,420
DA:29,420
DA:30,56
DA:32,4
DA:35,4
DA:36,4
DA:37,4
DA:40,4
DA:41,64
DA:42,60
DA:43,60
DA:45,4
DA:46,44
DA:47,40
DA:48,220
DA:49,180
DA:50,180
DA:51,40
DA:52,40
DA:54,4
DA:55,4
LF:38
LH:38
end_of_record
TN:
SF:/Users/mac/rustmap-clone/c-code/rosseta-125/binary_search/main.c
FN:20,34,bsearch_r
FN:3,18,bsearch
FN:36,45,main
FNDA:20,bsearch_r
FNDA:4,bsearch
FNDA:4,main
FNF:3
FNH:3
DA:3,4
DA:4,4
DA:5,4
DA:6,4
DA:7,4
DA:8,4
DA:10,0
DA:11,0
DA:12,0
DA:14,0
DA:17,0
DA:18,4
DA:20,20
DA:21,20
DA:22,4
DA:24,16
DA:25,16
DA:26,0
DA:28,16
DA:29,8
DA:32,8
DA:34,20
DA:36,4
DA:37,4
DA:38,4
DA:39,4
DA:40,4
DA:41,4
DA:42,4
DA:43,4
DA:44,4
DA:45,4
LF:32
LH:26
end_of_record
TN:
SF:/Users/mac/rustmap-clone/c-code/rosseta-125/box_the_compass/main.c
FN:3,52,main
FNDA:4,main
FNF:1
FNH:1
DA:3,4
DA:6,4
DA:11,4
DA:45,136
DA:46,132
DA:48,264
DA:49,132
DA:50,132
DA:52,4
LF:9
LH:9
end_of_record
TN:
SF:/Users/mac/rustmap-clone/c-code/rosseta-125/carmichael_3_strong_pseudoprimes/main.c
FN:24,40,carmichael3
FN:42,47,main
FN:7,22,is_prime
FNDA:240,carmichael3
FNDA:4,main
FNDA:3972,is_prime
FNF:3
FNH:3
DA:7,3972
DA:9,3972
DA:10,8
DA:12,3964
DA:13,1000
DA:17,9136
DA:18,7444
DA:19,1272
DA:20,1692
DA:22,3972
DA:24,240
DA:26,240
DA:29,2004
DA:30,119856
DA:31,117924
DA:32,2548
DA:33,2548
DA:34,1184
DA:35,1184
DA:36,276
DA:37,276
DA:38,115652
DA:39,1932
DA:40,240
DA:42,4
DA:45,244
DA:46,240
DA:47,4
LF:28
LH:28
end_of_record
TN:
SF:/Users/mac/rustmap-clone/c-code/rosseta-125/casting_out_nines/main.c
FN:4,20,main
FNDA:4,main
FNF:1
FNH:1
DA:4,4
DA:5,4
DA:6,4
DA:7,4
DA:8,4
DA:11,400
DA:12,396
DA:13,396
DA:14,88
DA:15,88
DA:16,88
DA:17,396
DA:19,4
DA:20,4
LF:14
LH:14
end_of_record
TN:
SF:/Users/mac/rustmap-clone/c-code/rosseta-125/catalan_numbers/main.c
FN:18,19,catalan1
FN:22,28,catalan2
FN:31,33,catalan3
FN:36,45,main
FN:5,15,binomial
FNDA:64,catalan1
FNDA:86093440,catalan2
FNDA:544,catalan3
FNDA:4,main
FNDA:64,binomial
FNF:5
FNH:5
DA:5,64
DA:7,64
DA:8,64
DA:10,544
DA:11,480
DA:12,900
DA:15,64
DA:18,64
DA:19,64
DA:22,86093440
DA:24,86093440
DA:26,129140128
DA:27,43046688
DA:28,86093440
DA:31,544
DA:33,544
DA:36,4
DA:39,4
DA:40,68
DA:41,128
DA:42,64
DA:43,64
DA:45,4
LF:23
LH:23
end_of_record
TN:
SF:/Users/mac/rustmap-clone/c-code/rosseta-125/catamorphism/main.c
FN:13,13,add
FN:14,14,sub
FN:15,15,mul
FN:17,23,main
FN:5,10,reduce
FNDA:16,add
FNDA:16,sub
FNDA:16,mul
FNDA:4,main
FNDA:12,reduce
FNF:5
FNH:5
DA:5,12
DA:7,12
DA:8,60
DA:9,48
DA:10,12
DA:13,16
DA:14,16
DA:15,16
DA:17,4
DA:19,4
DA:20,4
DA:21,4
DA:22,4
DA:23,4
LF:14
LH:14
end_of_record
TN:
SF:/Users/mac/rustmap-clone/c-code/rosseta-125/chaocipher/main.c
FN:14,56,chao
FN:58,71,main
FNDA:8,chao
FNDA:4,main
FNF:2
FNH:2
DA:14,8
DA:17,8
DA:19,8
DA:20,8
DA:21,8
DA:23,224
DA:24,224
DA:25,224
DA:26,112
DA:27,112
DA:28,112
DA:30,112
DA:31,112
DA:33,224
DA:37,2896
DA:38,3152
DA:39,216
DA:40,2808
DA:41,216
DA:42,216
DA:46,2896
DA:47,3152
DA:48,216
DA:49,5616
DA:50,216
DA:51,216
DA:52,2592
DA:53,216
DA:54,216
DA:55,216
DA:56,8
DA:58,4
DA:59,4
DA:60,4
DA:61,4
DA:62,4
DA:63,4
DA:65,4
DA:66,4
DA:67,4
DA:68,4
DA:69,4
DA:70,4
DA:71,4
LF:44
LH:44
end_of_record
TN:
SF:/Users/mac/rustmap-clone/c-code/rosseta-125/character_codes/main.c
FN:3,6,main
FNDA:4,main
FNF:1
FNH:1
DA:3,4
DA:4,4
DA:5,4
DA:6,4
LF:4
LH:4
end_of_record
TN:
SF:/Users/mac/rustmap-clone/c-code/rosseta-125/chinese_remainder_theorem/main.c
FN:17,28,chinese_remainder
FN:3,15,mul_inv
FN:31,37,main
FNDA:4,chinese_remainder
FNDA:12,mul_inv
FNDA:4,main
FNF:3
FNH:3
DA:3,12
DA:5,12
DA:6,12
DA:7,12
DA:8,40
DA:9,28
DA:10,28
DA:11,28
DA:13,12
DA:14,12
DA:15,12
DA:17,4
DA:19,4
DA:21,16
DA:23,16
DA:24,12
DA:25,12
DA:26,12
DA:28,4
DA:31,4
DA:33,4
DA:34,4
DA:36,4
DA:37,4
LF:24
LH:24
end_of_record
TN:
SF:/Users/mac/rustmap-clone/c-code/rosseta-125/chinese_zodiac/main.c
FN:12,13,getAnimal
FN:16,22,getYY
FN:24,34,main
FN:7,9,getElement
FNDA:24,getAnimal
FNDA:24,getYY
FNDA:4,main
FNDA:24,getElement
FNF:4
FNH:4
DA:7,24
DA:8,24
DA:9,24
DA:12,24
DA:13,24
DA:16,24
DA:17,24
DA:18,16
DA:20,8
DA:22,24
DA:24,4
DA:25,4
DA:29,28
DA:30,24
DA:31,24
DA:32,24
DA:34,4
LF:17
LH:17
end_of_record
TN:
SF:/Users/mac/rustmap-clone/c-code/rosseta-125/cholesky_decomposition/main.c
FN:23,29,show_matrix
FN:31,50,main
FN:5,20,cholesky
FNDA:8,show_matrix
FNDA:4,main
FNDA:8,cholesky
FNF:3
FNH:3
DA:5,8
DA:6,8
DA:7,8
DA:8,0
DA:10,36
DA:11,92
DA:12,64
DA:13,120
DA:14,56
DA:15,64
DA:16,28
DA:17,36
DA:18,92
DA:20,8
DA:23,8
DA:24,36
DA:25,128
DA:26,100
DA:27,28
DA:28,28
DA:29,8
DA:31,4
DA:32,4
DA:33,4
DA:36,4
DA:37,4
DA:38,4
DA:39,4
DA:41,4
DA:42,4
DA:46,4
DA:47,4
DA:48,4
DA:50,4
LF:34
LH:33
end_of_record
TN:
SF:/Users/mac/rustmap-clone/c-code/rosseta-125/circles_of_given_radius_through_two_points/main.c
FN:13,40,findCircles
FN:42,62,main
FN:8,10,distance
FNDA:20,findCircles
FNDA:4,main
FNDA:20,distance
FNF:3
FNH:3
DA:8,20
DA:10,20
DA:13,20
DA:15,20
DA:17,20
DA:19,8
DA:20,4
DA:21,8
DA:23,12
DA:25,4
DA:26,4
DA:28,8
DA:30,4
DA:31,4
DA:35,4
DA:37,4
DA:38,4
DA:40,20
DA:42,4
DA:46,4
DA:54,4
DA:56,24
DA:58,20
DA:59,20
DA:60,20
DA:62,4
LF:26
LH:26
end_of_record
TN:
SF:/Users/mac/rustmap-clone/c-code/rosseta-125/combinations/main.c
FN:25,28,main
FN:8,23,comb
FNDA:4,main
FNDA:156,comb
FNF:2
FNH:2
DA:8,156
DA:10,156
DA:12,116
DA:15,240
DA:16,200
DA:17,40
DA:18,40
DA:21,76
DA:22,76
DA:23,156
DA:25,4
DA:27,4
DA:28,4
LF:13
LH:13
end_of_record
TN:
SF:/Users/mac/rustmap-clone/c-code/rosseta-125/comma_quibbling/main.c
FN:41,52,main
FN:5,38,quib
FNDA:4,main
FNDA:20,quib
FNF:2
FNH:2
DA:5,20
DA:8,20
DA:11,60
DA:12,40
DA:14,20
DA:15,20
DA:17,0
DA:18,0
DA:21,20
DA:22,20
DA:23,4
DA:24,4
DA:25,4
DA:26,36
DA:28,24
DA:29,24
DA:30,12
DA:32,12
DA:33,24
DA:34,12
DA:35,12
DA:37,20
DA:38,20
DA:41,4
DA:43,4
DA:46,24
DA:48,20
DA:49,20
DA:50,20
DA:51,20
DA:52,4
LF:31
LH:29
end_of_record
TN:
SF:/Users/mac/rustmap-clone/c-code/rosseta-125/command_line_arguments/main.c
FN:4,10,main
FNDA:4,main
FNF:1
FNH:1
DA:4,4
DA:7,4
DA:8,4
DA:9,0
DA:10,4
LF:5
LH:4
end_of_record
TN:
SF:/Users/mac/rustmap-clone/c-code/rosseta-125/compile_time_calculation/main.c
FN:3,6,main
FNDA:4,main
FNF:1
FNH:1
DA:3,4
DA:5,4
DA:6,4
LF:3
LH:3
end_of_record
TN:
SF:/Users/mac/rustmap-clone/c-code/rosseta-125/count_in_factors/main.c
FN:47,78,main
FN:6,44,get_prime
FNDA:4,main
FNDA:20896,get_prime
FNF:2
FNH:2
DA:6,20896
DA:13,20896
DA:15,44
DA:17,4
DA:18,4
DA:19,4
DA:20,44
DA:22,4
DA:23,4
DA:24,4
DA:25,4
DA:27,44
DA:28,112
DA:30,68
DA:31,188
DA:33,188
DA:34,188
DA:36,40
DA:37,40
DA:39,148
DA:40,28
DA:41,120
DA:43,44
DA:44,20896
DA:47,4
DA:52,4000
DA:54,3996
DA:56,20896
DA:58,20896
DA:59,28736
DA:61,7840
DA:62,7840
DA:63,4516
DA:64,7840
DA:65,7840
DA:67,20896
DA:68,3996
DA:69,16900
DA:71,3996
DA:72,672
DA:73,3324
DA:74,2976
DA:76,348
DA:77,3996
DA:78,4
LF:45
LH:45
end_of_record
TN:
SF:/Users/mac/rustmap-clone/c-code/rosseta-125/cramers_rule/main.c
FN:10,21,init_square_matrix
FN:24,34,copy_square_matrix
FN:37,72,det
FN:74,78,deinit_square_matrix
FN:80,88,cramer_solve
FN:91,111,main
FNDA:4,init_square_matrix
FNDA:20,copy_square_matrix
FNDA:20,det
FNDA:24,deinit_square_matrix
FNDA:16,cramer_solve
FNDA:4,main
FNF:6
FNH:6
DA:10,4
DA:11,12
DA:12,4
DA:13,4
DA:15,20
DA:16,16
DA:17,80
DA:18,64
DA:19,16
DA:21,4
DA:24,20
DA:26,20
DA:27,20
DA:28,100
DA:29,80
DA:30,400
DA:31,320
DA:32,80
DA:34,20
DA:37,20
DA:38,20
DA:40,100
DA:41,80
DA:42,280
DA:43,272
DA:44,72
DA:46,80
DA:47,260
DA:48,208
DA:49,208
DA:50,208
DA:51,208
DA:53,52
DA:54,52
DA:56,80
DA:57,0
DA:58,0
DA:61,200
DA:62,120
DA:63,600
DA:64,480
DA:65,120
DA:66,80
DA:68,100
DA:69,80
DA:71,20
DA:72,20
DA:74,24
DA:75,120
DA:76,96
DA:77,24
DA:78,24
DA:80,16
DA:81,16
DA:82,80
DA:83,64
DA:85,16
DA:86,16
DA:88,16
DA:91,4
DA:93,4
DA:99,4
DA:101,4
DA:102,4
DA:103,4
DA:105,4
DA:107,20
DA:108,16
DA:110,4
DA:111,4
LF:70
LH:68
end_of_record
TN:
SF:/Users/mac/rustmap-clone/c-code/rosseta-125/crc32/main.c
FN:42,47,main
FN:6,38,rc_crc32
FNDA:4,main
FNDA:4,rc_crc32
FNF:2
FNH:2
DA:6,4
DA:16,4
DA:18,1028
DA:19,1024
DA:20,9216
DA:21,8192
DA:22,4096
DA:23,4096
DA:24,4096
DA:25,4096
DA:26,8192
DA:27,1024
DA:28,1024
DA:29,4
DA:30,4
DA:32,4
DA:33,4
DA:34,176
DA:35,172
DA:36,172
DA:37,172
DA:38,4
DA:42,4
DA:44,4
DA:45,4
DA:47,4
LF:26
LH:26
end_of_record
TN:
SF:/Users/mac/rustmap-clone/c-code/rosseta-125/damm_algorithm/main.c
FN:26,29,main
FN:5,23,damm
FNDA:4,main
FNDA:4,damm
FNF:2
FNH:2
DA:5,4
DA:19,4
DA:20,20
DA:21,16
DA:22,16
DA:23,4
DA:26,4
DA:27,4
DA:28,4
DA:29,4
LF:10
LH:10
end_of_record
TN:
SF:/Users/mac/rustmap-clone/c-code/rosseta-125/department_number/main.c
FN:3,20,main
FNDA:4,main
FNF:1
FNH:1
DA:3,4
DA:7,4
DA:8,4
DA:10,16
DA:11,96
DA:12,672
DA:13,588
DA:14,56
DA:15,56
DA:16,588
DA:17,84
DA:18,12
DA:20,4
LF:13
LH:13
end_of_record
TN:
SF:/Users/mac/rustmap-clone/c-code/rosseta-125/dice_game_probabilities/main.c
FN:14,15,min
FN:18,26,throw_die
FN:28,49,beating_probability
FN:51,54,main
FN:7,11,ipow
FNDA:10204,min
FNDA:2615520,throw_die
FNDA:8,beating_probability
FNDA:4,main
FNDA:16,ipow
FNF:5
FNH:5
DA:7,16
DA:8,16
DA:9,120
DA:10,104
DA:11,16
DA:14,10204
DA:15,10204
DA:18,2615520
DA:19,2615520
DA:20,2105796
DA:21,2105796
DA:24,3125228
DA:25,2615504
DA:26,2615520
DA:28,8
DA:30,8
DA:31,8
DA:32,408
DA:33,400
DA:34,8
DA:36,8
DA:37,8
DA:38,368
DA:39,360
DA:40,8
DA:42,8
DA:44,8
DA:45,408
DA:46,10204
DA:47,10204
DA:48,8
DA:49,8
DA:51,4
DA:52,4
DA:53,4
DA:54,4
LF:36
LH:36
end_of_record
TN:
SF:/Users/mac/rustmap-clone/c-code/rosseta-125/dot_product/main.c
FN:18,27,dot_product
FN:7,14,main
FNDA:4,dot_product
FNDA:4,main
FNF:2
FNH:2
DA:7,4
DA:9,4
DA:10,4
DA:12,4
DA:14,4
DA:18,4
DA:20,4
DA:23,16
DA:24,12
DA:25,12
DA:27,4
LF:11
LH:11
end_of_record
TN:
SF:/Users/mac/rustmap-clone/c-code/rosseta-125/draw_a_sphere/main.c
FN:10,14,normalize
FN:16,19,dot
FN:22,47,draw_sphere
FN:50,56,main
FNDA:12580,normalize
FNDA:12576,dot
FNDA:8,draw_sphere
FNDA:4,main
FNF:4
FNH:4
DA:10,12580
DA:12,12580
DA:13,12580
DA:14,12580
DA:16,12576
DA:18,12576
DA:19,12576
DA:22,8
DA:27,256
DA:28,248
DA:29,16976
DA:30,16728
DA:31,16728
DA:32,12576
DA:33,12576
DA:34,12576
DA:35,12576
DA:36,12576
DA:37,12576
DA:38,12576
DA:39,12576
DA:40,0
DA:41,12576
DA:42,12576
DA:43,4152
DA:44,16728
DA:45,248
DA:46,248
DA:47,8
DA:50,4
DA:52,4
DA:53,4
DA:54,4
DA:56,4
LF:34
LH:33
end_of_record
TN:
SF:/Users/mac/rustmap-clone/c-code/rosseta-125/emirp_primes/main.c
FN:14,19,reverse
FN:22,25,is_emirp
FN:28,51,main
FN:4,12,is_prime
FNDA:760,reverse
FNDA:760,is_emirp
FNDA:4,main
FNDA:916,is_prime
FNF:4
FNH:4
DA:4,916
DA:6,916
DA:7,596
DA:8,1604
DA:9,1272
DA:10,264
DA:11,332
DA:12,916
DA:14,760
DA:17,2860
DA:18,2100
DA:19,760
DA:22,760
DA:24,760
DA:25,760
DA:28,4
DA:30,4
DA:31,4
DA:32,764
DA:33,840
DA:34,80
DA:35,4
DA:37,0
DA:38,0
DA:39,0
DA:40,0
DA:43,0
DA:44,0
DA:45,0
DA:46,0
DA:48,0
DA:50,4
DA:51,4
LF:33
LH:24
end_of_record
TN:
SF:/Users/mac/rustmap-clone/c-code/rosseta-125/euler_method/main.c
FN:19,29,analytic
FN:31,33,cooling
FN:36,43,main
FN:7,17,ivp_euler
FNDA:4,analytic
FNDA:332,cooling
FNDA:4,main
FNDA:12,ivp_euler
FNF:4
FNH:4
DA:7,12
DA:9,12
DA:11,12
DA:12,12
DA:13,332
DA:14,332
DA:15,332
DA:16,12
DA:17,12
DA:19,4
DA:22,4
DA:23,48
DA:24,4
DA:26,48
DA:27,44
DA:28,4
DA:29,4
DA:31,332
DA:33,332
DA:36,4
DA:38,4
DA:39,4
DA:40,4
DA:41,4
DA:43,4
LF:25
LH:25
end_of_record
TN:
SF:/Users/mac/rustmap-clone/c-code/rosseta-125/evaluate_binomial_coefficients/main.c
FN:15,36,binomial
FN:38,42,main
FN:6,12,gcd_ui
FNDA:12,binomial
FNDA:4,main
FNDA:64,gcd_ui
FNF:3
FNH:3
DA:6,64
DA:8,64
DA:9,292
DA:10,228
DA:12,64
DA:15,12
DA:16,12
DA:17,12
DA:18,12
DA:19,12
DA:20,12
DA:21,220
DA:22,208
DA:24,32
DA:25,32
DA:26,32
DA:27,32
DA:28,32
DA:29,32
DA:30,32
DA:31,176
DA:32,176
DA:34,208
DA:35,12
DA:36,12
DA:38,4
DA:39,4
DA:40,4
DA:41,4
DA:42,4
LF:30
LH:30
end_of_record
TN:
SF:/Users/mac/rustmap-clone/c-code/rosseta-125/exponential/main.c
FN:11,13,seq_next
FN:21,23,power_next
FN:26,33,power_seq
FN:41,51,filter_next
FN:54,61,filter_seq
FN:64,73,main
FNDA:304,seq_next
FNDA:184,power_next
FNDA:8,power_seq
FNDA:120,filter_next
FNDA:4,filter_seq
FNDA:4,main
FNF:6
FNH:6
DA:11,304
DA:13,304
DA:21,184
DA:23,184
DA:26,8
DA:28,8
DA:29,8
DA:30,8
DA:31,8
DA:32,8
DA:33,8
DA:41,120
DA:43,120
DA:45,120
DA:46,136
DA:47,184
DA:48,48
DA:49,136
DA:51,120
DA:54,4
DA:56,4
DA:57,4
DA:58,4
DA:59,4
DA:60,4
DA:61,4
DA:64,4
DA:67,4
DA:69,84
DA:70,44
DA:71,40
DA:73,4
LF:32
LH:32
end_of_record
TN:
SF:/Users/mac/rustmap-clone/c-code/rosseta-125/extreme_floating_point_values/main.c
FN:3,30,main
FNDA:4,main
FNF:1
FNH:1
DA:3,4
DA:5,4
DA:6,4
DA:7,4
DA:8,4
DA:10,4
DA:11,4
DA:12,4
DA:13,4
DA:17,4
DA:18,4
DA:19,4
DA:20,4
DA:21,4
DA:22,4
DA:23,4
DA:27,4
DA:28,4
DA:30,4
LF:19
LH:19
end_of_record
TN:
SF:/Users/mac/rustmap-clone/c-code/rosseta-125/fairshare_between_two_and_more/main.c
FN:17,28,fairshare
FN:30,81,turnCount
FN:5,14,turn
FN:83,97,main
FNDA:16,fairshare
FNDA:20,turnCount
FNDA:1000400,turn
FNDA:4,main
FNF:4
FNH:4
DA:5,1000400
DA:7,1000400
DA:8,2449140
DA:10,1448740
DA:11,1448740
DA:12,1448740
DA:14,1000400
DA:17,16
DA:21,16
DA:22,416
DA:24,400
DA:25,400
DA:26,400
DA:27,16
DA:28,16
DA:30,20
DA:32,20
DA:35,20
DA:37,0
DA:38,0
DA:41,1000020
DA:43,1000000
DA:44,1000000
DA:45,1000000
DA:47,20
DA:48,20
DA:49,20
DA:50,606292
DA:52,606272
DA:54,606268
DA:55,606268
DA:56,606272
DA:58,28
DA:59,28
DA:60,606272
DA:62,28
DA:63,28
DA:64,606272
DA:66,20
DA:67,20
DA:69,4
DA:70,4
DA:71,16
DA:73,4
DA:74,4
DA:77,12
DA:80,20
DA:81,20
DA:83,4
DA:85,4
DA:86,4
DA:87,4
DA:88,4
DA:90,4
DA:91,4
DA:92,4
DA:93,4
DA:94,4
DA:95,4
DA:97,4
LF:60
LH:58
end_of_record
TN:
SF:/Users/mac/rustmap-clone/c-code/rosseta-125/farey_sequence/main.c
FN:25,45,farey_len
FN:47,60,main
FN:5,19,farey
FNDA:3693596,farey_len
FNDA:4,main
FNDA:44,farey
FNF:3
FNH:3
DA:5,44
DA:8,44
DA:11,44
DA:12,708
DA:13,664
DA:14,664
DA:15,664
DA:18,44
DA:19,44
DA:25,3693596
DA:27,3693596
DA:28,20
DA:29,20
DA:30,100
DA:31,20
DA:32,20
DA:33,3693596
DA:34,3668304
DA:36,25292
DA:37,25292
DA:38,3718844
DA:39,3693552
DA:40,3693552
DA:41,3693552
DA:43,25292
DA:44,25292
DA:45,3693596
DA:47,4
DA:50,48
DA:51,44
DA:52,44
DA:53,44
DA:55,44
DA:56,40
DA:58,4
DA:59,4
DA:60,4
LF:37
LH:37
end_of_record
TN:
SF:/Users/mac/rustmap-clone/c-code/rosseta-125/fibonacci_n_step_number_sequences/main.c
FN:29,42,main
FN:8,25,anynacci
FNDA:3,main
FNDA:12,anynacci
FNF:2
FNH:2
DA:8,12
DA:10,12
DA:13,45
DA:14,12
DA:16,45
DA:17,33
DA:19,99
DA:21,87
DA:22,318
DA:23,231
DA:24,87
DA:25,12
DA:29,3
DA:31,3
DA:32,3
DA:33,3
DA:36,3
DA:38,33
DA:39,60
DA:40,30
DA:42,3
LF:21
LH:21
end_of_record
TN:
SF:/Users/mac/rustmap-clone/c-code/rosseta-125/fibonacci_word/main.c
FN:15,27,calculate_entropy
FN:30,51,print_entropy
FN:53,68,print_word
FN:6,13,print_headings
FN:70,96,main
FNDA:111,calculate_entropy
FNDA:111,print_entropy
FNDA:111,print_word
FNDA:3,print_headings
FNDA:3,main
FNF:5
FNH:5
DA:6,3
DA:8,3
DA:9,3
DA:10,3
DA:11,3
DA:12,3
DA:13,3
DA:15,111
DA:17,111
DA:19,111
DA:20,111
DA:21,111
DA:23,111
DA:24,6
DA:25,6
DA:27,111
DA:30,111
DA:32,111
DA:33,111
DA:36,189738066
DA:37,189737955
DA:39,189737955
DA:41,117264504
DA:42,117264504
DA:44,72473451
DA:45,72473451
DA:47,189737955
DA:49,111
DA:50,111
DA:51,111
DA:53,111
DA:55,111
DA:57,111
DA:59,111
DA:61,111
DA:62,27
DA:63,27
DA:64,84
DA:67,111
DA:68,111
DA:70,3
DA:72,3
DA:74,3
DA:75,3
DA:77,3
DA:78,3
DA:80,3
DA:82,111
DA:83,108
DA:85,108
DA:86,108
DA:87,108
DA:89,108
DA:90,108
DA:91,108
DA:92,108
DA:94,3
DA:95,3
DA:96,3
LF:59
LH:59
end_of_record
TN:
SF:/Users/mac/rustmap-clone/c-code/rosseta-125/floyds_triangle/main.c
FN:3,53,t
FN:55,61,main
FNDA:6,t
FNDA:3,main
FNF:2
FNH:2
DA:3,6
DA:7,6
DA:8,15
DA:9,6
DA:49,63
DA:50,417
DA:51,417
DA:53,6
DA:55,3
DA:57,3
DA:61,3
LF:11
LH:11
end_of_record
TN:
SF:/Users/mac/rustmap-clone/c-code/rosseta-125/formatted_numeric_output/main.c
FN:2,10,main
FNDA:3,main
FNF:1
FNH:1
DA:2,3
DA:3,3
DA:4,3
DA:5,3
DA:6,3
DA:7,3
DA:8,3
DA:9,3
DA:10,3
LF:9
LH:9
end_of_record
TN:
SF:/Users/mac/rustmap-clone/c-code/rosseta-125/function_composition/main.c
FN:18,19,compose_call
FN:23,29,compose
FN:38,39,sin_call
FN:41,42,asin_call
FN:49,63,main
FNDA:3,compose_call
FNDA:3,compose
FNDA:3,sin_call
FNDA:3,asin_call
FNDA:3,main
FNF:5
FNH:5
DA:18,3
DA:19,3
DA:23,3
DA:25,3
DA:26,3
DA:27,3
DA:28,3
DA:29,3
DA:38,3
DA:39,3
DA:41,3
DA:42,3
DA:49,3
DA:50,3
DA:51,3
DA:52,3
DA:53,3
DA:55,3
DA:57,3
DA:59,3
DA:60,3
DA:61,3
DA:63,3
LF:23
LH:23
end_of_record
TN:
SF:/Users/mac/rustmap-clone/c-code/rosseta-125/fusc_sequence/main.c
FN:14,24,numLen
FN:27,44,printLargeFuscs
FN:4,12,fusc
FN:46,54,main
FNDA:0,numLen
FNDA:0,printLargeFuscs
FNDA:3198,fusc
FNDA:3,main
FNF:4
FNH:2
DA:4,3198
DA:6,3198
DA:7,1035
DA:8,2163
DA:9,1311
DA:11,852
DA:12,3198
DA:14,0
DA:16,0
DA:18,0
DA:20,0
DA:21,0
DA:24,0
DA:27,0
DA:29,0
DA:31,0
DA:33,0
DA:35,0
DA:36,0
DA:38,0
DA:40,0
DA:41,0
DA:42,0
DA:43,0
DA:44,0
DA:46,3
DA:50,3
DA:51,186
DA:52,183
DA:54,3
LF:30
LH:12
end_of_record
TN:
SF:/Users/mac/rustmap-clone/c-code/rosseta-125/gaussian_elimination/main.c
FN:21,51,gauss_eliminate
FN:53,72,main
FN:7,19,swap_row
FNDA:3,gauss_eliminate
FNDA:3,main
FNDA:18,swap_row
FNF:3
FNH:3
DA:7,18
DA:12,18
DA:13,84
DA:14,72
DA:15,72
DA:16,72
DA:17,72
DA:18,12
DA:19,18
DA:21,3
DA:27,21
DA:28,18
DA:30,63
DA:31,66
DA:32,21
DA:34,18
DA:36,63
DA:37,45
DA:38,210
DA:39,165
DA:40,45
DA:41,45
DA:42,45
DA:43,18
DA:44,21
DA:45,18
DA:46,63
DA:47,45
DA:48,18
DA:49,18
DA:51,3
DA:53,3
DA:55,3
DA:63,3
DA:67,3
DA:69,21
DA:70,18
DA:72,3
LF:38
LH:38
end_of_record
TN:
SF:/Users/mac/rustmap-clone/c-code/rosseta-125/general_fizzbuzz/main.c
FN:16,37,generic_fizz_buzz
FN:39,52,main
FN:9,13,compare
FNDA:3,generic_fizz_buzz
FNDA:3,main
FNDA:9,compare
FNF:3
FNH:3
DA:9,9
DA:11,9
DA:12,9
DA:13,9
DA:16,3
DA:21,60
DA:22,57
DA:25,228
DA:26,171
DA:27,33
DA:28,33
DA:29,33
DA:30,171
DA:32,57
DA:33,27
DA:35,57
DA:36,57
DA:37,3
DA:39,3
DA:41,3
DA:48,3
DA:51,3
DA:52,3
LF:23
LH:23
end_of_record
TN:
SF:/Users/mac/rustmap-clone/c-code/rosseta-125/generate_random_chess_position/main.c
FN:14,24,placeKings
FN:29,40,placePieces
FN:42,69,toFen
FN:71,78,createFen
FN:80,83,main
FNDA:3,placeKings
FNDA:12,placePieces
FNDA:3,toFen
FNDA:3,createFen
FNDA:3,main
FNF:5
FNH:5
DA:14,3
DA:16,4
DA:17,4
DA:18,4
DA:19,4
DA:20,4
DA:21,4
DA:22,3
DA:23,3
DA:24,3
DA:29,12
DA:31,12
DA:32,56
DA:33,44
DA:34,66
DA:35,66
DA:36,110
DA:37,96
DA:38,44
DA:39,44
DA:40,12
DA:42,3
DA:44,3
DA:45,27
DA:46,216
DA:47,192
DA:48,192
DA:49,192
DA:50,142
DA:51,142
DA:53,50
DA:54,35
DA:55,35
DA:56,35
DA:57,50
DA:59,192
DA:60,24
DA:61,15
DA:62,15
DA:63,15
DA:64,24
DA:65,24
DA:66,24
DA:67,3
DA:68,3
DA:69,3
DA:71,3
DA:72,3
DA:73,3
DA:74,3
DA:75,3
DA:76,3
DA:77,3
DA:78,3
DA:80,3
DA:81,3
DA:82,3
DA:83,3
LF:58
LH:58
end_of_record
TN:
SF:/Users/mac/rustmap-clone/c-code/rosseta-125/gray_code/main.c
FN:1,2,gray_encode
FN:14,21,fmtbool
FN:23,33,main
FN:5,8,gray_decode
FNDA:96,gray_encode
FNDA:288,fmtbool
FNDA:3,main
FNDA:96,gray_decode
FNF:4
FNH:4
DA:1,96
DA:2,96
DA:5,96
DA:6,96
DA:7,390
DA:8,96
DA:14,288
DA:15,288
DA:16,288
DA:17,288
DA:18,1440
DA:19,1440
DA:20,1440
DA:21,288
DA:23,3
DA:27,99
DA:28,96
DA:29,96
DA:30,96
DA:31,96
DA:32,96
DA:33,3
LF:22
LH:22
end_of_record
TN:
SF:/Users/mac/rustmap-clone/c-code/rosseta-125/greatest_subsequential_sum/main.c
FN:36,47,main
FN:7,33,maxSubseq
FNDA:3,main
FNDA:3,maxSubseq
FNF:2
FNH:2
DA:7,3
DA:8,3
DA:9,3
DA:11,36
DA:12,33
DA:13,33
DA:14,6
DA:15,6
DA:16,33
DA:17,12
DA:18,12
DA:19,12
DA:20,12
DA:21,33
DA:24,3
DA:25,3
DA:26,3
DA:27,3
DA:28,3
DA:29,0
DA:30,0
DA:31,0
DA:33,3
DA:36,3
DA:37,3
DA:38,3
DA:40,3
DA:41,3
DA:43,21
DA:44,18
DA:45,3
DA:47,3
LF:32
LH:29
end_of_record
TN:
SF:/Users/mac/rustmap-clone/c-code/rosseta-125/hailstone_sequence/main.c
FN:17,40,main
FN:4,14,hailstone
FNDA:3,main
FNDA:300003,hailstone
FNF:2
FNH:2
DA:4,300003
DA:6,300003
DA:8,32561805
DA:9,32261802
DA:10,32261802
DA:11,32261802
DA:13,300003
DA:14,300003
DA:17,3
DA:19,3
DA:23,300000
DA:24,299997
DA:25,299997
DA:26,105
DA:27,105
DA:28,105
DA:29,299997
DA:30,3
DA:31,3
DA:32,3
DA:34,3
DA:35,3
DA:36,3
DA:37,3
DA:38,3
DA:40,3
LF:26
LH:26
end_of_record
TN:
SF:/Users/mac/rustmap-clone/c-code/rosseta-125/hamming_numbers/main.c
FN:21,35,qpop
FN:38,55,main
FN:9,19,qpush
FNDA:5073,qpop
FNDA:3,main
FNDA:15222,qpush
FNF:3
FNH:3
DA:9,15222
DA:12,15222
DA:13,21
DA:14,21
DA:15,21
DA:17,16566
DA:18,15222
DA:19,15222
DA:21,5073
DA:26,18180
DA:28,111579
DA:29,99621
DA:30,99621
DA:31,98472
DA:33,13107
DA:35,5073
DA:38,3
DA:43,5076
DA:45,5073
DA:46,5073
DA:47,5073
DA:48,5073
DA:50,5073
DA:51,63
DA:52,5073
DA:55,3
LF:26
LH:26
end_of_record
TN:
SF:/Users/mac/rustmap-clone/c-code/rosseta-125/haversine_formula/main.c
FN:19,25,main
FN:7,16,dist
FNDA:3,main
FNDA:3,dist
FNF:2
FNH:2
DA:7,3
DA:10,3
DA:11,3
DA:13,3
DA:14,3
DA:15,3
DA:16,3
DA:19,3
DA:21,3
DA:23,3
DA:25,3
LF:11
LH:11
end_of_record
TN:
SF:/Users/mac/rustmap-clone/c-code/rosseta-125/hofstadter_q_sequence/main.c
FN:5,23,main
FNDA:3,main
FNF:1
FNH:1
DA:5,3
DA:7,3
DA:9,3
DA:11,299997
DA:12,299994
DA:14,33
DA:15,30
DA:17,3
DA:19,300000
DA:20,299997
DA:22,3
DA:23,3
LF:12
LH:12
end_of_record
TN:
SF:/Users/mac/rustmap-clone/c-code/rosseta-125/horners_rule_for_polynomial_evaluation/main.c
FN:16,21,main
FN:3,12,horner
FNDA:3,main
FNDA:3,horner
FNF:2
FNH:2
DA:3,3
DA:6,3
DA:8,15
DA:10,12
DA:11,12
DA:12,3
DA:16,3
DA:18,3
DA:20,3
DA:21,3
LF:10
LH:10
end_of_record
TN:
SF:/Users/mac/rustmap-clone/c-code/rosseta-125/host_introspection/main.c
FN:5,21,main
FNDA:3,main
FNF:1
FNH:1
DA:5,3
DA:6,3
DA:11,3
DA:17,3
DA:18,3
DA:20,0
DA:21,3
LF:7
LH:6
end_of_record
TN:
SF:/Users/mac/rustmap-clone/c-code/rosseta-125/increment_a_numerical_string/main.c
FN:11,46,incr
FN:48,56,string_test
FN:58,69,main
FNDA:24,incr
FNDA:24,string_test
FNDA:3,main
FNF:3
FNH:3
DA:11,24
DA:14,24
DA:15,24
DA:18,24
DA:19,3
DA:20,3
DA:23,21
DA:24,21
DA:27,291
DA:29,21
DA:31,6
DA:32,6
DA:33,24
DA:34,6
DA:35,21
DA:37,135
DA:38,3
DA:39,3
DA:40,132
DA:41,120
DA:42,12
DA:45,21
DA:46,24
DA:48,24
DA:50,24
DA:51,24
DA:53,24
DA:54,24
DA:55,24
DA:56,24
DA:58,3
DA:60,3
DA:61,3
DA:62,3
DA:63,3
DA:64,3
DA:65,3
DA:66,3
DA:67,3
DA:69,3
LF:40
LH:40
end_of_record
TN:
SF:/Users/mac/rustmap-clone/c-code/rosseta-125/infinity/main.c
FN:4,5,inf
FN:8,10,main
FNDA:3,inf
FNDA:3,main
FNF:2
FNH:2
DA:4,3
DA:5,3
DA:8,3
DA:9,3
DA:10,3
LF:5
LH:5
end_of_record
TN:
SF:/Users/mac/rustmap-clone/c-code/rosseta-125/isbn13_check_digit/main.c
FN:25,31,main
FN:3,23,check_isbn13
FNDA:3,main
FNDA:12,check_isbn13
FNF:2
FNH:2
DA:3,12
DA:4,12
DA:6,180
DA:8,168
DA:9,12
DA:10,12
DA:12,156
DA:13,0
DA:15,156
DA:16,72
DA:17,72
DA:18,84
DA:20,156
DA:21,12
DA:22,12
DA:23,12
DA:25,3
DA:27,3
DA:28,15
DA:29,12
DA:30,12
DA:31,3
LF:22
LH:21
end_of_record
TN:
SF:/Users/mac/rustmap-clone/c-code/rosseta-125/iterated_digits_squaring/main.c
FN:18,44,main
FN:5,15,is89
FNDA:3,main
FNDA:47586,is89
FNF:2
FNH:2
DA:5,47586
DA:7,287694
DA:8,287694
DA:9,632421
DA:11,287694
DA:12,247053
DA:13,240108
DA:15,47586
DA:18,3
DA:21,3
DA:23,60
DA:24,51090
DA:25,493740
DA:26,447510
DA:27,447510
DA:28,442710
DA:29,442710
DA:30,51030
DA:32,60
DA:33,47643
DA:34,47586
DA:36,40641
DA:37,3
DA:38,3
DA:40,40638
DA:41,40638
DA:43,57
DA:44,57
LF:28
LH:28
end_of_record
TN:
SF:/Users/mac/rustmap-clone/c-code/rosseta-125/jacobi_symbol/main.c
FN:22,34,print_table
FN:36,38,main
FN:6,20,jacobi
FNDA:3,print_table
FNDA:3,main
FNDA:693,jacobi
FNF:3
FNH:3
DA:6,693
DA:7,693
DA:8,693
DA:9,1512
DA:10,1446
DA:11,627
DA:12,627
DA:14,819
DA:15,819
DA:16,819
DA:18,693
DA:19,147
DA:20,693
DA:22,3
DA:23,3
DA:24,66
DA:25,3
DA:26,66
DA:27,3
DA:28,36
DA:29,33
DA:30,726
DA:31,693
DA:32,33
DA:33,33
DA:34,3
DA:36,3
DA:37,3
DA:38,3
LF:29
LH:29
end_of_record
TN:
SF:/Users/mac/rustmap-clone/c-code/rosseta-125/jortsort/main.c
FN:14,25,convert_array
FN:30,36,isSorted
FN:38,51,main
FN:6,11,number_of_digits
FNDA:3,convert_array
FNDA:3,isSorted
FNDA:3,main
FNDA:0,number_of_digits
FNF:4
FNH:3
DA:6,0
DA:8,0
DA:9,0
DA:10,0
DA:11,0
DA:14,3
DA:16,3
DA:19,3
DA:21,0
DA:22,0
DA:24,0
DA:25,3
DA:30,3
DA:31,3
DA:32,3
DA:33,0
DA:35,0
DA:36,3
DA:38,3
DA:43,3
DA:47,3
DA:48,0
DA:49,0
DA:50,3
DA:51,3
LF:25
LH:13
end_of_record
TN:
SF:/Users/mac/rustmap-clone/c-code/rosseta-125/josephus_problem/main.c
FN:12,26,jos_large
FN:28,43,main
FN:3,7,jos
FNDA:9,jos_large
FNDA:3,main
FNDA:3,jos
FNF:3
FNH:3
DA:3,3
DA:5,126
DA:6,123
DA:7,3
DA:12,9
DA:13,9
DA:15,9
DA:16,3826587
DA:17,3826578
DA:19,3826578
DA:20,3826569
DA:22,3826578
DA:25,9
DA:26,9
DA:28,3
DA:31,3
DA:32,3
DA:33,3
DA:35,3
DA:36,3
DA:37,3
DA:39,12
DA:40,9
DA:41,3
DA:43,3
LF:25
LH:25
end_of_record
TN:
SF:/Users/mac/rustmap-clone/c-code/rosseta-125/knapsack_problem_0_1/main.c
FN:35,62,knapsack
FN:65,77,main
FNDA:3,knapsack
FNDA:3,main
FNF:2
FNH:2
DA:35,3
DA:37,3
DA:38,3
DA:39,3
DA:40,69
DA:41,66
DA:42,26532
DA:43,26466
DA:44,2409
DA:45,2409
DA:47,24057
DA:48,24057
DA:49,24057
DA:51,26466
DA:52,66
DA:53,3
DA:54,69
DA:55,66
DA:56,36
DA:57,36
DA:58,36
DA:59,66
DA:60,3
DA:61,3
DA:62,3
DA:65,3
DA:66,3
DA:67,3
DA:68,3
DA:69,69
DA:70,66
DA:71,36
DA:72,36
DA:73,36
DA:74,36
DA:75,66
DA:76,3
DA:77,3
LF:38
LH:38
end_of_record
TN:
SF:/Users/mac/rustmap-clone/c-code/rosseta-125/knapsack_problem_continuous/main.c
FN:16,20,item_cmp
FN:23,36,main
FNDA:75,item_cmp
FNDA:3,main
FNF:2
FNH:2
DA:16,75
DA:18,75
DA:19,75
DA:20,75
DA:23,3
DA:26,3
DA:28,3
DA:29,18
DA:30,30
DA:31,12
DA:33,3
DA:34,3
DA:36,3
LF:13
LH:13
end_of_record
TN:
SF:/Users/mac/rustmap-clone/c-code/rosseta-125/largest_int_from_concatenated_ints/main.c
FN:13,20,maxcat
FN:22,30,main
FN:5,10,catcmp
FNDA:6,maxcat
FNDA:3,main
FNDA:72,catcmp
FNF:3
FNH:3
DA:5,72
DA:8,72
DA:9,72
DA:10,72
DA:13,6
DA:16,6
DA:17,42
DA:18,36
DA:19,6
DA:20,6
DA:22,3
DA:24,3
DA:25,3
DA:27,3
DA:28,3
DA:30,3
LF:16
LH:16
end_of_record
TN:
SF:/Users/mac/rustmap-clone/c-code/rosseta-125/last_letter_first_letter/main.c
FN:23,43,search
FN:45,80,find_longest_chain
FN:82,112,main
FNDA:15048234,search
FNDA:3,find_longest_chain
FNDA:3,main
FNF:3
FNH:3
DA:23,15048234
DA:24,15048234
DA:25,10767
DA:26,15048234
DA:27,69
DA:28,69
DA:29,69
DA:30,69
DA:33,15048234
DA:34,843095172
DA:35,843094962
DA:36,15048024
DA:37,15048024
DA:38,15048024
DA:39,15048024
DA:40,15048024
DA:41,15048024
DA:42,15048024
DA:43,15048234
DA:45,3
DA:47,3
DA:48,3
DA:51,3
DA:52,3
DA:54,213
DA:55,210
DA:56,210
DA:57,0
DA:58,210
DA:59,210
DA:60,210
DA:61,210
DA:64,213
DA:65,210
DA:66,210
DA:67,210
DA:68,210
DA:69,210
DA:70,210
DA:71,210
DA:73,3
DA:74,3
DA:75,72
DA:76,69
DA:78,3
DA:79,3
DA:80,3
DA:82,3
DA:83,3
DA:97,3
DA:99,3
DA:100,3
DA:101,3
DA:102,3
DA:103,15
DA:104,12
DA:105,81
DA:106,69
DA:107,12
DA:108,12
DA:110,3
DA:112,3
LF:62
LH:61
end_of_record
TN:
SF:/Users/mac/rustmap-clone/c-code/rosseta-125/leap_year/main.c
FN:3,5,is_leap_year
FN:8,15,main
FNDA:15,is_leap_year
FNDA:3,main
FNF:2
FNH:2
DA:3,15
DA:5,15
DA:8,3
DA:10,3
DA:11,18
DA:12,15
DA:13,15
DA:14,15
DA:15,3
LF:9
LH:9
end_of_record
TN:
SF:/Users/mac/rustmap-clone/c-code/rosseta-125/least_common_multiple/main.c
FN:10,12,lcm
FN:15,18,main
FN:3,7,gcd
FNDA:3,lcm
FNDA:3,main
FNDA:3,gcd
FNF:3
FNH:3
DA:3,3
DA:6,12
DA:7,3
DA:10,3
DA:12,3
DA:15,3
DA:17,3
DA:18,3
LF:8
LH:8
end_of_record
TN:
SF:/Users/mac/rustmap-clone/c-code/rosseta-125/levenshtein_distance/main.c
FN:37,44,main
FN:5,35,levenshtein
FNDA:3,main
FNDA:132846195,levenshtein
FNF:2
FNH:2
DA:5,132846195
DA:12,132846195
DA:13,83956734
DA:18,57041586
DA:19,19139283
DA:27,37902303
DA:28,37902303
DA:29,37902303
DA:31,37902303
DA:32,37902303
DA:34,37902303
DA:35,132846195
DA:37,3
DA:39,3
DA:40,3
DA:41,6
DA:42,3
DA:44,3
LF:18
LH:18
end_of_record
TN:
SF:/Users/mac/rustmap-clone/c-code/rosseta-125/loop_over_multiple_arrays_simultaneously/main.c
FN:7,11,main
FNDA:3,main
FNF:1
FNH:1
DA:7,3
DA:8,12
DA:9,9
DA:10,9
DA:11,3
LF:5
LH:5
end_of_record
TN:
SF:/Users/mac/rustmap-clone/c-code/rosseta-125/lu_decomposition/main.c
FN:107,128,main
FN:18,18,mat_zero
FN:21,29,mat_new
FN:33,37,mat_copy
FN:41,41,mat_del
FN:46,56,mat_show
FN:59,63,mat_mul
FN:67,78,mat_pivot
FN:81,102,mat_LU
FNDA:3,main
FNDA:42,mat_zero
FNDA:30,mat_new
FNDA:6,mat_copy
FNDA:30,mat_del
FNDA:24,mat_show
FNDA:6,mat_mul
FNDA:6,mat_pivot
FNDA:6,mat_LU
FNF:9
FNH:9
DA:18,714
DA:21,30
DA:23,30
DA:24,30
DA:26,135
DA:27,30
DA:29,30
DA:33,6
DA:35,6
DA:36,102
DA:37,6
DA:41,30
DA:46,24
DA:48,24
DA:49,108
DA:50,84
DA:51,384
DA:52,300
DA:53,300
DA:54,300
DA:55,84
DA:56,24
DA:59,6
DA:61,6
DA:62,375
DA:63,6
DA:67,6
DA:69,102
DA:70,27
DA:71,21
DA:72,69
DA:73,48
DA:75,21
DA:76,27
DA:77,21
DA:78,6
DA:81,6
DA:83,6
DA:84,6
DA:86,6
DA:88,27
DA:89,102
DA:91,75
DA:92,90
DA:93,48
DA:94,48
DA:95,75
DA:96,90
DA:97,48
DA:98,48
DA:99,96
DA:101,6
DA:102,6
DA:107,3
DA:109,3
DA:112,3
DA:113,3
DA:114,3
DA:115,3
DA:116,3
DA:118,3
DA:120,3
DA:122,3
DA:123,3
DA:124,3
DA:125,3
DA:126,3
DA:128,3
LF:68
LH:68
end_of_record
TN:
SF:/Users/mac/rustmap-clone/c-code/rosseta-125/luhn_test_of_credit_card_numbers/main.c
FN:17,31,main
FN:4,14,luhn
FNDA:3,main
FNDA:12,luhn
FNF:2
FNH:2
DA:4,12
DA:6,12
DA:7,12
DA:9,174
DA:10,162
DA:11,162
DA:12,162
DA:14,12
DA:17,3
DA:19,3
DA:28,15
DA:29,12
DA:31,3
LF:13
LH:13
end_of_record
TN:
SF:/Users/mac/rustmap-clone/c-code/rosseta-125/magic_squares_of_doubly_even_order/main.c
FN:27,35,numDigits
FN:38,49,printMagicSquare
FN:5,25,doublyEvenMagicSquare
FN:51,61,main
FNDA:0,numDigits
FNDA:0,printMagicSquare
FNDA:0,doublyEvenMagicSquare
FNDA:3,main
FNF:4
FNH:1
DA:5,0
DA:6,0
DA:7,0
DA:9,0
DA:10,0
DA:11,0
DA:13,0
DA:15,0
DA:16,0
DA:18,0
DA:19,0
DA:20,0
DA:21,0
DA:22,0
DA:23,0
DA:24,0
DA:25,0
DA:27,0
DA:28,0
DA:30,0
DA:31,0
DA:32,0
DA:35,0
DA:38,0
DA:39,0
DA:41,0
DA:43,0
DA:44,0
DA:45,0
DA:46,0
DA:47,0
DA:48,0
DA:49,0
DA:51,3
DA:55,3
DA:56,3
DA:58,0
DA:59,0
DA:61,3
LF:39
LH:4
end_of_record
TN:
SF:/Users/mac/rustmap-clone/c-code/rosseta-125/magic_squares_of_singly_even_order/main.c
FN:106,116,main
FN:40,81,singlyEvenMagicSquare
FN:5,38,oddMagicSquare
FN:83,91,numDigits
FN:94,104,printMagicSquare
FNDA:3,main
FNDA:0,singlyEvenMagicSquare
FNDA:0,oddMagicSquare
FNDA:0,numDigits
FNDA:0,printMagicSquare
FNF:5
FNH:1
DA:5,0
DA:6,0
DA:7,0
DA:9,0
DA:10,0
DA:11,0
DA:13,0
DA:15,0
DA:16,0
DA:18,0
DA:19,0
DA:20,0
DA:21,0
DA:22,0
DA:23,0
DA:24,0
DA:25,0
DA:27,0
DA:28,0
DA:29,0
DA:30,0
DA:31,0
DA:32,0
DA:33,0
DA:34,0
DA:37,0
DA:38,0
DA:40,0
DA:41,0
DA:42,0
DA:44,0
DA:45,0
DA:46,0
DA:48,0
DA:49,0
DA:50,0
DA:52,0
DA:53,0
DA:55,0
DA:56,0
DA:57,0
DA:58,0
DA:59,0
DA:60,0
DA:61,0
DA:63,0
DA:64,0
DA:66,0
DA:67,0
DA:68,0
DA:69,0
DA:71,0
DA:72,0
DA:74,0
DA:75,0
DA:76,0
DA:77,0
DA:78,0
DA:80,0
DA:81,0
DA:83,0
DA:84,0
DA:86,0
DA:87,0
DA:88,0
DA:91,0
DA:94,0
DA:97,0
DA:98,0
DA:99,0
DA:100,0
DA:101,0
DA:102,0
DA:103,0
DA:104,0
DA:106,3
DA:110,3
DA:111,3
DA:113,0
DA:114,0
DA:116,3
LF:81
LH:4
end_of_record
TN:
SF:/Users/mac/rustmap-clone/c-code/rosseta-125/magnanimous_numbers/main.c
FN:11,24,is_prime
FN:26,48,ord
FN:50,60,is_magnanimous
FN:62,81,list_mags
FN:83,87,main
FNDA:2120547,is_prime
FNDA:12,ord
FNDA:1879803,is_magnanimous
FNDA:9,list_mags
FNDA:3,main
FNF:5
FNH:5
DA:11,2120547
DA:13,2120547
DA:14,2120538
DA:15,1060113
DA:16,746823
DA:17,7466577
DA:18,7223808
DA:19,6923199
DA:20,6923199
DA:21,6719754
DA:23,242769
DA:24,2120547
DA:26,12
DA:28,12
DA:29,12
DA:30,0
DA:31,0
DA:33,12
DA:35,6
DA:36,6
DA:38,0
DA:39,0
DA:41,0
DA:42,0
DA:44,6
DA:45,6
DA:47,12
DA:48,12
DA:50,1879803
DA:52,1879803
DA:53,2120547
DA:54,2120547
DA:55,2120547
DA:56,2120547
DA:57,242829
DA:58,240834
DA:59,1995
DA:60,1879803
DA:62,9
DA:63,9
DA:64,9
DA:66,9
DA:67,3
DA:68,3
DA:69,6
DA:70,6
DA:71,6
DA:73,1879812
DA:74,1879803
DA:75,2085
DA:76,195
DA:77,195
DA:78,195
DA:79,2085
DA:80,1879803
DA:81,9
DA:83,3
DA:84,3
DA:85,3
DA:86,3
DA:87,3
LF:61
LH:55
end_of_record
TN:
SF:/Users/mac/rustmap-clone/c-code/rosseta-125/map_range/main.c
FN:3,5,mapRange
FN:8,18,main
FNDA:33,mapRange
FNDA:3,main
FNF:2
FNH:2
DA:3,33
DA:5,33
DA:8,3
DA:11,3
DA:13,36
DA:15,33
DA:16,33
DA:18,3
LF:8
LH:8
end_of_record
TN:
SF:/Users/mac/rustmap-clone/c-code/rosseta-125/matrix_chain_multiplication/main.c
FN:37,46,print_optimal_chain_order
FN:48,71,main
FN:8,35,optimal_matrix_chain_order
FNDA:147,print_optimal_chain_order
FNDA:3,main
FNDA:9,optimal_matrix_chain_order
FNF:3
FNH:3
DA:8,9
DA:10,9
DA:11,9
DA:12,87
DA:13,78
DA:14,78
DA:16,9
DA:17,87
DA:18,78
DA:19,78
DA:21,78
DA:22,441
DA:23,372
DA:24,372
DA:25,1902
DA:26,1530
DA:27,1530
DA:28,1530
DA:29,726
DA:30,726
DA:31,726
DA:32,1530
DA:33,372
DA:34,69
DA:35,9
DA:37,147
DA:38,147
DA:39,78
DA:41,69
DA:42,69
DA:43,69
DA:44,69
DA:46,147
DA:48,3
DA:50,3
DA:51,3
DA:52,3
DA:53,3
DA:54,3
DA:55,12
DA:56,9
DA:57,9
DA:58,96
DA:59,87
DA:60,87
DA:61,87
DA:62,9
DA:63,9
DA:64,9
DA:65,9
DA:66,87
DA:67,9
DA:68,87
DA:69,9
DA:70,9
DA:71,3
LF:56
LH:56
end_of_record
TN:
SF:/Users/mac/rustmap-clone/c-code/rosseta-125/matrix_transposition/main.c
FN:12,24,main
FN:3,10,transpose
FNDA:3,main
FNDA:3,transpose
FNF:2
FNH:2
DA:3,3
DA:6,3
DA:7,12
DA:8,54
DA:9,54
DA:10,3
DA:12,3
DA:15,3
DA:19,3
DA:21,18
DA:22,60
DA:23,60
DA:24,3
LF:13
LH:13
end_of_record
TN:
SF:/Users/mac/rustmap-clone/c-code/rosseta-125/mcnuggets_problem/main.c
FN:4,34,main
FNDA:3,main
FNF:1
FNH:1
DA:4,3
DA:5,3
DA:7,303
DA:8,825
DA:9,738
DA:10,0
DA:11,0
DA:14,3903
DA:15,3378
DA:16,48
DA:17,48
DA:20,13983
DA:21,10818
DA:22,165
DA:23,165
DA:25,10653
DA:26,3165
DA:27,525
DA:28,87
DA:29,87
DA:32,3
DA:34,3
LF:22
LH:20
end_of_record
TN:
SF:/Users/mac/rustmap-clone/c-code/rosseta-125/mean_angle/main.c
FN:20,29,main
FN:5,16,meanAngle
FNDA:3,main
FNDA:9,meanAngle
FNF:2
FNH:2
DA:5,9
DA:7,9
DA:10,36
DA:12,27
DA:13,27
DA:14,27
DA:16,9
DA:20,3
DA:22,3
DA:23,3
DA:24,3
DA:26,3
DA:27,3
DA:28,3
DA:29,3
LF:15
LH:15
end_of_record
TN:
SF:/Users/mac/rustmap-clone/c-code/rosseta-125/middle_three_digits/main.c
FN:17,30,main
FN:5,15,mid3
FNDA:3,main
FNDA:54,mid3
FNF:2
FNH:2
DA:5,54
DA:9,54
DA:10,54
DA:11,54
DA:12,30
DA:13,30
DA:14,30
DA:15,54
DA:17,3
DA:19,3
DA:25,57
DA:26,54
DA:27,24
DA:28,54
DA:29,54
DA:30,3
LF:16
LH:16
end_of_record
TN:
SF:/Users/mac/rustmap-clone/c-code/rosseta-125/modular_inverse/main.c
FN:17,19,main
FN:3,15,mul_inv
FNDA:3,main
FNDA:3,mul_inv
FNF:2
FNH:2
DA:3,3
DA:5,3
DA:6,3
DA:7,3
DA:8,12
DA:9,9
DA:10,9
DA:11,9
DA:13,3
DA:14,3
DA:15,3
DA:17,3
DA:18,3
DA:19,3
LF:14
LH:14
end_of_record
TN:
SF:/Users/mac/rustmap-clone/c-code/rosseta-125/monty_hall_problem/main.c
FN:7,21,main
FNDA:3,main
FNF:1
FNH:1
DA:7,3
DA:8,3
DA:10,3
DA:11,9000003
DA:12,9000000
DA:13,9000000
DA:14,4497829
DA:15,9000000
DA:18,9000000
DA:19,9000000
DA:20,3
DA:21,3
LF:12
LH:12
end_of_record
TN:
SF:/Users/mac/rustmap-clone/c-code/rosseta-125/multiplication_tables/main.c
FN:3,16,main
FNDA:3,main
FNF:1
FNH:1
DA:3,3
DA:5,3
DA:7,39
DA:8,42
DA:10,39
DA:11,468
DA:12,432
DA:13,36
DA:14,36
DA:16,3
LF:10
LH:10
end_of_record
TN:
SF:/Users/mac/rustmap-clone/c-code/rosseta-125/munchausen_numbers/main.c
FN:4,22,main
FNDA:3,main
FNF:1
FNH:1
DA:4,3
DA:5,15000
DA:8,14997
DA:9,71664
DA:10,56667
DA:13,56667
DA:14,56667
DA:15,14997
DA:19,6
DA:20,6
DA:21,14997
DA:22,3
LF:12
LH:12
end_of_record
TN:
SF:/Users/mac/rustmap-clone/c-code/rosseta-125/mutual_recursion/main.c
FN:10,12,F
FN:15,17,M
FN:20,29,main
FNDA:19902,F
FNDA:19902,M
FNDA:3,main
FNF:3
FNH:3
DA:10,19902
DA:12,19902
DA:15,19902
DA:17,19902
DA:20,3
DA:23,63
DA:24,60
DA:25,3
DA:26,63
DA:27,60
DA:28,3
DA:29,3
LF:12
LH:12
end_of_record
TN:
SF:/Users/mac/rustmap-clone/c-code/rosseta-125/n_plus_one_half/main.c
FN:3,10,main
FNDA:3,main
FNF:1
FNH:1
DA:3,3
DA:6,33
DA:7,30
DA:8,30
DA:9,30
DA:10,3
LF:6
LH:6
end_of_record
TN:
SF:/Users/mac/rustmap-clone/c-code/rosseta-125/n_queens_problem/main.c
FN:26,31,main
FN:5,24,solve
FNDA:3,main
FNDA:6171,solve
FNF:2
FNH:2
DA:5,6171
DA:7,6171
DA:8,276
DA:9,2484
DA:10,19872
DA:11,19872
DA:13,276
DA:17,53055
DA:18,146424
DA:19,47160
DA:21,6168
DA:22,6168
DA:23,6168
DA:24,6171
DA:26,3
DA:28,3
DA:29,3
DA:30,3
DA:31,3
LF:19
LH:19
end_of_record
TN:
SF:/Users/mac/rustmap-clone/c-code/rosseta-125/negative_base_numbers/main.c
FN:45,81,decodeNegativeBase
FN:6,43,encodeNegativeBase
FN:83,94,driver
FN:96,102,main
FNDA:12,decodeNegativeBase
FNDA:12,encodeNegativeBase
FNDA:12,driver
FNDA:3,main
FNF:4
FNH:4
DA:6,12
DA:7,12
DA:9,12
DA:11,0
DA:12,0
DA:14,12
DA:16,0
DA:17,0
DA:21,54
DA:22,42
DA:23,42
DA:24,42
DA:25,12
DA:26,12
DA:27,12
DA:28,42
DA:29,42
DA:31,12
DA:34,12
DA:35,27
DA:36,15
DA:37,15
DA:38,15
DA:39,15
DA:40,15
DA:42,12
DA:43,12
DA:45,12
DA:50,12
DA:52,0
DA:54,12
DA:56,0
DA:60,12
DA:61,54
DA:62,42
DA:66,12
DA:67,12
DA:68,12
DA:69,54
DA:70,153
DA:71,153
DA:72,42
DA:73,42
DA:74,42
DA:76,111
DA:77,42
DA:80,12
DA:81,12
DA:83,12
DA:87,12
DA:88,12
DA:90,12
DA:91,12
DA:93,12
DA:94,12
DA:96,3
DA:97,3
DA:98,3
DA:99,3
DA:100,3
DA:102,3
LF:61
LH:55
end_of_record
TN:
SF:/Users/mac/rustmap-clone/c-code/rosseta-125/next_highest_int_from_digits/main.c
FN:13,16,reverse
FN:18,33,next_permutation
FN:35,41,next_highest_int
FN:43,54,main
FN:7,11,swap
FNDA:18,reverse
FNDA:27,next_permutation
FNDA:24,next_highest_int
FNDA:3,main
FNDA:39,swap
FNF:5
FNH:5
DA:7,39
DA:8,39
DA:9,39
DA:10,39
DA:11,39
DA:13,18
DA:14,39
DA:15,21
DA:16,18
DA:18,27
DA:19,27
DA:20,27
DA:21,6
DA:22,54
DA:23,51
DA:24,51
DA:25,18
DA:26,42
DA:27,18
DA:28,18
DA:29,18
DA:32,3
DA:33,27
DA:35,24
DA:37,24
DA:38,24
DA:39,9
DA:40,15
DA:41,24
DA:43,3
DA:44,3
DA:45,3
DA:46,27
DA:47,24
DA:49,3
DA:51,3
DA:52,3
DA:53,3
DA:54,3
LF:39
LH:39
end_of_record
TN:
SF:/Users/mac/rustmap-clone/c-code/rosseta-125/nimber_arithmetic/main.c
FN:14,15,nimsum
FN:18,32,nimprod
FN:34,48,print_table
FN:4,5,hpo2
FN:50,57,main
FN:8,11,lhpo2
FNDA:771,nimsum
FNDA:17022,nimprod
FNDA:6,print_table
FNDA:30543,hpo2
FNDA:3,main
FNDA:9276,lhpo2
FNF:6
FNH:6
DA:4,30543
DA:5,30543
DA:8,9276
DA:9,9276
DA:10,31221
DA:11,9276
DA:14,771
DA:15,771
DA:18,17022
DA:19,17022
DA:20,5640
DA:21,11382
DA:22,11382
DA:23,4167
DA:24,7215
DA:25,2577
DA:26,4638
DA:27,4638
DA:28,4638
DA:29,1968
DA:30,2670
DA:31,2670
DA:32,17022
DA:34,6
DA:35,6
DA:36,102
DA:37,96
DA:38,6
DA:39,102
DA:40,96
DA:41,6
DA:42,102
DA:43,96
DA:44,1632
DA:45,1536
DA:46,96
DA:47,96
DA:48,6
DA:50,3
DA:51,3
DA:52,3
DA:53,3
DA:54,3
DA:55,3
DA:56,3
DA:57,3
LF:46
LH:46
end_of_record
TN:
SF:/Users/mac/rustmap-clone/c-code/rosseta-125/nth/main.c
FN:23,51,main
FN:3,20,addSuffix
FNDA:3,main
FNDA:204,addSuffix
FNF:2
FNH:2
DA:3,204
DA:5,204
DA:8,204
DA:10,24
DA:11,24
DA:12,24
DA:13,24
DA:14,24
DA:15,24
DA:16,132
DA:17,132
DA:19,204
DA:20,204
DA:23,3
DA:27,3
DA:28,81
DA:31,78
DA:32,78
DA:33,3
DA:35,3
DA:36,51
DA:39,48
DA:40,48
DA:41,3
DA:43,3
DA:44,81
DA:47,78
DA:48,78
DA:49,3
DA:51,3
LF:30
LH:30
end_of_record
TN:
SF:/Users/mac/rustmap-clone/c-code/rosseta-125/null_object/main.c
FN:3,10,main
FNDA:3,main
FNF:1
FNH:1
DA:3,3
DA:5,3
DA:7,3
DA:8,3
DA:9,3
DA:10,3
LF:6
LH:6
end_of_record
TN:
SF:/Users/mac/rustmap-clone/c-code/rosseta-125/number_names/main.c
FN:126,134,main
FN:14,43,say_hundred
FN:45,63,say_maxillion
FN:66,124,say_number
FNDA:3,main
FNDA:93,say_hundred
FNDA:33,say_maxillion
FNDA:18,say_number
FNF:4
FNH:4
DA:14,93
DA:17,372
DA:18,279
DA:19,24
DA:20,279
DA:21,93
DA:23,87
DA:24,48
DA:25,48
DA:26,48
DA:28,87
DA:29,69
DA:30,57
DA:32,87
DA:33,39
DA:34,39
DA:35,48
DA:36,48
DA:37,48
DA:38,48
DA:39,48
DA:42,87
DA:43,93
DA:45,33
DA:47,33
DA:48,33
DA:49,18
DA:50,18
DA:51,18
DA:52,33
DA:53,33
DA:54,93
DA:55,57
DA:56,57
DA:57,57
DA:58,33
DA:59,57
DA:60,93
DA:61,93
DA:63,33
DA:66,18
DA:68,18
DA:70,18
DA:71,18
DA:72,3
DA:73,0
DA:74,0
DA:75,3
DA:76,3
DA:77,15
DA:79,18
DA:80,0
DA:81,0
DA:82,0
DA:83,0
DA:87,18
DA:88,18
DA:90,273
DA:91,255
DA:92,0
DA:93,0
DA:95,255
DA:96,18
DA:98,18
DA:99,18
DA:100,18
DA:101,0
DA:102,0
DA:103,0
DA:105,18
DA:106,18
DA:107,18
DA:108,33
DA:109,66
DA:110,33
DA:111,33
DA:112,33
DA:113,33
DA:114,33
DA:115,33
DA:116,33
DA:117,33
DA:119,18
DA:120,18
DA:122,0
DA:123,0
DA:124,18
DA:126,3
DA:128,3
DA:129,3
DA:130,3
DA:131,3
DA:132,3
DA:133,3
DA:134,3
LF:95
LH:82
end_of_record
TN:
SF:/Users/mac/rustmap-clone/c-code/rosseta-125/numerical_integration/main.c
FN:14,20,int_rightrect
FN:23,29,int_midrect
FN:32,39,int_trapezium
FN:42,57,int_simpson
FN:5,11,int_leftrect
FN:60,62,f3
FN:65,67,f3a
FN:70,72,f2
FN:75,77,f2a
FN:80,82,f1
FN:85,87,f1a
FN:95,129,main
FNDA:12,int_rightrect
FNDA:12,int_midrect
FNDA:12,int_trapezium
FNDA:12,int_simpson
FNDA:12,int_leftrect
FNDA:197999994,f3
FNDA:60,f3a
FNDA:17997,f2
FNDA:30,f2a
FNDA:1797,f1
FNDA:30,f1a
FNDA:3,main
FNF:12
FNH:12
DA:5,12
DA:7,12
DA:8,12
DA:9,33003300
DA:10,33003288
DA:11,12
DA:14,12
DA:16,12
DA:17,12
DA:18,33003300
DA:19,33003288
DA:20,12
DA:23,12
DA:25,12
DA:26,12
DA:27,33003300
DA:28,33003288
DA:29,12
DA:32,12
DA:34,12
DA:35,12
DA:37,33003300
DA:38,33003288
DA:39,12
DA:42,12
DA:44,12
DA:45,12
DA:46,12
DA:51,33003312
DA:52,33003300
DA:54,33003300
DA:55,33003288
DA:57,12
DA:60,197999994
DA:62,197999994
DA:65,60
DA:67,60
DA:70,17997
DA:72,17997
DA:75,30
DA:77,30
DA:80,1797
DA:82,1797
DA:85,30
DA:87,30
DA:95,3
DA:100,3
DA:105,3
DA:109,3
DA:110,3
DA:111,3
DA:117,3
DA:119,15
DA:121,72
DA:123,60
DA:124,60
DA:125,60
DA:126,60
DA:127,12
DA:128,12
DA:129,3
LF:61
LH:61
end_of_record
TN:
SF:/Users/mac/rustmap-clone/c-code/rosseta-125/one_dimensional_cellular_automata/main.c
FN:21,27,main
FN:7,18,evolve
FNDA:3,main
FNDA:27,evolve
FNF:2
FNH:2
DA:7,27
DA:9,27
DA:11,540
DA:13,513
DA:14,513
DA:15,513
DA:17,27
DA:18,27
DA:21,3
DA:23,3
DA:24,3
DA:26,27
DA:27,3
LF:13
LH:13
end_of_record
TN:
SF:/Users/mac/rustmap-clone/c-code/rosseta-125/one_of_n_lines_in_a_file/main.c
FN:12,18,one_of_n
FN:21,30,main
FN:4,9,irand
FNDA:3000000,one_of_n
FNDA:3,main
FNDA:27000000,irand
FNF:3
FNH:3
DA:4,27000000
DA:6,27000000
DA:7,27000000
DA:9,27000000
DA:12,3000000
DA:14,3000000
DA:15,30000000
DA:16,32790177
DA:17,5790177
DA:18,3000000
DA:21,3
DA:23,3
DA:25,3000003
DA:27,33
DA:28,30
DA:30,3
LF:16
LH:16
end_of_record
TN:
SF:/Users/mac/rustmap-clone/c-code/rosseta-125/perfect_numbers/main.c
FN:22,29,main
FN:4,19,perfect
FNDA:3,main
FNDA:594,perfect
FNF:2
FNH:2
DA:4,594
DA:6,594
DA:7,594
DA:10,5352
DA:11,5811
DA:13,1053
DA:14,1053
DA:15,1053
DA:16,1014
DA:17,1053
DA:19,594
DA:22,3
DA:25,597
DA:26,600
DA:27,6
DA:29,3
LF:16
LH:16
end_of_record
TN:
SF:/Users/mac/rustmap-clone/c-code/rosseta-125/phrase_reversals/main.c
FN:18,30,reverse_words_in_order
FN:32,34,reverse_string
FN:37,41,reverse_order_of_words
FN:44,70,main
FN:8,16,reverse_section
FNDA:6,reverse_words_in_order
FNDA:6,reverse_string
FNDA:3,reverse_order_of_words
FNDA:3,main
FNDA:30,reverse_section
FNF:5
FNH:5
DA:8,30
DA:10,30
DA:13,192
DA:14,162
DA:15,30
DA:16,30
DA:18,6
DA:20,6
DA:23,30
DA:24,174
DA:26,24
DA:27,24
DA:28,24
DA:29,6
DA:30,6
DA:32,6
DA:34,6
DA:37,3
DA:39,3
DA:40,3
DA:41,3
DA:44,3
DA:46,3
DA:47,3
DA:48,3
DA:49,3
DA:52,3
DA:55,3
DA:56,3
DA:57,3
DA:60,3
DA:61,3
DA:62,3
DA:65,3
DA:66,3
DA:67,3
DA:69,3
DA:70,3
LF:38
LH:38
end_of_record
TN:
SF:/Users/mac/rustmap-clone/c-code/rosseta-125/population_count/main.c
FN:3,38,main
FNDA:3,main
FNF:1
FNH:1
DA:3,3
DA:5,3
DA:6,93
DA:10,90
DA:11,90
DA:12,90
DA:13,3
DA:17,3
DA:18,3
DA:19,183
DA:20,180
DA:21,90
DA:22,90
DA:23,90
DA:24,90
DA:25,90
DA:26,90
DA:27,90
DA:28,90
DA:30,180
DA:31,3
DA:32,3
DA:33,93
DA:34,90
DA:35,90
DA:36,3
DA:38,3
LF:27
LH:27
end_of_record
TN:
SF:/Users/mac/rustmap-clone/c-code/rosseta-125/proper_divisors/main.c
FN:22,46,countProperDivisors
FN:4,19,proper_divisors
FN:49,68,main
FNDA:60000,countProperDivisors
FNDA:30,proper_divisors
FNDA:3,main
FNF:3
FNH:3
DA:4,30
DA:6,30
DA:8,165
DA:9,135
DA:10,51
DA:11,51
DA:12,51
DA:13,51
DA:14,135
DA:16,30
DA:17,30
DA:19,30
DA:22,60000
DA:23,60000
DA:25,119985
DA:26,59985
DA:27,59985
DA:30,60000
DA:32,1074885
DA:33,1014885
DA:35,1093431
DA:36,78546
DA:37,78546
DA:40,1014885
DA:41,1014885
DA:43,60000
DA:44,58068
DA:46,60000
DA:49,3
DA:51,33
DA:52,30
DA:53,30
DA:54,30
DA:56,3
DA:57,3
DA:59,60003
DA:60,60000
DA:61,60000
DA:62,171
DA:63,171
DA:64,171
DA:65,60000
DA:67,3
DA:68,3
LF:44
LH:44
end_of_record
TN:
SF:/Users/mac/rustmap-clone/c-code/rosseta-125/pythagorean_quadruples/main.c
FN:8,35,main
FNDA:3,main
FNF:1
FNH:1
DA:8,3
DA:9,3
DA:11,3
DA:12,3
DA:14,6603
DA:15,6600
DA:16,7269900
DA:17,6600
DA:19,6603
DA:20,6600
DA:21,6600
DA:22,6600
DA:23,7263300
DA:24,7256700
DA:25,7256700
DA:26,7256700
DA:27,7256700
DA:28,6600
DA:30,6603
DA:31,6600
DA:32,6600
DA:33,3
DA:34,3
DA:35,3
LF:24
LH:24
end_of_record
TN:
SF:/Users/mac/rustmap-clone/c-code/rosseta-125/pythagorean_triples/main.c
FN:14,34,new_tri
FN:36,47,main
FNDA:70230363,new_tri
FNDA:3,main
FNF:2
FNH:2
DA:14,70230363
DA:17,70230363
DA:19,70230363
DA:21,23410113
DA:25,23410113
DA:28,93640452
DA:29,70230339
DA:30,70230339
DA:31,70230339
DA:32,70230339
DA:33,70230339
DA:34,70230363
DA:36,3
DA:38,3
DA:40,27
DA:41,24
DA:42,24
DA:44,24
DA:45,24
DA:46,24
DA:47,3
LF:21
LH:21
end_of_record
TN:
SF:/Users/mac/rustmap-clone/c-code/rosseta-125/quickselect_algorithm/main.c
FN:22,34,main
FN:4,19,qselect
FNDA:3,main
FNDA:105,qselect
FNF:2
FNH:2
DA:4,105
DA:9,600
DA:10,495
DA:11,267
DA:12,267
DA:13,267
DA:15,105
DA:17,180
DA:18,75
DA:19,33
DA:22,3
DA:25,3
DA:29,33
DA:30,30
DA:31,30
DA:32,30
DA:34,3
LF:17
LH:17
end_of_record
TN:
SF:/Users/mac/rustmap-clone/c-code/rosseta-125/range_expansion/main.c
FN:19,35,get_list
FN:37,52,get_rnge
FN:54,57,add_number
FN:59,64,add_range
FN:66,77,main
FNDA:6,get_list
FNDA:24,get_rnge
FNDA:0,add_number
FNDA:15,add_range
FNDA:3,main
FNF:5
FNH:4
DA:19,6
DA:22,6
DA:23,24
DA:24,24
DA:25,24
DA:27,24
DA:28,24
DA:29,21
DA:30,3
DA:32,3
DA:33,3
DA:34,3
DA:35,6
DA:37,24
DA:41,24
DA:42,24
DA:44,27
DA:45,24
DA:46,9
DA:47,9
DA:49,15
DA:50,15
DA:51,15
DA:52,24
DA:54,0
DA:56,0
DA:57,0
DA:59,15
DA:61,15
DA:62,90
DA:63,15
DA:64,15
DA:66,3
DA:71,3
DA:75,3
DA:77,3
LF:36
LH:33
end_of_record
TN:
SF:/Users/mac/rustmap-clone/c-code/rosseta-125/range_extraction/main.c
FN:24,35,main
FN:4,19,rprint
FNDA:3,main
FNDA:6,rprint
FNF:2
FNH:2
DA:4,6
DA:9,6
DA:10,48
DA:11,198
DA:13,42
DA:14,30
DA:16,30
DA:17,18
DA:18,42
DA:19,6
DA:24,3
DA:26,3
DA:31,3
DA:32,3
DA:33,3
DA:35,3
LF:16
LH:16
end_of_record
TN:
SF:/Users/mac/rustmap-clone/c-code/rosseta-125/rational/main.c
FN:14,32,frac_new
FN:36,36,frac_add
FN:37,37,frac_sub
FN:38,38,frac_mul
FN:39,39,frac_div
FN:41,43,frac_cmp
FN:46,46,frtoi
FN:47,47,frtod
FN:49,68,main
FN:7,11,gcd
FNDA:38764500,frac_new
FNDA:17809392,frac_add
FNDA:0,frac_sub
FNDA:0,frac_mul
FNDA:0,frac_div
FNDA:1572858,frac_cmp
FNDA:0,frtoi
FNDA:0,frtod
FNDA:3,main
FNDA:38764500,gcd
FNF:10
FNH:5
DA:7,38764500
DA:10,244999545
DA:11,38764500
DA:14,38764500
DA:17,38764500
DA:18,0
DA:19,0
DA:22,38764500
DA:24,38764500
DA:25,0
DA:27,38764500
DA:28,0
DA:29,0
DA:30,0
DA:31,38764500
DA:32,38764500
DA:36,17809392
DA:37,0
DA:38,0
DA:39,0
DA:41,1572858
DA:42,1572858
DA:43,1572858
DA:46,0
DA:47,0
DA:49,3
DA:54,1572861
DA:55,1572858
DA:57,758461314
DA:58,756888456
DA:59,8904696
DA:60,8904696
DA:62,8904696
DA:63,8904696
DA:64,8904696
DA:65,1572858
DA:66,1572858
DA:68,3
LF:38
LH:27
end_of_record
TN:
SF:/Users/mac/rustmap-clone/c-code/rosseta-125/repeat/main.c
FN:12,14,main
FN:3,6,repeat
FN:8,10,example
FNDA:3,main
FNDA:3,repeat
FNDA:12,example
FNF:3
FNH:3
DA:3,3
DA:4,15
DA:5,12
DA:6,3
DA:8,12
DA:9,12
DA:10,12
DA:12,3
DA:13,3
DA:14,3
LF:10
LH:10
end_of_record
TN:
SF:/Users/mac/rustmap-clone/c-code/rosseta-125/repeat_a_string/main.c
FN:17,21,main
FN:5,14,string_repeat
FNDA:3,main
FNDA:3,string_repeat
FNF:2
FNH:2
DA:5,3
DA:6,3
DA:7,3
DA:10,18
DA:11,15
DA:12,15
DA:13,3
DA:14,3
DA:17,3
DA:18,3
DA:19,3
DA:20,3
DA:21,3
LF:13
LH:13
end_of_record
TN:
SF:/Users/mac/rustmap-clone/c-code/rosseta-125/roman_numerals_decode/main.c
FN:10,35,decode
FN:38,46,main
FNDA:12,decode
FNDA:3,main
FNF:2
FNH:2
DA:10,12
DA:14,12
DA:15,75
DA:16,63
DA:20,63
DA:23,222
DA:25,63
DA:26,54
DA:28,9
DA:29,18
DA:30,9
DA:33,63
DA:35,12
DA:38,3
DA:40,3
DA:43,15
DA:44,12
DA:46,3
LF:18
LH:18
end_of_record
TN:
SF:/Users/mac/rustmap-clone/c-code/rosseta-125/root_mean_square/main.c
FN:13,17,main
FN:4,10,rms
FNDA:3,main
FNDA:3,rms
FNF:2
FNH:2
DA:4,3
DA:7,3
DA:8,33
DA:9,30
DA:10,3
DA:13,3
DA:15,3
DA:16,3
DA:17,3
LF:9
LH:9
end_of_record
TN:
SF:/Users/mac/rustmap-clone/c-code/rosseta-125/roots_of_unity/main.c
FN:4,23,main
FNDA:3,main
FNF:1
FNH:1
DA:4,3
DA:6,3
DA:9,165
DA:10,135
DA:11,135
DA:12,108
DA:13,102
DA:14,90
DA:16,84
DA:18,135
DA:19,135
DA:20,135
DA:21,162
DA:23,3
LF:14
LH:14
end_of_record
TN:
SF:/Users/mac/rustmap-clone/c-code/rosseta-125/runge_kutta_method/main.c
FN:14,16,rate
FN:19,36,main
FN:5,11,rk4
FNDA:1200,rate
FNDA:3,main
FNDA:300,rk4
FNF:3
FNH:3
DA:5,300
DA:7,300
DA:8,300
DA:9,300
DA:10,300
DA:11,300
DA:14,1200
DA:16,1200
DA:19,3
DA:22,3
DA:23,3
DA:24,3
DA:26,303
DA:27,300
DA:29,3
DA:30,36
DA:31,33
DA:32,33
DA:33,33
DA:34,33
DA:36,3
LF:21
LH:21
end_of_record
TN:
SF:/Users/mac/rustmap-clone/c-code/rosseta-125/set/main.c
FN:15,44,main
FN:5,13,show_set
FNDA:3,main
FNDA:18,show_set
FNF:2
FNH:2
DA:5,18
DA:8,18
DA:9,180
DA:10,225
DA:11,63
DA:12,18
DA:13,18
DA:15,3
DA:20,3
DA:21,15
DA:22,12
DA:23,3
DA:25,18
DA:26,15
DA:28,3
DA:29,3
DA:30,3
DA:31,3
DA:33,3
DA:34,3
DA:35,3
DA:36,3
DA:37,3
DA:38,3
DA:40,3
DA:41,3
DA:44,3
LF:27
LH:27
end_of_record
TN:
SF:/Users/mac/rustmap-clone/c-code/rosseta-125/sexy_primes/main.c
FN:11,32,sieve
FN:34,39,printHelper
FN:41,46,printArray
FN:48,170,main
FNDA:3,sieve
FNDA:15,printHelper
FNDA:51,printArray
FNDA:3,main
FNF:4
FNH:4
DA:11,3
DA:12,3
DA:14,3
DA:15,3
DA:17,504
DA:18,504
DA:19,504
DA:20,3
DA:22,2433789
DA:23,2433288
DA:24,2433288
DA:25,1509
DA:26,1509
DA:27,1509
DA:28,501
DA:32,3
DA:34,15
DA:35,15
DA:36,15
DA:37,15
DA:38,15
DA:39,15
DA:41,51
DA:43,51
DA:44,231
DA:45,51
DA:46,51
DA:48,3
DA:49,3
DA:50,3
DA:51,3
DA:52,3
DA:55,3
DA:56,3
DA:57,3
DA:60,1500051
DA:61,1500048
DA:62,145875
DA:63,145875
DA:65,1354173
DA:66,49158
DA:67,1354173
DA:69,49158
DA:70,8700
DA:71,49158
DA:73,8700
DA:74,975
DA:75,8700
DA:77,975
DA:78,3
DA:79,3
DA:80,975
DA:81,3
DA:82,3
DA:83,3
DA:84,3
DA:85,3
DA:88,1500051
DA:89,1500048
DA:90,145875
DA:91,145875
DA:92,30
DA:93,30
DA:94,145875
DA:96,1354173
DA:97,49158
DA:98,49158
DA:99,15
DA:100,15
DA:101,15
DA:102,1354173
DA:104,49158
DA:105,8700
DA:106,8700
DA:107,15
DA:108,15
DA:109,15
DA:110,15
DA:111,49158
DA:113,8700
DA:114,975
DA:115,975
DA:116,15
DA:117,15
DA:118,15
DA:119,15
DA:120,8700
DA:122,975
DA:123,3
DA:124,3
DA:125,3
DA:126,3
DA:127,3
DA:128,3
DA:129,3
DA:130,3
DA:131,975
DA:133,3
DA:134,3
DA:135,18
DA:136,15
DA:137,15
DA:138,15
DA:139,3
DA:141,3
DA:142,3
DA:143,18
DA:144,15
DA:145,15
DA:146,15
DA:147,3
DA:149,3
DA:150,3
DA:151,18
DA:152,15
DA:153,15
DA:154,15
DA:155,3
DA:157,3
DA:158,3
DA:159,6
DA:160,3
DA:161,3
DA:162,3
DA:163,3
DA:165,3
DA:166,3
DA:167,3
DA:168,3
DA:169,3
DA:170,3
LF:131
LH:131
end_of_record
TN:
SF:/Users/mac/rustmap-clone/c-code/rosseta-125/short_circuit_evaluation/main.c
FN:10,13,b
FN:22,31,main
FN:4,7,a
FNDA:6,b
FNDA:3,main
FNDA:12,a
FNF:3
FNH:3
DA:4,12
DA:6,12
DA:7,12
DA:10,6
DA:12,6
DA:13,6
DA:22,3
DA:26,3
DA:27,3
DA:28,3
DA:29,3
DA:31,3
LF:12
LH:12
end_of_record
