TN:
SF:/root/rustmap/c-code/rosseta-125/proper_divisors/main.c
FN:4,proper_divisors
FNDA:10,proper_divisors
FN:22,countProperDivisors
FNDA:20000,countProperDivisors
FN:49,main
FNDA:1,main
DA:4,10
DA:6,10
DA:8,55
DA:9,45
DA:10,17
DA:11,17
DA:12,17
DA:16,10
DA:17,10
DA:19,10
DA:22,20000
DA:23,20000
DA:25,39995
DA:26,19995
DA:27,19995
DA:30,20000
DA:32,358295
DA:33,338295
DA:35,364477
DA:36,26182
DA:37,26182
DA:40,338295
DA:43,20000
DA:44,19356
DA:46,20000
DA:49,1
DA:51,11
DA:52,10
DA:53,10
DA:56,1
DA:57,1
DA:59,20001
DA:60,20000
DA:61,20000
DA:62,57
DA:63,57
DA:67,1
DA:68,1
end_of_record
TN:
SF:/root/rustmap/c-code/rosseta-125/gaussian_elimination/main.c
FN:7,swap_row
FNDA:6,swap_row
FN:21,gauss_eliminate
FNDA:1,gauss_eliminate
FN:53,main
FNDA:1,main
DA:7,6
DA:12,6
DA:13,28
DA:14,24
DA:15,24
DA:16,24
DA:18,4
DA:21,1
DA:27,7
DA:28,6
DA:30,21
DA:31,15
DA:32,7
DA:34,6
DA:36,21
DA:37,15
DA:38,70
DA:39,55
DA:40,15
DA:41,15
DA:44,7
DA:45,6
DA:46,21
DA:47,15
DA:48,6
DA:51,1
DA:53,1
DA:55,1
DA:63,1
DA:67,1
DA:69,7
DA:70,6
DA:72,1
end_of_record
TN:
SF:/root/rustmap/c-code/rosseta-125/array_length/main.c
FN:3,main
FNDA:1,main
DA:3,1
DA:5,1
DA:16,1
DA:18,1
DA:20,1
end_of_record
TN:
SF:/root/rustmap/c-code/rosseta-125/99_bottles_of_beer/main.c
FN:7,main
FNDA:1,main
DA:7,1
DA:11,98
DA:12,97
DA:17,1
DA:27,1
end_of_record
TN:
SF:/root/rustmap/c-code/rosseta-125/emirp_primes/main.c
FN:4,is_prime
FNDA:229,is_prime
FN:14,reverse
FNDA:190,reverse
FN:22,is_emirp
FNDA:190,is_emirp
FN:28,main
FNDA:1,main
DA:4,229
DA:6,229
DA:7,149
DA:8,401
DA:9,318
DA:10,66
DA:11,83
DA:14,190
DA:17,715
DA:18,525
DA:19,190
DA:22,190
DA:24,190
DA:25,190
DA:28,1
DA:30,1
DA:31,1
DA:32,191
DA:33,190
DA:34,20
DA:35,1
DA:37,0
DA:38,0
DA:39,0
DA:40,0
DA:42,0
DA:43,0
DA:44,0
DA:45,0
DA:46,0
DA:50,1
DA:51,1
end_of_record
TN:
SF:/root/rustmap/c-code/rosseta-125/null_object/main.c
FN:3,main
FNDA:1,main
DA:3,1
DA:5,1
DA:7,1
DA:8,1
DA:10,1
end_of_record
TN:
SF:/root/rustmap/c-code/rosseta-125/dot_product/main.c
FN:7,main
FNDA:1,main
FN:18,dot_product
FNDA:1,dot_product
DA:7,1
DA:9,1
DA:10,1
DA:12,1
DA:14,1
DA:18,1
DA:20,1
DA:23,4
DA:24,3
DA:27,1
end_of_record
TN:
SF:/root/rustmap/c-code/rosseta-125/dice_game_probabilities/main.c
FN:7,ipow
FNDA:4,ipow
FN:14,min
FNDA:2551,min
FN:18,throw_die
FNDA:653880,throw_die
FN:28,beating_probability
FNDA:2,beating_probability
FN:51,main
FNDA:1,main
DA:7,4
DA:8,4
DA:9,30
DA:10,26
DA:11,4
DA:14,2551
DA:15,2551
DA:18,653880
DA:19,653880
DA:20,526449
DA:21,526449
DA:24,781307
DA:25,653876
DA:28,2
DA:29,2
DA:30,2
DA:31,2
DA:32,102
DA:33,100
DA:34,2
DA:36,2
DA:37,2
DA:38,92
DA:39,90
DA:40,2
DA:42,2
DA:44,2
DA:45,102
DA:46,2551
DA:47,2451
DA:48,2
DA:51,1
DA:52,1
DA:53,1
DA:54,1
end_of_record
TN:
SF:/root/rustmap/c-code/rosseta-125/command_line_arguments/main.c
FN:4,main
FNDA:1,main
DA:4,1
DA:7,1
DA:8,1
DA:9,0
DA:10,1
end_of_record
TN:
SF:/root/rustmap/c-code/rosseta-125/cramers_rule/main.c
FN:10,init_square_matrix
FNDA:1,init_square_matrix
FN:24,copy_square_matrix
FNDA:5,copy_square_matrix
FN:37,det
FNDA:5,det
FN:74,deinit_square_matrix
FNDA:6,deinit_square_matrix
FN:80,cramer_solve
FNDA:4,cramer_solve
FN:91,main
FNDA:1,main
DA:10,1
DA:11,1
DA:13,1
DA:15,5
DA:16,4
DA:17,20
DA:18,16
DA:21,1
DA:24,5
DA:26,5
DA:27,5
DA:28,25
DA:29,20
DA:30,100
DA:31,80
DA:34,5
DA:37,5
DA:38,5
DA:40,25
DA:41,20
DA:42,70
DA:43,50
DA:44,18
DA:46,20
DA:47,65
DA:48,52
DA:49,52
DA:50,52
DA:53,13
DA:56,20
DA:57,0
DA:58,0
DA:61,50
DA:62,30
DA:63,150
DA:64,120
DA:68,25
DA:69,20
DA:71,5
DA:74,6
DA:75,30
DA:76,24
DA:77,6
DA:78,6
DA:80,4
DA:81,4
DA:82,20
DA:83,16
DA:85,4
DA:86,4
DA:88,4
DA:91,1
DA:93,1
DA:99,1
DA:101,1
DA:102,1
DA:103,1
DA:105,1
DA:107,5
DA:108,4
DA:110,1
DA:111,1
end_of_record
TN:
SF:/root/rustmap/c-code/rosseta-125/gray_code/main.c
FN:1,gray_encode
FNDA:32,gray_encode
FN:5,gray_decode
FNDA:32,gray_decode
FN:14,fmtbool
FNDA:96,fmtbool
FN:23,main
FNDA:1,main
DA:1,32
DA:2,32
DA:5,32
DA:6,32
DA:7,130
DA:8,32
DA:14,96
DA:15,96
DA:16,96
DA:18,480
DA:19,480
DA:20,480
DA:21,96
DA:23,1
DA:27,33
DA:28,32
DA:29,32
DA:30,32
DA:31,32
DA:33,1
end_of_record
TN:
SF:/root/rustmap/c-code/rosseta-125/knapsack_problem_0_1/main.c
FN:35,knapsack
FNDA:1,knapsack
FN:65,main
FNDA:1,main
DA:35,1
DA:37,1
DA:38,1
DA:39,1
DA:40,23
DA:41,22
DA:42,8844
DA:43,8822
DA:44,803
DA:47,8019
DA:48,8019
DA:49,8019
DA:53,1
DA:54,23
DA:55,22
DA:56,12
DA:57,12
DA:60,1
DA:61,1
DA:62,1
DA:65,1
DA:66,1
DA:67,1
DA:68,1
DA:69,23
DA:70,22
DA:71,12
DA:72,12
DA:73,12
DA:76,1
DA:77,1
end_of_record
TN:
SF:/root/rustmap/c-code/rosseta-125/box_the_compass/main.c
FN:3,main
FNDA:1,main
DA:3,1
DA:6,1
DA:11,1
DA:45,34
DA:46,33
DA:48,33
DA:52,1
end_of_record
TN:
SF:/root/rustmap/c-code/rosseta-125/fibonacci_n_step_number_sequences/main.c
FN:8,anynacci
FNDA:4,anynacci
FN:29,main
FNDA:1,main
DA:8,4
DA:10,4
DA:13,15
DA:14,4
DA:16,15
DA:17,11
DA:19,33
DA:21,29
DA:22,106
DA:23,77
DA:25,4
DA:29,1
DA:31,1
DA:32,1
DA:33,1
DA:36,1
DA:38,11
DA:39,10
DA:40,10
DA:42,1
end_of_record
TN:
SF:/root/rustmap/c-code/rosseta-125/attractive_numbers/main.c
FN:9,is_prime
FNDA:411,is_prime
FN:23,count_prime_factors
FNDA:120,count_prime_factors
FN:39,main
FNDA:1,main
DA:9,411
DA:10,411
DA:11,411
DA:12,380
DA:13,210
DA:14,157
DA:15,51
DA:16,38
DA:17,38
DA:18,33
DA:20,106
DA:23,120
DA:24,120
DA:25,120
DA:26,119
DA:28,334
DA:29,261
DA:30,261
DA:31,261
DA:32,172
DA:34,73
DA:35,50
DA:39,1
DA:40,1
DA:41,1
DA:42,121
DA:43,120
DA:44,120
DA:45,74
DA:46,74
DA:49,1
DA:50,1
end_of_record
TN:
SF:/root/rustmap/c-code/rosseta-125/monty_hall_problem/main.c
FN:7,main
FNDA:1,main
DA:7,1
DA:8,1
DA:10,1
DA:11,3000001
DA:12,3000000
DA:13,3000000
DA:14,1499523
DA:15,3000000
DA:18,3000000
DA:20,1
end_of_record
TN:
SF:/root/rustmap/c-code/rosseta-125/comma_quibbling/main.c
FN:5,quib
FNDA:5,quib
FN:41,main
FNDA:1,main
DA:5,5
DA:8,5
DA:11,15
DA:12,10
DA:14,5
DA:15,5
DA:17,0
DA:18,0
DA:21,5
DA:22,5
DA:23,1
DA:24,1
DA:25,1
DA:26,9
DA:28,6
DA:29,6
DA:30,3
DA:32,3
DA:34,3
DA:35,3
DA:37,5
DA:38,5
DA:41,1
DA:43,1
DA:46,6
DA:48,5
DA:49,5
DA:50,5
DA:52,1
end_of_record
TN:
SF:/root/rustmap/c-code/rosseta-125/number_names/main.c
FN:14,say_hundred
FNDA:31,say_hundred
FN:45,say_maxillion
FNDA:11,say_maxillion
FN:66,say_number
FNDA:6,say_number
FN:126,main
FNDA:1,main
DA:14,31
DA:17,124
DA:18,93
DA:19,8
DA:21,31
DA:23,29
DA:24,16
DA:25,16
DA:28,29
DA:29,42
DA:30,19
DA:32,29
DA:33,13
DA:35,16
DA:36,16
DA:37,16
DA:39,16
DA:42,29
DA:45,11
DA:47,11
DA:48,11
DA:49,6
DA:50,6
DA:52,11
DA:54,31
DA:55,19
DA:56,19
DA:57,19
DA:58,11
DA:60,31
DA:61,31
DA:63,11
DA:66,6
DA:68,6
DA:70,6
DA:71,6
DA:72,1
DA:73,0
DA:74,0
DA:75,1
DA:77,5
DA:79,6
DA:80,0
DA:81,0
DA:82,0
DA:83,0
DA:87,6
DA:88,6
DA:90,91
DA:91,85
DA:92,0
DA:93,0
DA:96,6
DA:98,6
DA:99,6
DA:100,6
DA:101,0
DA:102,0
DA:105,6
DA:106,6
DA:108,11
DA:109,22
DA:110,11
DA:111,11
DA:113,11
DA:114,11
DA:115,11
DA:116,11
DA:117,11
DA:119,6
DA:120,6
DA:122,0
DA:123,0
DA:126,1
DA:128,1
DA:129,1
DA:130,1
DA:131,1
DA:132,1
DA:133,1
DA:134,1
end_of_record
TN:
SF:/root/rustmap/c-code/rosseta-125/almost_prime/main.c
FN:3,kprime
FNDA:359,kprime
FN:13,main
FNDA:1,main
DA:3,359
DA:5,359
DA:6,1517
DA:7,1714
DA:8,556
DA:10,359
DA:13,1
DA:17,6
DA:18,5
DA:20,364
DA:21,359
DA:22,50
DA:23,50
DA:26,5
DA:29,1
end_of_record
TN:
SF:/root/rustmap/c-code/rosseta-125/josephus_problem/main.c
FN:3,jos
FNDA:1,jos
FN:12,jos_large
FNDA:3,jos_large
FN:28,main
FNDA:1,main
DA:3,1
DA:5,42
DA:6,41
DA:7,1
DA:12,3
DA:13,3
DA:15,3
DA:16,1275529
DA:17,1275526
DA:19,1275526
DA:20,1275523
DA:22,1275526
DA:25,3
DA:28,1
DA:31,1
DA:32,1
DA:33,1
DA:35,1
DA:36,1
DA:37,1
DA:39,4
DA:40,3
DA:41,1
DA:43,1
end_of_record
TN:
SF:/root/rustmap/c-code/rosseta-125/last_letter_first_letter/main.c
FN:23,search
FNDA:5016078,search
FN:45,find_longest_chain
FNDA:1,find_longest_chain
FN:82,main
FNDA:1,main
DA:23,5016078
DA:24,5016078
DA:25,3589
DA:26,5012489
DA:27,23
DA:28,23
DA:29,23
DA:33,5016078
DA:34,281031724
DA:35,276015646
DA:36,5016008
DA:37,5016008
DA:38,5016008
DA:39,5016008
DA:40,5016008
DA:41,5016008
DA:43,5016078
DA:45,1
DA:47,1
DA:48,1
DA:51,1
DA:52,1
DA:54,71
DA:55,70
DA:56,70
DA:57,0
DA:58,70
DA:59,70
DA:60,70
DA:64,71
DA:65,70
DA:66,70
DA:67,70
DA:68,70
DA:69,70
DA:70,70
DA:73,1
DA:74,1
DA:75,24
DA:76,23
DA:78,1
DA:79,1
DA:80,1
DA:82,1
DA:83,1
DA:97,1
DA:99,1
DA:100,1
DA:101,1
DA:102,1
DA:103,5
DA:104,4
DA:105,27
DA:106,23
DA:107,4
DA:110,1
DA:112,1
end_of_record
TN:
SF:/root/rustmap/c-code/rosseta-125/100_doors/main.c
FN:3,main
FNDA:1,main
DA:3,1
DA:5,1
DA:9,101
DA:10,582
DA:11,482
DA:14,101
DA:15,100
DA:17,1
end_of_record
TN:
SF:/root/rustmap/c-code/rosseta-125/machine_code/main.c
FN:5,test
FNDA:1,test
FN:27,main
FNDA:1,main
DA:5,1
DA:12,1
DA:16,1
DA:19,1
DA:21,1
DA:23,1
DA:24,1
DA:27,1
DA:29,1
DA:30,1
end_of_record
TN:
SF:/root/rustmap/c-code/rosseta-125/multiplication_tables/main.c
FN:3,main
FNDA:1,main
DA:3,1
DA:5,1
DA:7,13
DA:8,14
DA:10,13
DA:11,156
DA:12,144
DA:13,12
DA:16,1
end_of_record
TN:
SF:/root/rustmap/c-code/rosseta-125/matrix_chain_multiplication/main.c
FN:8,optimal_matrix_chain_order
FNDA:3,optimal_matrix_chain_order
FN:37,print_optimal_chain_order
FNDA:49,print_optimal_chain_order
FN:48,main
FNDA:1,main
DA:8,3
DA:10,3
DA:11,3
DA:12,29
DA:13,26
DA:16,3
DA:17,29
DA:18,26
DA:21,26
DA:22,147
DA:23,124
DA:24,124
DA:25,634
DA:26,510
DA:27,510
DA:28,510
DA:29,242
DA:30,242
DA:35,3
DA:37,49
DA:38,49
DA:39,26
DA:41,23
DA:42,23
DA:43,23
DA:44,23
DA:46,49
DA:48,1
DA:50,1
DA:51,1
DA:52,1
DA:53,1
DA:54,1
DA:55,4
DA:56,3
DA:57,3
DA:58,32
DA:59,29
DA:60,29
DA:62,3
DA:63,3
DA:64,3
DA:65,3
DA:66,29
DA:67,3
DA:68,29
DA:69,3
DA:71,1
end_of_record
TN:
SF:/root/rustmap/c-code/rosseta-125/damm_algorithm/main.c
FN:5,damm
FNDA:1,damm
FN:26,main
FNDA:1,main
DA:5,1
DA:19,1
DA:20,5
DA:21,4
DA:23,1
DA:26,1
DA:27,1
DA:28,1
DA:29,1
end_of_record
TN:
SF:/root/rustmap/c-code/rosseta-125/mcnuggets_problem/main.c
FN:4,main
FNDA:1,main
DA:4,1
DA:5,1
DA:7,101
DA:8,275
DA:9,246
DA:10,0
DA:11,0
DA:14,1301
DA:15,1126
DA:16,16
DA:17,16
DA:20,4661
DA:21,3606
DA:22,55
DA:23,55
DA:28,29
DA:29,29
DA:32,1
DA:34,1
end_of_record
TN:
SF:/root/rustmap/c-code/rosseta-125/formatted_numeric_output/main.c
FN:2,main
FNDA:1,main
DA:2,1
DA:3,1
DA:4,1
DA:5,1
DA:6,1
DA:7,1
DA:8,1
DA:9,1
DA:10,1
end_of_record
TN:
SF:/root/rustmap/c-code/rosseta-125/catalan_numbers/main.c
FN:5,binomial
FNDA:16,binomial
FN:18,catalan1
FNDA:16,catalan1
FN:22,catalan2
FNDA:21523360,catalan2
FN:31,catalan3
FNDA:136,catalan3
FN:36,main
FNDA:1,main
DA:5,16
DA:7,16
DA:8,16
DA:10,136
DA:11,120
DA:12,225
DA:15,16
DA:18,16
DA:19,16
DA:22,21523360
DA:24,21523360
DA:26,32285032
DA:27,10761672
DA:28,21523360
DA:31,136
DA:33,136
DA:36,1
DA:39,1
DA:40,17
DA:41,16
DA:45,1
end_of_record
TN:
SF:/root/rustmap/c-code/rosseta-125/magic_squares_of_doubly_even_order/main.c
FN:5,doublyEvenMagicSquare
FNDA:0,doublyEvenMagicSquare
FN:27,numDigits
FNDA:0,numDigits
FN:38,printMagicSquare
FNDA:0,printMagicSquare
FN:51,main
FNDA:1,main
DA:5,0
DA:6,0
DA:7,0
DA:9,0
DA:10,0
DA:11,0
DA:13,0
DA:15,0
DA:16,0
DA:18,0
DA:19,0
DA:20,0
DA:21,0
DA:24,0
DA:27,0
DA:28,0
DA:30,0
DA:31,0
DA:32,0
DA:35,0
DA:38,0
DA:39,0
DA:41,0
DA:43,0
DA:44,0
DA:45,0
DA:47,0
DA:49,0
DA:51,1
DA:55,1
DA:56,1
DA:58,0
DA:59,0
DA:61,1
end_of_record
TN:
SF:/root/rustmap/c-code/rosseta-125/crc32/main.c
FN:6,rc_crc32
FNDA:1,rc_crc32
FN:42,main
FNDA:1,main
DA:6,1
DA:16,1
DA:18,257
DA:19,256
DA:20,2304
DA:21,2048
DA:22,1024
DA:23,1024
DA:25,1024
DA:27,256
DA:29,1
DA:32,1
DA:33,1
DA:34,44
DA:35,43
DA:36,43
DA:38,1
DA:42,1
DA:44,1
DA:45,1
DA:47,1
end_of_record
TN:
SF:/root/rustmap/c-code/rosseta-125/matrix_transposition/main.c
FN:3,transpose
FNDA:1,transpose
FN:12,main
FNDA:1,main
DA:3,1
DA:6,1
DA:7,4
DA:8,18
DA:9,15
DA:10,1
DA:12,1
DA:15,1
DA:19,1
DA:21,6
DA:22,20
DA:23,15
DA:24,1
end_of_record
TN:
SF:/root/rustmap/c-code/rosseta-125/approximate_equility/main.c
FN:5,approxEquals
FNDA:8,approxEquals
FN:9,test
FNDA:8,test
FN:14,main
FNDA:1,main
DA:5,8
DA:6,8
DA:9,8
DA:10,8
DA:11,8
DA:12,8
DA:14,1
DA:15,1
DA:16,1
DA:17,1
DA:18,1
DA:19,1
DA:20,1
DA:21,1
DA:22,1
DA:23,1
end_of_record
TN:
SF:/root/rustmap/c-code/rosseta-125/chinese_remainder_theorem/main.c
FN:3,mul_inv
FNDA:3,mul_inv
FN:17,chinese_remainder
FNDA:1,chinese_remainder
FN:31,main
FNDA:1,main
DA:3,3
DA:5,3
DA:6,3
DA:7,3
DA:8,10
DA:9,7
DA:10,7
DA:11,7
DA:13,3
DA:14,3
DA:17,1
DA:19,1
DA:21,4
DA:23,4
DA:24,3
DA:25,3
DA:28,1
DA:31,1
DA:33,1
DA:34,1
DA:36,1
DA:37,1
end_of_record
TN:
SF:/root/rustmap/c-code/rosseta-125/fusc_sequence/main.c
FN:4,fusc
FNDA:1066,fusc
FN:14,numLen
FNDA:0,numLen
FN:27,printLargeFuscs
FNDA:0,printLargeFuscs
FN:46,main
FNDA:1,main
DA:4,1066
DA:6,1066
DA:7,345
DA:8,721
DA:9,437
DA:11,284
DA:14,0
DA:16,0
DA:18,0
DA:20,0
DA:21,0
DA:24,0
DA:27,0
DA:29,0
DA:31,0
DA:33,0
DA:35,0
DA:36,0
DA:38,0
DA:40,0
DA:41,0
DA:44,0
DA:46,1
DA:50,1
DA:51,62
DA:52,61
DA:54,1
end_of_record
TN:
SF:/root/rustmap/c-code/rosseta-125/repeat_a_string/main.c
FN:5,string_repeat
FNDA:1,string_repeat
FN:17,main
FNDA:1,main
DA:5,1
DA:6,1
DA:7,1
DA:10,6
DA:11,5
DA:13,1
DA:14,1
DA:17,1
DA:18,1
DA:19,1
DA:20,1
DA:21,1
end_of_record
TN:
SF:/root/rustmap/c-code/rosseta-125/hamming_numbers/main.c
FN:9,qpush
FNDA:5074,qpush
FN:21,qpop
FNDA:1691,qpop
FN:38,main
FNDA:1,main
DA:9,5074
DA:12,5074
DA:13,7
DA:14,7
DA:17,5522
DA:18,5074
DA:19,5074
DA:21,1691
DA:26,6060
DA:28,37193
DA:29,33207
DA:30,33207
DA:31,32824
DA:35,1691
DA:38,1
DA:43,1692
DA:45,1691
DA:46,1691
DA:47,1691
DA:48,1691
DA:50,1691
DA:51,21
DA:55,1
end_of_record
TN:
SF:/root/rustmap/c-code/rosseta-125/horners_rule_for_polynomial_evaluation/main.c
FN:3,horner
FNDA:1,horner
FN:16,main
FNDA:1,main
DA:3,1
DA:6,1
DA:8,5
DA:10,4
DA:12,1
DA:16,1
DA:18,1
DA:20,1
DA:21,1
end_of_record
TN:
SF:/root/rustmap/c-code/rosseta-125/greatest_subsequential_sum/main.c
FN:7,maxSubseq
FNDA:1,maxSubseq
FN:36,main
FNDA:1,main
DA:7,1
DA:8,1
DA:9,1
DA:11,12
DA:12,11
DA:13,11
DA:14,2
DA:15,2
DA:16,9
DA:17,4
DA:18,4
DA:19,4
DA:24,1
DA:25,1
DA:26,1
DA:27,1
DA:29,0
DA:30,0
DA:31,0
DA:33,1
DA:36,1
DA:37,1
DA:38,1
DA:40,1
DA:41,1
DA:43,7
DA:44,6
DA:45,1
DA:47,1
end_of_record
TN:
SF:/root/rustmap/c-code/rosseta-125/compile_time_calculation/main.c
FN:3,main
FNDA:1,main
DA:3,1
DA:5,1
DA:6,1
end_of_record
TN:
SF:/root/rustmap/c-code/rosseta-125/mutual_recursion/main.c
FN:10,F
FNDA:6634,F
FN:15,M
FNDA:6634,M
FN:20,main
FNDA:1,main
DA:10,6634
DA:12,6634
DA:15,6634
DA:17,6634
DA:20,1
DA:23,21
DA:24,20
DA:25,1
DA:26,21
DA:27,20
DA:28,1
DA:29,1
end_of_record
TN:
SF:/root/rustmap/c-code/rosseta-125/negative_base_numbers/main.c
FN:6,encodeNegativeBase
FNDA:4,encodeNegativeBase
FN:45,decodeNegativeBase
FNDA:4,decodeNegativeBase
FN:83,driver
FNDA:4,driver
FN:96,main
FNDA:1,main
DA:6,4
DA:7,4
DA:9,4
DA:11,0
DA:12,0
DA:14,4
DA:16,0
DA:17,0
DA:21,18
DA:22,14
DA:23,14
DA:24,14
DA:25,4
DA:26,4
DA:28,14
DA:29,14
DA:31,4
DA:34,4
DA:35,9
DA:36,5
DA:37,5
DA:38,5
DA:39,5
DA:40,5
DA:42,4
DA:45,4
DA:50,4
DA:52,0
DA:54,4
DA:56,0
DA:60,4
DA:61,18
DA:62,14
DA:66,4
DA:67,4
DA:68,4
DA:69,18
DA:70,51
DA:71,51
DA:72,14
DA:73,14
DA:74,14
DA:77,14
DA:80,4
DA:83,4
DA:87,4
DA:88,4
DA:90,4
DA:91,4
DA:93,4
DA:94,4
DA:96,1
DA:97,1
DA:98,1
DA:99,1
DA:100,1
DA:102,1
end_of_record
TN:
SF:/root/rustmap/c-code/rosseta-125/general_fizzbuzz/main.c
FN:9,compare
FNDA:3,compare
FN:16,generic_fizz_buzz
FNDA:1,generic_fizz_buzz
FN:39,main
FNDA:1,main
DA:9,3
DA:11,3
DA:12,3
DA:13,3
DA:16,1
DA:21,20
DA:22,19
DA:25,76
DA:26,57
DA:27,11
DA:28,11
DA:32,19
DA:33,9
DA:35,19
DA:37,1
DA:39,1
DA:41,1
DA:48,1
DA:51,1
DA:52,1
end_of_record
TN:
SF:/root/rustmap/c-code/rosseta-125/4_rings_puzzle/main.c
FN:11,bf
FNDA:427,bf
FN:31,ge
FNDA:81,ge
FN:45,acd
FNDA:3,acd
FN:60,foursquares
FNDA:3,foursquares
FN:78,main
FNDA:1,main
DA:11,427
DA:13,4571
DA:14,4144
DA:15,294
DA:17,3934
DA:18,3934
DA:19,2915
DA:20,30
DA:22,2872
DA:23,2872
DA:24,12
DA:27,427
DA:31,81
DA:33,813
DA:34,732
DA:36,654
DA:37,654
DA:38,434
DA:39,42
DA:40,427
DA:42,81
DA:45,3
DA:47,27
DA:48,222
DA:49,198
DA:51,184
DA:52,184
DA:53,81
DA:54,81
DA:56,3
DA:60,3
DA:62,3
DA:63,3
DA:64,3
DA:65,3
DA:66,3
DA:68,3
DA:70,3
DA:72,3
DA:73,2
DA:75,1
DA:76,3
DA:78,1
DA:80,1
DA:81,1
DA:82,1
end_of_record
TN:
SF:/root/rustmap/c-code/rosseta-125/range_extraction/main.c
FN:4,rprint
FNDA:2,rprint
FN:24,main
FNDA:1,main
DA:4,2
DA:9,2
DA:10,16
DA:11,66
DA:13,14
DA:14,10
DA:16,10
DA:17,6
DA:19,2
DA:24,1
DA:26,1
DA:31,1
DA:32,1
DA:33,1
DA:35,1
end_of_record
TN:
SF:/root/rustmap/c-code/rosseta-125/phrase_reversals/main.c
FN:8,reverse_section
FNDA:10,reverse_section
FN:18,reverse_words_in_order
FNDA:2,reverse_words_in_order
FN:32,reverse_string
FNDA:2,reverse_string
FN:37,reverse_order_of_words
FNDA:1,reverse_order_of_words
FN:44,main
FNDA:1,main
DA:8,10
DA:10,10
DA:13,64
DA:14,54
DA:15,10
DA:18,2
DA:20,2
DA:23,10
DA:24,58
DA:26,8
DA:27,8
DA:29,2
DA:32,2
DA:34,2
DA:37,1
DA:39,1
DA:40,1
DA:41,1
DA:44,1
DA:45,1
DA:46,1
DA:47,1
DA:48,1
DA:49,1
DA:52,1
DA:55,1
DA:56,1
DA:57,1
DA:60,1
DA:61,1
DA:62,1
DA:65,1
DA:66,1
DA:67,1
DA:69,1
end_of_record
TN:
SF:/root/rustmap/c-code/rosseta-125/increment_a_numerical_string/main.c
FN:11,incr
FNDA:8,incr
FN:48,string_test
FNDA:8,string_test
FN:58,main
FNDA:1,main
DA:11,8
DA:14,8
DA:15,8
DA:18,8
DA:19,1
DA:20,1
DA:23,7
DA:24,7
DA:27,97
DA:29,7
DA:31,2
DA:32,2
DA:33,8
DA:34,2
DA:35,5
DA:37,45
DA:38,1
DA:40,44
DA:41,40
DA:42,4
DA:45,7
DA:48,8
DA:50,8
DA:51,8
DA:53,8
DA:54,8
DA:55,8
DA:56,8
DA:58,1
DA:60,1
DA:61,1
DA:62,1
DA:63,1
DA:64,1
DA:65,1
DA:66,1
DA:67,1
DA:69,1
end_of_record
TN:
SF:/root/rustmap/c-code/rosseta-125/hailstone_sequence/main.c
FN:4,hailstone
FNDA:100001,hailstone
FN:17,main
FNDA:1,main
DA:4,100001
DA:6,100001
DA:8,10853935
DA:9,10753934
DA:10,10753934
DA:11,10753934
DA:13,100001
DA:14,100001
DA:17,1
DA:19,1
DA:23,100000
DA:24,99999
DA:25,99999
DA:26,35
DA:27,35
DA:30,1
DA:31,1
DA:32,1
DA:34,1
DA:35,1
DA:36,1
DA:37,1
DA:38,1
DA:40,1
end_of_record
TN:
SF:/root/rustmap/c-code/rosseta-125/magic_squares_of_singly_even_order/main.c
FN:5,oddMagicSquare
FNDA:0,oddMagicSquare
FN:40,singlyEvenMagicSquare
FNDA:0,singlyEvenMagicSquare
FN:83,numDigits
FNDA:0,numDigits
FN:94,printMagicSquare
FNDA:0,printMagicSquare
FN:106,main
FNDA:1,main
DA:5,0
DA:6,0
DA:7,0
DA:9,0
DA:10,0
DA:11,0
DA:13,0
DA:15,0
DA:16,0
DA:18,0
DA:19,0
DA:20,0
DA:21,0
DA:22,0
DA:24,0
DA:25,0
DA:27,0
DA:28,0
DA:29,0
DA:30,0
DA:31,0
DA:32,0
DA:34,0
DA:37,0
DA:40,0
DA:41,0
DA:42,0
DA:44,0
DA:45,0
DA:46,0
DA:48,0
DA:49,0
DA:50,0
DA:52,0
DA:53,0
DA:55,0
DA:56,0
DA:57,0
DA:58,0
DA:59,0
DA:63,0
DA:64,0
DA:66,0
DA:67,0
DA:68,0
DA:69,0
DA:71,0
DA:72,0
DA:74,0
DA:75,0
DA:76,0
DA:80,0
DA:83,0
DA:84,0
DA:86,0
DA:87,0
DA:88,0
DA:91,0
DA:94,0
DA:97,0
DA:98,0
DA:99,0
DA:101,0
DA:103,0
DA:104,0
DA:106,1
DA:110,1
DA:111,1
DA:113,0
DA:114,0
DA:116,1
end_of_record
TN:
SF:/root/rustmap/c-code/rosseta-125/one_dimensional_cellular_automata/main.c
FN:7,evolve
FNDA:9,evolve
FN:21,main
FNDA:1,main
DA:7,9
DA:9,9
DA:11,180
DA:13,171
DA:14,171
DA:17,9
DA:18,9
DA:21,1
DA:23,1
DA:24,1
DA:26,9
DA:27,1
end_of_record
TN:
SF:/root/rustmap/c-code/rosseta-125/evaluate_binomial_coefficients/main.c
FN:6,gcd_ui
FNDA:16,gcd_ui
FN:15,binomial
FNDA:3,binomial
FN:38,main
FNDA:1,main
DA:6,16
DA:8,16
DA:9,73
DA:10,57
DA:12,16
DA:15,3
DA:16,3
DA:17,3
DA:18,3
DA:19,3
DA:20,3
DA:21,55
DA:22,52
DA:24,8
DA:25,8
DA:26,8
DA:27,8
DA:28,8
DA:29,8
DA:31,44
DA:32,44
DA:35,3
DA:38,1
DA:39,1
DA:40,1
DA:41,1
DA:42,1
end_of_record
TN:
SF:/root/rustmap/c-code/rosseta-125/isbn13_check_digit/main.c
FN:3,check_isbn13
FNDA:4,check_isbn13
FN:25,main
FNDA:1,main
DA:3,4
DA:4,4
DA:6,60
DA:8,56
DA:9,4
DA:10,4
DA:12,52
DA:13,0
DA:15,52
DA:16,24
DA:18,28
DA:21,4
DA:22,4
DA:25,1
DA:27,1
DA:28,5
DA:29,4
DA:31,1
end_of_record
TN:
SF:/root/rustmap/c-code/rosseta-125/infinity/main.c
FN:4,inf
FNDA:1,inf
FN:8,main
FNDA:1,main
DA:4,1
DA:5,1
DA:8,1
DA:9,1
DA:10,1
end_of_record
TN:
SF:/root/rustmap/c-code/rosseta-125/middle_three_digits/main.c
FN:5,mid3
FNDA:18,mid3
FN:17,main
FNDA:1,main
DA:5,18
DA:9,18
DA:10,18
DA:11,18
DA:12,10
DA:13,10
DA:14,10
DA:17,1
DA:19,1
DA:25,19
DA:26,18
DA:27,8
DA:28,18
DA:30,1
end_of_record
TN:
SF:/root/rustmap/c-code/rosseta-125/rational/main.c
FN:7,gcd
FNDA:12921500,gcd
FN:14,frac_new
FNDA:12921500,frac_new
FN:36,frac_add
FNDA:5936464,frac_add
FN:37,frac_sub
FNDA:0,frac_sub
FN:38,frac_mul
FNDA:0,frac_mul
FN:39,frac_div
FNDA:0,frac_div
FN:41,frac_cmp
FNDA:524286,frac_cmp
FN:46,frtoi
FNDA:0,frtoi
FN:47,frtod
FNDA:0,frtod
FN:49,main
FNDA:1,main
DA:7,12921500
DA:10,81666515
DA:11,12921500
DA:14,12921500
DA:17,12921500
DA:18,0
DA:19,0
DA:22,12921500
DA:24,12921500
DA:25,0
DA:27,12921500
DA:28,0
DA:29,0
DA:31,12921500
DA:32,12921500
DA:36,5936464
DA:37,0
DA:38,0
DA:39,0
DA:41,524286
DA:42,524286
DA:43,524286
DA:46,0
DA:47,0
DA:49,1
DA:54,524287
DA:55,524286
DA:57,252820438
DA:58,252296152
DA:59,2968232
DA:60,2968232
DA:62,2968232
DA:63,2968232
DA:65,524286
DA:68,1
end_of_record
TN:
SF:/root/rustmap/c-code/rosseta-125/catamorphism/main.c
FN:5,reduce
FNDA:3,reduce
FN:13,add
FNDA:4,add
FN:14,sub
FNDA:4,sub
FN:15,mul
FNDA:4,mul
FN:17,main
FNDA:1,main
DA:5,3
DA:7,3
DA:8,15
DA:9,12
DA:10,3
DA:13,4
DA:14,4
DA:15,4
DA:17,1
DA:19,1
DA:20,1
DA:21,1
DA:22,1
DA:23,1
end_of_record
TN:
SF:/root/rustmap/c-code/rosseta-125/least_common_multiple/main.c
FN:3,gcd
FNDA:1,gcd
FN:10,lcm
FNDA:1,lcm
FN:15,main
FNDA:1,main
DA:3,1
DA:6,4
DA:7,1
DA:10,1
DA:12,1
DA:15,1
DA:17,1
DA:18,1
end_of_record
TN:
SF:/root/rustmap/c-code/rosseta-125/pythagorean_quadruples/main.c
FN:8,main
FNDA:1,main
DA:8,1
DA:9,1
DA:11,1
DA:12,1
DA:14,2201
DA:15,2200
DA:16,2423300
DA:19,2201
DA:20,2200
DA:21,2200
DA:22,2200
DA:23,2421100
DA:24,2418900
DA:25,2418900
DA:26,2418900
DA:30,2201
DA:31,2200
DA:33,1
DA:34,1
DA:35,1
end_of_record
TN:
SF:/root/rustmap/c-code/rosseta-125/bell_numbers/main.c
FN:4,bellIndex
FNDA:414,bellIndex
FN:8,getBell
FNDA:294,getBell
FN:13,setBell
FNDA:120,setBell
FN:18,bellTriangle
FNDA:1,bellTriangle
FN:35,main
FNDA:1,main
DA:4,414
DA:5,414
DA:8,294
DA:9,294
DA:10,294
DA:13,120
DA:14,120
DA:15,120
DA:16,120
DA:18,1
DA:19,1
DA:20,1
DA:23,1
DA:24,15
DA:25,14
DA:26,119
DA:27,105
DA:28,105
DA:32,1
DA:35,1
DA:36,1
DA:37,1
DA:40,1
DA:41,16
DA:42,15
DA:45,1
DA:46,11
DA:47,10
DA:48,55
DA:49,45
DA:51,10
DA:54,1
DA:55,1
end_of_record
TN:
SF:/root/rustmap/c-code/rosseta-125/hofstadter_q_sequence/main.c
FN:5,main
FNDA:1,main
DA:5,1
DA:7,1
DA:9,1
DA:11,99999
DA:12,99998
DA:14,11
DA:15,10
DA:17,1
DA:19,100000
DA:20,99999
DA:22,1
DA:23,1
end_of_record
TN:
SF:/root/rustmap/c-code/rosseta-125/farey_sequence/main.c
FN:5,farey
FNDA:11,farey
FN:25,farey_len
FNDA:923399,farey_len
FN:47,main
FNDA:1,main
DA:5,11
DA:8,11
DA:11,11
DA:12,177
DA:13,166
DA:14,166
DA:15,166
DA:18,11
DA:19,11
DA:25,923399
DA:27,923399
DA:28,5
DA:29,5
DA:30,25
DA:31,5
DA:32,5
DA:33,923394
DA:34,917076
DA:36,6323
DA:37,6323
DA:38,929711
DA:39,923388
DA:40,923388
DA:43,6323
DA:44,6323
DA:47,1
DA:50,12
DA:51,11
DA:52,11
DA:55,11
DA:56,10
DA:58,1
DA:59,1
DA:60,1
end_of_record
TN:
SF:/root/rustmap/c-code/rosseta-125/largest_int_from_concatenated_ints/main.c
FN:5,catcmp
FNDA:18,catcmp
FN:13,maxcat
FNDA:2,maxcat
FN:22,main
FNDA:1,main
DA:5,18
DA:8,18
DA:9,18
DA:10,18
DA:13,2
DA:16,2
DA:17,14
DA:18,12
DA:19,2
DA:20,2
DA:22,1
DA:24,1
DA:25,1
DA:27,1
DA:28,1
DA:30,1
end_of_record
TN:
SF:/root/rustmap/c-code/rosseta-125/binary_search/main.c
FN:3,bsearch
FNDA:1,bsearch
FN:20,bsearch_r
FNDA:5,bsearch_r
FN:36,main
FNDA:1,main
DA:3,1
DA:4,1
DA:5,1
DA:6,1
DA:7,1
DA:8,1
DA:10,0
DA:11,0
DA:14,0
DA:17,0
DA:20,5
DA:21,5
DA:22,1
DA:24,4
DA:25,4
DA:26,0
DA:28,4
DA:29,2
DA:32,2
DA:36,1
DA:37,1
DA:38,1
DA:39,1
DA:40,1
DA:41,1
DA:42,1
DA:43,1
DA:44,1
DA:45,1
end_of_record
TN:
SF:/root/rustmap/c-code/rosseta-125/short_circuit_evaluation/main.c
FN:4,a
FNDA:4,a
FN:10,b
FNDA:2,b
FN:22,main
FNDA:1,main
DA:4,4
DA:6,4
DA:7,4
DA:10,2
DA:12,2
DA:13,2
DA:22,1
DA:26,1
DA:27,1
DA:28,1
DA:29,1
DA:31,1
end_of_record
TN:
SF:/root/rustmap/c-code/rosseta-125/quickselect_algorithm/main.c
FN:4,qselect
FNDA:35,qselect
FN:22,main
FNDA:1,main
DA:4,35
DA:9,200
DA:10,165
DA:11,89
DA:12,89
DA:15,35
DA:17,10
DA:18,60
DA:19,25
DA:22,1
DA:25,1
DA:29,11
DA:30,10
DA:31,10
DA:34,1
end_of_record
TN:
SF:/root/rustmap/c-code/rosseta-125/n_plus_one_half/main.c
FN:3,main
FNDA:1,main
DA:3,1
DA:6,11
DA:7,10
DA:8,10
DA:10,1
end_of_record
TN:
SF:/root/rustmap/c-code/rosseta-125/knapsack_problem_continuous/main.c
FN:16,item_cmp
FNDA:20,item_cmp
FN:23,main
FNDA:1,main
DA:16,20
DA:18,20
DA:19,20
DA:20,20
DA:23,1
DA:26,1
DA:28,1
DA:29,6
DA:30,5
DA:31,4
DA:33,1
DA:36,1
end_of_record
TN:
SF:/root/rustmap/c-code/rosseta-125/jacobi_symbol/main.c
FN:6,jacobi
FNDA:231,jacobi
FN:22,print_table
FNDA:1,print_table
FN:36,main
FNDA:1,main
DA:6,231
DA:7,231
DA:8,231
DA:9,504
DA:10,482
DA:11,209
DA:12,209
DA:14,273
DA:15,273
DA:16,273
DA:18,231
DA:19,49
DA:22,1
DA:23,1
DA:24,22
DA:25,1
DA:26,22
DA:27,1
DA:28,12
DA:29,11
DA:30,242
DA:31,231
DA:32,11
DA:34,1
DA:36,1
DA:37,1
DA:38,1
end_of_record
TN:
SF:/root/rustmap/c-code/rosseta-125/pythagorean_triples/main.c
FN:14,new_tri
FNDA:23410121,new_tri
FN:36,main
FNDA:1,main
DA:14,23410121
DA:17,23410121
DA:19,23410121
DA:21,7803371
DA:25,7803371
DA:28,31213484
DA:29,23410113
DA:30,23410113
DA:31,23410113
DA:32,23410113
DA:36,1
DA:38,1
DA:40,9
DA:41,8
DA:42,8
DA:44,8
DA:47,1
end_of_record
TN:
SF:/root/rustmap/c-code/rosseta-125/one_of_n_lines_in_a_file/main.c
FN:4,irand
FNDA:9000000,irand
FN:12,one_of_n
FNDA:1000000,one_of_n
FN:21,main
FNDA:1,main
DA:4,9000000
DA:6,9000000
DA:7,9000000
DA:9,9000000
DA:12,1000000
DA:14,1000000
DA:15,10000000
DA:16,9000000
DA:17,1928218
DA:18,1000000
DA:21,1
DA:23,1
DA:25,1000001
DA:27,11
DA:28,10
DA:30,1
end_of_record
TN:
SF:/root/rustmap/c-code/rosseta-125/price_fraction/main.c
FN:12,price_fix
FNDA:101,price_fix
FN:21,main
FNDA:1,main
DA:12,101
DA:15,1051
DA:16,1051
DA:18,0
DA:21,1
DA:24,102
DA:25,101
DA:27,1
end_of_record
TN:
SF:/root/rustmap/c-code/rosseta-125/extreme_floating_point_values/main.c
FN:3,main
FNDA:1,main
DA:3,1
DA:5,1
DA:6,1
DA:7,1
DA:8,1
DA:10,1
DA:11,1
DA:12,1
DA:13,1
DA:17,1
DA:18,1
DA:19,1
DA:20,1
DA:21,1
DA:22,1
DA:23,1
DA:27,1
DA:28,1
DA:30,1
end_of_record
TN:
SF:/root/rustmap/c-code/rosseta-125/generate_random_chess_position/main.c
FN:14,placeKings
FNDA:1,placeKings
FN:29,placePieces
FNDA:4,placePieces
FN:42,toFen
FNDA:1,toFen
FN:71,createFen
FNDA:1,createFen
FN:80,main
FNDA:1,main
DA:14,1
DA:17,1
DA:18,1
DA:19,1
DA:20,1
DA:21,1
DA:22,1
DA:23,1
DA:24,1
DA:29,4
DA:31,4
DA:32,12
DA:34,11
DA:35,11
DA:37,11
DA:38,8
DA:40,4
DA:42,1
DA:44,1
DA:45,9
DA:46,72
DA:47,64
DA:48,64
DA:49,64
DA:50,54
DA:53,10
DA:54,8
DA:55,8
DA:57,10
DA:60,8
DA:61,8
DA:62,8
DA:64,8
DA:65,8
DA:67,1
DA:68,1
DA:69,1
DA:71,1
DA:72,1
DA:73,1
DA:74,1
DA:75,1
DA:76,1
DA:77,1
DA:78,1
DA:80,1
DA:81,1
DA:82,1
DA:83,1
end_of_record
TN:
SF:/root/rustmap/c-code/rosseta-125/combinations/main.c
FN:8,comb
FNDA:39,comb
FN:25,main
FNDA:1,main
DA:8,39
DA:10,39
DA:12,29
DA:15,60
DA:16,50
DA:17,10
DA:18,10
DA:21,19
DA:22,19
DA:25,1
DA:27,1
DA:28,1
end_of_record
TN:
SF:/root/rustmap/c-code/rosseta-125/range_expansion/main.c
FN:19,get_list
FNDA:2,get_list
FN:37,get_rnge
FNDA:8,get_rnge
FN:54,add_number
FNDA:0,add_number
FN:59,add_range
FNDA:5,add_range
FN:66,main
FNDA:1,main
DA:19,8
DA:23,8
DA:24,8
DA:25,8
DA:27,8
DA:28,8
DA:29,7
DA:30,1
DA:32,1
DA:33,1
DA:34,1
DA:37,8
DA:41,8
DA:42,8
DA:44,9
DA:45,8
DA:46,3
DA:47,3
DA:49,5
DA:50,5
DA:51,5
DA:54,0
DA:56,0
DA:57,0
DA:59,5
DA:61,5
DA:62,30
DA:63,5
DA:66,1
DA:71,1
DA:75,1
DA:77,1
end_of_record
TN:
SF:/root/rustmap/c-code/rosseta-125/arithmetic_mean/main.c
FN:3,mean
FNDA:6,mean
FN:12,main
FNDA:1,main
DA:3,6
DA:5,6
DA:7,21
DA:8,15
DA:9,6
DA:12,1
DA:14,1
DA:16,7
DA:17,6
DA:18,21
DA:19,15
DA:20,6
DA:23,1
end_of_record
TN:
SF:/root/rustmap/c-code/rosseta-125/next_highest_int_from_digits/main.c
FN:7,swap
FNDA:13,swap
FN:13,reverse
FNDA:6,reverse
FN:18,next_permutation
FNDA:9,next_permutation
FN:35,next_highest_int
FNDA:8,next_highest_int
FN:43,main
FNDA:1,main
DA:7,13
DA:8,13
DA:9,13
DA:10,13
DA:11,13
DA:13,6
DA:14,13
DA:15,7
DA:16,6
DA:18,9
DA:19,9
DA:20,9
DA:21,2
DA:22,18
DA:23,17
DA:24,17
DA:25,6
DA:26,14
DA:27,6
DA:28,6
DA:29,6
DA:32,1
DA:35,8
DA:37,8
DA:38,8
DA:39,3
DA:40,5
DA:43,1
DA:44,1
DA:45,1
DA:46,9
DA:47,8
DA:49,1
DA:51,1
DA:52,1
DA:53,1
DA:54,1
end_of_record
TN:
SF:/root/rustmap/c-code/rosseta-125/n_queens_problem/main.c
FN:5,solve
FNDA:2057,solve
FN:26,main
FNDA:1,main
DA:5,2057
DA:7,2057
DA:8,92
DA:9,828
DA:10,6624
DA:11,5888
DA:13,92
DA:17,17685
DA:18,48808
DA:19,15720
DA:21,2056
DA:22,2056
DA:26,1
DA:27,1
DA:28,1
DA:29,1
DA:30,1
end_of_record
TN:
SF:/root/rustmap/c-code/rosseta-125/count_in_factors/main.c
FN:6,get_prime
FNDA:5224,get_prime
FN:47,main
FNDA:1,main
DA:6,5224
DA:13,5224
DA:15,11
DA:17,1
DA:18,1
DA:20,11
DA:22,1
DA:23,1
DA:24,1
DA:27,11
DA:28,28
DA:30,17
DA:31,47
DA:33,47
DA:34,47
DA:36,10
DA:37,10
DA:39,37
DA:40,7
DA:44,5224
DA:47,1
DA:52,1000
DA:54,999
DA:56,999
DA:58,5224
DA:59,7184
DA:61,1960
DA:62,1960
DA:63,1129
DA:64,1960
DA:65,1960
DA:67,5224
DA:68,999
DA:71,999
DA:72,168
DA:73,831
DA:74,744
DA:76,87
DA:78,1
end_of_record
TN:
SF:/root/rustmap/c-code/rosseta-125/luhn_test_of_credit_card_numbers/main.c
FN:4,luhn
FNDA:4,luhn
FN:17,main
FNDA:1,main
DA:4,4
DA:6,4
DA:7,4
DA:9,58
DA:10,54
DA:11,54
DA:14,4
DA:17,1
DA:19,1
DA:28,5
DA:29,4
DA:31,1
end_of_record
TN:
SF:/root/rustmap/c-code/rosseta-125/leap_year/main.c
FN:3,is_leap_year
FNDA:5,is_leap_year
FN:8,main
FNDA:1,main
DA:3,5
DA:5,5
DA:8,1
DA:10,1
DA:11,6
DA:12,5
DA:13,5
end_of_record
TN:
SF:/root/rustmap/c-code/rosseta-125/roman_numerals_decode/main.c
FN:10,decode
FNDA:4,decode
FN:38,main
FNDA:1,main
DA:10,4
DA:14,4
DA:15,25
DA:16,21
DA:20,21
DA:23,74
DA:25,21
DA:26,18
DA:28,3
DA:29,6
DA:30,3
DA:33,21
DA:35,4
DA:38,1
DA:40,1
DA:43,5
DA:44,4
DA:46,1
end_of_record
TN:
SF:/root/rustmap/c-code/rosseta-125/base64_decode_data/main.c
FN:7,findIndex
FNDA:116,findIndex
FN:26,decode
FNDA:1,decode
FN:70,main
FNDA:1,main
DA:7,116
DA:8,116
DA:9,58
DA:11,58
DA:12,50
DA:14,8
DA:15,8
DA:17,0
DA:18,0
DA:20,0
DA:21,0
DA:23,0
DA:26,1
DA:27,1
DA:28,1
DA:29,1
DA:32,1
DA:33,0
DA:36,30
DA:37,29
DA:38,29
DA:39,29
DA:40,29
DA:42,29
DA:43,29
DA:45,29
DA:46,29
DA:47,29
DA:49,29
DA:50,29
DA:52,29
DA:53,29
DA:54,29
DA:56,29
DA:57,29
DA:59,29
DA:60,29
DA:61,29
DA:66,1
DA:67,1
DA:70,1
DA:71,1
DA:74,1
DA:75,1
DA:76,1
DA:78,1
end_of_record
TN:
SF:/root/rustmap/c-code/rosseta-125/loop_over_multiple_arrays_simultaneously/main.c
FN:7,main
FNDA:1,main
DA:7,1
DA:8,4
DA:9,3
end_of_record
TN:
SF:/root/rustmap/c-code/rosseta-125/modular_inverse/main.c
FN:3,mul_inv
FNDA:1,mul_inv
FN:17,main
FNDA:1,main
DA:3,1
DA:5,1
DA:6,1
DA:7,1
DA:8,4
DA:9,3
DA:10,3
DA:11,3
DA:13,1
DA:14,1
DA:17,1
DA:18,1
DA:19,1
end_of_record
TN:
SF:/root/rustmap/c-code/rosseta-125/levenshtein_distance/main.c
FN:5,levenshtein
FNDA:44282065,levenshtein
FN:37,main
FNDA:1,main
DA:5,44282065
DA:12,44282065
DA:13,27985578
DA:18,19013862
DA:19,6379761
DA:27,12634101
DA:28,12634101
DA:29,12634101
DA:31,12634101
DA:32,12634101
DA:34,12634101
DA:37,1
DA:39,1
DA:40,1
DA:41,1
DA:42,1
DA:44,1
end_of_record
TN:
SF:/root/rustmap/c-code/rosseta-125/set/main.c
FN:5,show_set
FNDA:6,show_set
FN:15,main
FNDA:1,main
DA:5,6
DA:8,6
DA:9,60
DA:10,54
DA:11,21
DA:12,6
DA:13,6
DA:15,1
DA:20,1
DA:21,5
DA:22,4
DA:23,1
DA:25,6
DA:26,5
DA:28,1
DA:29,1
DA:30,1
DA:31,1
DA:33,1
DA:34,1
DA:35,1
DA:36,1
DA:37,1
DA:38,1
DA:40,1
DA:44,1
end_of_record
TN:
SF:/root/rustmap/c-code/rosseta-125/iterated_digits_squaring/main.c
FN:5,is89
FNDA:15862,is89
FN:18,main
FNDA:1,main
DA:5,95898
DA:7,80036
DA:8,95898
DA:9,210807
DA:11,95898
DA:12,82351
DA:13,80036
DA:18,1
DA:21,1
DA:23,20
DA:24,17030
DA:25,164580
DA:26,149170
DA:27,149170
DA:28,147570
DA:32,20
DA:33,15881
DA:34,15862
DA:36,13547
DA:37,1
DA:38,1
DA:40,13546
DA:43,19
end_of_record
TN:
SF:/root/rustmap/c-code/rosseta-125/fairshare_between_two_and_more/main.c
FN:5,turn
FNDA:250100,turn
FN:17,fairshare
FNDA:4,fairshare
FN:30,turnCount
FNDA:5,turnCount
FN:83,main
FNDA:1,main
DA:5,250100
DA:7,250100
DA:8,612285
DA:10,362185
DA:11,362185
DA:12,362185
DA:14,250100
DA:17,4
DA:21,4
DA:22,104
DA:24,100
DA:25,100
DA:27,4
DA:28,4
DA:30,5
DA:32,5
DA:35,5
DA:37,0
DA:38,0
DA:41,250005
DA:43,250000
DA:44,250000
DA:47,5
DA:48,5
DA:49,5
DA:50,151573
DA:52,151568
DA:54,151567
DA:56,151568
DA:58,7
DA:60,151568
DA:62,7
DA:66,5
DA:67,5
DA:69,1
DA:71,4
DA:73,1
DA:77,3
DA:80,5
DA:83,1
DA:85,1
DA:86,1
DA:87,1
DA:88,1
DA:90,1
DA:91,1
DA:92,1
DA:93,1
DA:94,1
DA:95,1
DA:97,1
end_of_record
TN:
SF:/root/rustmap/c-code/rosseta-125/magnanimous_numbers/main.c
FN:11,is_prime
FNDA:706849,is_prime
FN:26,ord
FNDA:4,ord
FN:50,is_magnanimous
FNDA:626601,is_magnanimous
FN:62,list_mags
FNDA:3,list_mags
FN:83,main
FNDA:1,main
DA:11,706849
DA:13,706849
DA:14,706846
DA:15,353371
DA:16,248941
DA:17,2488859
DA:18,2407936
DA:19,2307733
DA:20,2307733
DA:21,2239918
DA:23,80923
DA:26,4
DA:28,4
DA:29,4
DA:30,0
DA:31,0
DA:33,4
DA:34,2
DA:35,2
DA:36,2
DA:37,0
DA:38,0
DA:39,0
DA:40,0
DA:41,0
DA:42,0
DA:43,2
DA:44,2
DA:45,2
DA:47,4
DA:50,626601
DA:52,626601
DA:53,706849
DA:54,706849
DA:55,706849
DA:56,706849
DA:57,80943
DA:59,665
DA:62,3
DA:63,3
DA:64,3
DA:66,3
DA:67,1
DA:69,2
DA:70,2
DA:71,2
DA:73,626604
DA:74,626601
DA:75,695
DA:76,65
DA:77,65
DA:81,3
DA:83,1
DA:84,1
DA:85,1
DA:86,1
DA:87,1
end_of_record
TN:
SF:/root/rustmap/c-code/rosseta-125/floyds_triangle/main.c
FN:3,t
FNDA:2,t
FN:55,main
FNDA:1,main
DA:3,2
DA:7,2
DA:8,5
DA:9,2
DA:49,21
DA:50,139
DA:51,120
DA:53,2
DA:55,1
DA:57,1
DA:61,1
end_of_record
TN:
SF:/root/rustmap/c-code/rosseta-125/host_introspection/main.c
FN:5,main
FNDA:1,main
DA:5,1
DA:6,1
DA:11,1
DA:17,1
DA:18,1
DA:20,0
DA:21,1
end_of_record
TN:
SF:/root/rustmap/c-code/rosseta-125/sexy_primes/main.c
FN:11,sieve
FNDA:1,sieve
FN:34,printHelper
FNDA:5,printHelper
FN:41,printArray
FNDA:17,printArray
FN:48,main
FNDA:1,main
DA:11,1
DA:12,1
DA:14,1
DA:15,1
DA:18,168
DA:19,168
DA:20,1
DA:22,811263
DA:23,811096
DA:26,503
DA:27,503
DA:28,167
DA:32,1
DA:34,5
DA:35,5
DA:36,5
DA:37,5
DA:38,5
DA:39,5
DA:41,17
DA:43,17
DA:44,77
DA:45,17
DA:46,17
DA:48,1
DA:49,1
DA:50,1
DA:51,1
DA:52,1
DA:55,1
DA:56,1
DA:57,1
DA:60,500017
DA:61,500016
DA:62,48625
DA:63,48625
DA:65,451391
DA:66,16386
DA:67,435005
DA:69,16386
DA:70,2900
DA:71,13486
DA:73,2900
DA:74,325
DA:75,2575
DA:77,325
DA:78,1
DA:81,1
DA:82,1
DA:83,1
DA:84,1
DA:85,1
DA:88,500017
DA:89,500016
DA:90,48625
DA:91,48625
DA:92,10
DA:94,48625
DA:96,451391
DA:97,16386
DA:98,16386
DA:99,5
DA:100,5
DA:102,435005
DA:104,16386
DA:105,2900
DA:106,2900
DA:107,5
DA:108,5
DA:109,5
DA:111,13486
DA:113,2900
DA:114,325
DA:115,325
DA:116,5
DA:117,5
DA:118,5
DA:120,2575
DA:122,325
DA:123,1
DA:124,1
DA:125,1
DA:126,1
DA:127,1
DA:128,1
DA:133,1
DA:134,1
DA:135,6
DA:136,5
DA:137,5
DA:139,1
DA:141,1
DA:142,1
DA:143,6
DA:144,5
DA:145,5
DA:147,1
DA:149,1
DA:150,1
DA:151,6
DA:152,5
DA:153,5
DA:155,1
DA:157,1
DA:158,1
DA:159,2
DA:160,1
DA:161,1
DA:163,1
DA:165,1
DA:166,1
DA:167,1
DA:168,1
DA:169,1
DA:170,1
end_of_record
TN:
SF:/root/rustmap/c-code/rosseta-125/nimber_arithmetic/main.c
FN:4,hpo2
FNDA:10181,hpo2
FN:8,lhpo2
FNDA:3092,lhpo2
FN:14,nimsum
FNDA:257,nimsum
FN:18,nimprod
FNDA:5674,nimprod
FN:34,print_table
FNDA:2,print_table
FN:50,main
FNDA:1,main
DA:4,10181
DA:5,10181
DA:8,3092
DA:9,3092
DA:10,10407
DA:11,3092
DA:14,257
DA:15,257
DA:18,5674
DA:19,5674
DA:20,1880
DA:21,3794
DA:22,3794
DA:23,1389
DA:24,2405
DA:25,859
DA:26,1546
DA:27,1546
DA:28,1546
DA:29,656
DA:30,890
DA:31,890
DA:34,2
DA:35,2
DA:36,34
DA:37,32
DA:38,2
DA:39,34
DA:40,32
DA:41,2
DA:42,34
DA:43,32
DA:44,544
DA:45,512
DA:46,32
DA:48,2
DA:50,1
DA:51,1
DA:52,1
DA:53,1
DA:54,1
DA:55,1
DA:56,1
DA:57,1
end_of_record
TN:
SF:/root/rustmap/c-code/rosseta-125/chaocipher/main.c
FN:14,chao
FNDA:2,chao
FN:58,main
FNDA:1,main
DA:14,2
DA:17,2
DA:19,2
DA:20,2
DA:21,2
DA:23,56
DA:24,56
DA:25,56
DA:26,28
DA:27,28
DA:30,28
DA:31,28
DA:33,56
DA:37,724
DA:38,788
DA:39,54
DA:40,702
DA:41,54
DA:42,54
DA:46,724
DA:47,788
DA:48,54
DA:49,1404
DA:50,54
DA:51,54
DA:52,648
DA:53,54
DA:54,54
DA:56,2
DA:58,1
DA:59,1
DA:60,1
DA:61,1
DA:62,1
DA:63,1
DA:65,1
DA:66,1
DA:67,1
DA:68,1
DA:69,1
DA:70,1
DA:71,1
end_of_record
TN:
SF:/root/rustmap/c-code/rosseta-125/chinese_zodiac/main.c
FN:7,getElement
FNDA:6,getElement
FN:12,getAnimal
FNDA:6,getAnimal
FN:16,getYY
FNDA:6,getYY
FN:24,main
FNDA:1,main
DA:7,6
DA:8,6
DA:9,6
DA:12,6
DA:13,6
DA:16,6
DA:17,6
DA:18,4
DA:20,2
DA:24,1
DA:25,1
DA:29,7
DA:30,6
DA:31,6
DA:34,1
end_of_record
TN:
SF:/root/rustmap/c-code/rosseta-125/factors_of_a_mersenne_number/main.c
FN:1,isPrime
FNDA:1,isPrime
FN:12,main
FNDA:1,main
DA:1,1
DA:2,1
DA:3,1
DA:4,1
DA:5,6
DA:6,5
DA:7,5
DA:8,5
DA:9,5
DA:10,1
DA:12,1
DA:13,1
DA:14,1
DA:15,23
DA:16,1
DA:17,77
DA:18,70
DA:19,70
DA:20,70
DA:21,7
DA:22,1
DA:24,1
end_of_record
TN:
SF:/root/rustmap/c-code/rosseta-125/carmichael_3_strong_pseudoprimes/main.c
FN:7,is_prime
FNDA:993,is_prime
FN:24,carmichael3
FNDA:60,carmichael3
FN:42,main
FNDA:1,main
DA:7,993
DA:9,993
DA:10,2
DA:12,991
DA:13,250
DA:17,2284
DA:18,1861
DA:19,318
DA:20,423
DA:24,60
DA:26,60
DA:29,501
DA:30,29964
DA:31,29481
DA:32,637
DA:33,637
DA:34,296
DA:35,296
DA:36,69
DA:42,1
DA:45,61
DA:46,60
DA:47,1
end_of_record
TN:
SF:/root/rustmap/c-code/rosseta-125/population_count/main.c
FN:3,main
FNDA:1,main
DA:3,1
DA:5,1
DA:6,31
DA:10,30
DA:11,30
DA:13,1
DA:17,1
DA:18,1
DA:19,61
DA:20,60
DA:21,30
DA:22,30
DA:23,30
DA:26,30
DA:27,30
DA:31,1
DA:32,1
DA:33,31
DA:34,30
DA:36,1
DA:38,1
end_of_record
TN:
SF:/root/rustmap/c-code/rosseta-125/array_concatenation/main.c
FN:8,array_concat
FNDA:1,array_concat
FN:20,main
FNDA:1,main
DA:8,1
DA:11,1
DA:12,1
DA:13,1
DA:14,1
DA:20,1
DA:24,1
DA:26,11
DA:27,10
DA:29,1
DA:30,1
end_of_record
TN:
SF:/root/rustmap/c-code/rosseta-125/nth/main.c
FN:3,addSuffix
FNDA:68,addSuffix
FN:23,main
FNDA:1,main
DA:3,68
DA:5,68
DA:8,68
DA:10,8
DA:11,8
DA:12,8
DA:13,8
DA:14,8
DA:15,8
DA:16,44
DA:19,68
DA:20,68
DA:23,1
DA:27,1
DA:28,27
DA:31,26
DA:33,1
DA:35,1
DA:36,17
DA:39,16
DA:41,1
DA:43,1
DA:44,27
DA:47,26
DA:49,1
DA:51,1
end_of_record
TN:
SF:/root/rustmap/c-code/rosseta-125/repeat/main.c
FN:3,repeat
FNDA:1,repeat
FN:8,example
FNDA:4,example
FN:12,main
FNDA:1,main
DA:3,1
DA:4,5
DA:5,4
DA:6,1
DA:8,4
DA:9,4
DA:10,4
DA:12,1
DA:13,1
DA:14,1
end_of_record
TN:
SF:/root/rustmap/c-code/rosseta-125/character_codes/main.c
FN:3,main
FNDA:1,main
DA:3,1
DA:4,1
DA:5,1
DA:6,1
end_of_record
TN:
SF:/root/rustmap/c-code/rosseta-125/lu_decomposition/main.c
FN:18,mat_zero
FNDA:14,mat_zero
FN:21,mat_new
FNDA:10,mat_new
FN:33,mat_copy
FNDA:2,mat_copy
FN:41,mat_del
FNDA:10,mat_del
FN:46,mat_show
FNDA:8,mat_show
FN:59,mat_mul
FNDA:2,mat_mul
FN:67,mat_pivot
FNDA:2,mat_pivot
FN:81,mat_LU
FNDA:2,mat_LU
FN:107,main
FNDA:1,main
DA:18,238
DA:21,10
DA:23,10
DA:24,10
DA:26,45
DA:27,10
DA:29,10
DA:33,2
DA:35,2
DA:36,34
DA:37,2
DA:41,10
DA:46,8
DA:48,8
DA:49,36
DA:50,28
DA:51,128
DA:52,100
DA:53,100
DA:56,8
DA:59,2
DA:61,2
DA:62,125
DA:63,2
DA:67,2
DA:69,34
DA:70,9
DA:71,7
DA:72,23
DA:73,16
DA:75,7
DA:76,9
DA:78,2
DA:81,2
DA:83,2
DA:84,2
DA:86,2
DA:88,9
DA:89,34
DA:91,25
DA:92,30
DA:93,16
DA:95,25
DA:96,30
DA:97,16
DA:101,2
DA:102,2
DA:107,1
DA:109,1
DA:112,1
DA:113,1
DA:114,1
DA:115,1
DA:116,1
DA:118,1
DA:120,1
DA:122,1
DA:123,1
DA:124,1
DA:125,1
DA:126,1
DA:128,1
end_of_record
TN:
SF:/root/rustmap/c-code/rosseta-125/map_range/main.c
FN:3,mapRange
FNDA:11,mapRange
FN:8,main
FNDA:1,main
DA:3,11
DA:5,11
DA:8,1
DA:11,1
DA:13,12
DA:15,11
DA:18,1
end_of_record
TN:
SF:/root/rustmap/c-code/rosseta-125/jortsort/main.c
FN:6,number_of_digits
FNDA:0,number_of_digits
FN:14,convert_array
FNDA:1,convert_array
FN:30,isSorted
FNDA:1,isSorted
FN:38,main
FNDA:1,main
DA:6,0
DA:8,0
DA:9,0
DA:11,0
DA:14,1
DA:16,1
DA:19,1
DA:21,0
DA:22,0
DA:25,1
DA:30,1
DA:31,1
DA:32,1
DA:33,0
DA:36,1
DA:38,1
DA:43,1
DA:47,1
DA:48,0
DA:49,0
DA:50,1
DA:51,1
end_of_record
TN:
SF:/root/rustmap/c-code/rosseta-125/department_number/main.c
FN:3,main
FNDA:1,main
DA:3,1
DA:7,1
DA:8,1
DA:10,4
DA:11,24
DA:12,168
DA:13,147
DA:14,14
DA:20,1
end_of_record
