        -:    0:Source:main.c
        -:    0:Graph:main.gcno
        -:    0:Data:main.gcda
        -:    0:Runs:3
        -:    0:Programs:1
        -:    1:#include <stdio.h>
        -:    2:#include <stdlib.h>
        -:    3:#include <string.h>
        -:    4: 
       72:    5:int catcmp(const void *a, const void *b)
        -:    6:{
        -:    7:	char ab[32], ba[32];
       72:    8:	sprintf(ab, "%d%d", *(int*)a, *(int*)b);
       72:    9:	sprintf(ba, "%d%d", *(int*)b, *(int*)a);
       72:   10:	return strcmp(ba, ab);
        -:   11:}
        -:   12: 
        6:   13:void maxcat(int *a, int len)
        -:   14:{
        -:   15:	int i;
        6:   16:	qsort(a, len, sizeof(int), catcmp);
       42:   17:	for (i = 0; i < len; i++)
       36:   18:		printf("%d", a[i]);
        6:   19:	putchar('\n');
        6:   20:}
        -:   21: 
        3:   22:int main(void)
        -:   23:{
        3:   24:	int x[] = {1, 34, 3, 98, 9, 76, 45, 4};
        3:   25:	int y[] = {54, 546, 548, 60};
        -:   26: 
        3:   27:	maxcat(x, sizeof(x)/sizeof(x[0]));
        3:   28:	maxcat(y, sizeof(y)/sizeof(y[0]));
        -:   29: 
        3:   30:	return 0;
        -:   31:}
