        -:    0:Source:main.c
        -:    0:Graph:main.gcno
        -:    0:Data:main.gcda
        -:    0:Runs:4
        -:    0:Programs:1
        -:    1:#include <stdbool.h>
        -:    2:#include <stddef.h>
        -:    3:#include <stdio.h>
        -:    4: 
        4:    5:bool damm(unsigned char *input, size_t length) {
        -:    6:    static const unsigned char table[10][10] = {
        -:    7:        {0, 3, 1, 7, 5, 9, 8, 6, 4, 2},
        -:    8:        {7, 0, 9, 2, 1, 5, 4, 8, 6, 3},
        -:    9:        {4, 2, 0, 6, 8, 7, 1, 3, 5, 9},
        -:   10:        {1, 7, 5, 0, 9, 8, 3, 4, 2, 6},
        -:   11:        {6, 1, 2, 3, 0, 4, 5, 9, 7, 8},
        -:   12:        {3, 6, 7, 4, 2, 0, 9, 5, 8, 1},
        -:   13:        {5, 8, 6, 9, 7, 2, 0, 1, 3, 4},
        -:   14:        {8, 9, 4, 5, 3, 6, 2, 0, 1, 7},
        -:   15:        {9, 4, 3, 8, 6, 1, 7, 2, 0, 5},
        -:   16:        {2, 5, 8, 1, 4, 3, 6, 7, 9, 0},
        -:   17:    };
        -:   18: 
        4:   19:    unsigned char interim = 0;
       20:   20:    for (size_t i = 0; i < length; i++) {
       16:   21:        interim = table[interim][input[i]];
       16:   22:    }
        4:   23:    return interim == 0;
        -:   24:}
        -:   25: 
        4:   26:int main() {
        4:   27:    unsigned char input[4] = {5, 7, 2, 4};
        4:   28:    puts(damm(input, 4) ? "Checksum correct" : "Checksum incorrect");
        4:   29:    return 0;
        -:   30:}
