TN:
SF:/usr/include/x86_64-linux-gnu/bits/stdio2.h
DA:103,0
DA:105,0
end_of_record
SF:/root/rustmap/xuemeng/c-code/bzip2-1.0.8-macro/compress.c
FN:37,BZ2_bsInitWrite
FNDA:0,BZ2_bsInitWrite
FN:46,bsFinishWrite
FNDA:3,bsFinishWrite
FN:57,bsNEEDW
FNDA:211232,bsNEEDW
FN:70,bsW
FNDA:211232,bsW
FN:80,bsPutUInt32
FNDA:7,bsPutUInt32
FN:103,makeMaps_e
FNDA:4,makeMaps_e
FN:117,generateMTFValues
FNDA:4,generateMTFValues
FN:236,sendMTFValues
FNDA:4,sendMTFValues
FN:599,BZ2_compressBlock
FNDA:4,BZ2_compressBlock
DA:37,3
DA:39,3
DA:40,3
DA:41,0
DA:46,3
DA:48,9
DA:49,6
DA:50,6
DA:51,6
DA:52,6
DA:54,3
DA:57,211232
DA:59,317541
DA:60,106309
DA:61,106309
DA:62,106309
DA:63,106309
DA:65,211232
DA:70,211232
DA:72,211232
DA:73,211232
DA:74,211232
DA:75,211232
DA:80,7
DA:82,7
DA:83,7
DA:84,7
DA:85,7
DA:86,7
DA:91,54
DA:93,54
DA:94,3
DA:103,4
DA:105,4
DA:106,4
DA:107,1028
DA:108,1024
DA:109,789
DA:110,789
DA:112,4
DA:117,4
DA:119,4
DA:120,4
DA:121,4
DA:122,4
DA:123,4
DA:147,4
DA:148,4
DA:149,4
DA:151,4
DA:152,4
DA:154,801
DA:156,793
DA:157,793
DA:158,793
DA:160,429886
DA:161,429882
DA:162,429882
DA:163,429882
DA:164,429882
DA:165,429882
DA:167,429882
DA:168,295200
DA:171,134682
DA:172,39453
DA:173,80831
DA:174,60142
DA:175,19395
DA:176,19395
DA:178,40747
DA:179,40747
DA:181,60142
DA:182,20689
DA:187,134682
DA:188,134682
DA:189,134682
DA:190,134682
DA:191,134682
DA:192,134682
DA:193,134682
DA:194,2771221
DA:195,2636539
DA:196,2636539
DA:197,2636539
DA:198,2636539
DA:199,2636539
DA:200,134682
DA:201,134682
DA:202,134682
DA:203,134682
DA:209,4
DA:210,0
DA:211,0
DA:212,0
DA:213,0
DA:214,0
DA:216,0
DA:217,0
DA:219,0
DA:220,0
DA:222,4
DA:225,4
DA:227,4
DA:228,4
DA:236,4
DA:238,4
DA:239,4
DA:240,4
DA:253,4
DA:254,4
DA:256,4
DA:258,4
DA:259,0
DA:263,4
DA:264,28
DA:265,4806
DA:266,4782
DA:269,4
DA:270,4
DA:271,4
DA:272,3
DA:273,3
DA:274,3
DA:278,4
DA:280,4
DA:281,4
DA:282,4
DA:283,25
DA:284,21
DA:285,21
DA:286,21
DA:287,825
DA:288,804
DA:289,804
DA:292,21
DA:293,21
DA:294,12
DA:295,7
DA:296,7
DA:299,21
DA:300,0
DA:305,4701
DA:306,4680
DA:307,797
DA:308,3883
DA:310,21
DA:311,21
DA:312,21
DA:319,20
DA:321,100
DA:323,100
DA:324,18804
DA:325,18720
DA:331,16
DA:332,3064
DA:333,3052
DA:334,3052
DA:335,3052
DA:342,31192
DA:345,15604
DA:346,15588
DA:347,15588
DA:353,109044
DA:355,15588
DA:357,15556
DA:358,15556
DA:359,15556
DA:367,15556
DA:368,15556
DA:369,15556
DA:370,15556
DA:371,15556
DA:372,15556
DA:373,15556
DA:374,15556
DA:375,15556
DA:376,15556
DA:380,15556
DA:381,15556
DA:382,15556
DA:386,1544
DA:387,1512
DA:388,7080
DA:396,15588
DA:397,109044
DA:398,93456
DA:399,15588
DA:400,15588
DA:401,15588
DA:402,15588
DA:407,15588
DA:412,15556
DA:413,15556
DA:414,15556
DA:415,15556
DA:416,15556
DA:417,15556
DA:418,15556
DA:419,15556
DA:420,15556
DA:421,15556
DA:427,1544
DA:428,1512
DA:431,15588
DA:433,16
DA:434,0
DA:436,0
DA:437,0
DA:438,0
DA:446,100
DA:447,84
DA:452,4
DA:453,4
DA:461,25
DA:462,3901
DA:463,3897
DA:464,3897
DA:465,3897
DA:466,7979
DA:467,4082
DA:468,4082
DA:469,4082
DA:470,4082
DA:471,3897
DA:472,3897
DA:473,3897
DA:475,4
DA:478,25
DA:481,4701
DA:482,4680
DA:483,4680
DA:485,21
DA:486,21
DA:487,21
DA:494,68
DA:495,64
DA:496,1088
DA:497,1024
DA:500,4
DA:501,68
DA:502,64
DA:504,68
DA:505,64
DA:506,935
DA:507,880
DA:510,4
DA:511,0
DA:515,4
DA:516,4
DA:517,4
DA:518,3905
DA:519,7979
DA:520,3897
DA:522,4
DA:523,0
DA:526,4
DA:528,25
DA:529,21
DA:530,21
DA:531,4722
DA:532,6114
DA:533,5928
DA:534,4680
DA:538,4
DA:539,0
DA:542,4
DA:543,4
DA:544,4
DA:545,7798
DA:546,3901
DA:547,3897
DA:548,3897
DA:549,3897
DA:551,7786
DA:553,3889
DA:554,3889
DA:555,3889
DA:556,3889
DA:565,3889
DA:566,3889
DA:567,3889
DA:568,3889
DA:569,3889
DA:570,3889
DA:571,3889
DA:572,3889
DA:573,3889
DA:574,3889
DA:580,386
DA:581,378
DA:582,378
DA:583,378
DA:588,3897
DA:589,3897
DA:591,4
DA:593,4
DA:594,0
DA:595,4
DA:599,4
DA:601,4
DA:603,4
DA:604,4
DA:605,4
DA:606,4
DA:608,4
DA:609,0
DA:613,4
DA:616,4
DA:619,4
DA:620,3
DA:621,3
DA:622,3
DA:623,3
DA:624,3
DA:627,4
DA:629,4
DA:630,4
DA:631,4
DA:634,4
DA:645,4
DA:647,4
DA:648,4
DA:649,4
DA:654,4
DA:656,3
DA:657,3
DA:658,3
DA:659,3
DA:660,3
DA:661,0
DA:662,3
DA:664,4
end_of_record
TN:
SF:/root/rustmap/xuemeng/c-code/bzip2-1.0.8-macro/blocksort.c
FN:31,fallbackSimpleSort
FNDA:34644,fallbackSimpleSort
FN:71,fvswap
FNDA:68972,fvswap
FN:107,fallbackQSort3
FNDA:160,fallbackQSort3
FN:232,fallbackSort
FNDA:1,fallbackSort
FN:360,mainGtU
FNDA:417701,mainGtU
FN:498,mainSimpleSort
FNDA:21597,mainSimpleSort
FN:586,mvswap
FNDA:17428,mvswap
FN:651,mainQSort3
FNDA:4169,mainQSort3
FN:770,mainSort
FNDA:4,mainSort
FN:1046,BZ2_blockSort
FNDA:4,BZ2_blockSort
DA:31,34644
DA:36,34644
DA:37,34644
DA:39,34644
DA:41,34369
DA:42,49910
DA:43,38122
DA:44,38122
DA:45,38548
DA:46,426
DA:47,38122
DA:51,108114
DA:52,73745
DA:53,73745
DA:54,75465
DA:55,1720
DA:56,73745
DA:64,2047381
DA:65,2047381
DA:66,2047381
DA:67,2047381
DA:71,68972
DA:72,68972
DA:73,68972
DA:74,68972
DA:75,157930
DA:76,88958
DA:77,88958
DA:78,88958
DA:79,88958
DA:81,68972
DA:84,68972
DA:85,68972
DA:89,34646
DA:90,34646
DA:91,34646
DA:92,34646
DA:93,34646
DA:96,69132
DA:97,69132
DA:98,69132
DA:99,69132
DA:107,160
DA:111,160
DA:112,160
DA:113,160
DA:114,160
DA:115,160
DA:116,160
DA:118,160
DA:120,160
DA:121,160
DA:123,69292
DA:125,69132
DA:127,69132
DA:128,69132
DA:129,34644
DA:130,34644
DA:140,34488
DA:141,34488
DA:142,34488
DA:143,23129
DA:144,11423
DA:146,34488
DA:147,34488
DA:149,3340526
DA:150,3205523
DA:151,3205523
DA:152,3193881
DA:153,3193881
DA:154,1822775
DA:155,1822775
DA:156,1822775
DA:158,1371106
DA:159,1213257
DA:161,1373225
DA:162,1373225
DA:163,1338737
DA:164,1338737
DA:165,645
DA:166,645
DA:167,645
DA:169,1338092
DA:170,1203089
DA:172,169491
DA:173,135003
DA:176,34488
DA:178,34488
DA:180,34486
DA:181,34486
DA:182,34486
DA:183,34486
DA:185,34486
DA:186,34486
DA:188,34486
DA:189,11603
DA:190,11603
DA:192,22883
DA:193,92175
DA:196,160
DA:211,120660
DA:212,120660
DA:215,32
DA:216,32
DA:219,2049117
DA:220,2049117
DA:223,63887
DA:224,63887
DA:232,1
DA:238,1
DA:239,1
DA:240,1
DA:241,1
DA:242,1
DA:243,1
DA:249,1
DA:250,0
DA:251,258
DA:252,120245
DA:253,257
DA:254,257
DA:256,120245
DA:257,120244
DA:258,120244
DA:259,120244
DA:260,120244
DA:263,1
DA:264,3760
DA:265,257
DA:274,33
DA:275,32
DA:276,32
DA:281,17
DA:283,17
DA:284,0
DA:287,2044165
DA:288,2044148
DA:289,2044148
DA:290,2044148
DA:295,177
DA:298,177
DA:299,1060
DA:300,177
DA:301,4226
DA:302,1156
DA:304,177
DA:305,177
DA:306,1352
DA:307,160
DA:308,59661
DA:309,1401
DA:311,160
DA:312,160
DA:315,160
DA:316,160
DA:317,160
DA:320,160
DA:321,1909717
DA:322,1909397
DA:323,1909397
DA:328,17
DA:329,0
DA:331,17
DA:332,17
DA:340,1
DA:341,0
DA:343,120245
DA:344,120365
DA:345,120244
DA:346,120244
DA:348,1
DA:349,1
DA:360,417701
DA:367,417701
DA:368,417701
DA:369,417701
DA:371,417701
DA:373,417701
DA:374,417701
DA:375,252858
DA:377,252858
DA:378,252858
DA:379,165737
DA:381,165737
DA:382,165737
DA:383,121004
DA:385,121004
DA:386,121004
DA:387,90317
DA:389,90317
DA:390,90317
DA:391,68757
DA:393,68757
DA:394,68757
DA:395,55118
DA:397,55118
DA:398,55118
DA:399,44797
DA:401,44797
DA:402,44797
DA:403,35746
DA:405,35746
DA:406,35746
DA:407,29015
DA:409,29015
DA:410,29015
DA:411,23680
DA:413,23680
DA:414,23680
DA:415,19520
DA:417,19520
DA:418,19520
DA:419,16344
DA:421,16344
DA:423,1122850
DA:425,1122850
DA:426,1122850
DA:427,1119764
DA:428,1119764
DA:429,1116403
DA:431,1116403
DA:432,1116403
DA:433,1114705
DA:434,1114705
DA:435,1113334
DA:437,1113334
DA:438,1113334
DA:439,1112291
DA:440,1112291
DA:441,1111435
DA:443,1111435
DA:444,1111435
DA:445,1110502
DA:446,1110502
DA:447,1109979
DA:449,1109979
DA:450,1109979
DA:451,1108811
DA:452,1108811
DA:453,1108386
DA:455,1108386
DA:456,1108386
DA:457,1107871
DA:458,1107871
DA:459,1107518
DA:461,1107518
DA:462,1107518
DA:463,1107154
DA:464,1107154
DA:465,1106911
DA:467,1106911
DA:468,1106911
DA:469,1106650
DA:470,1106650
DA:471,1106506
DA:473,1106506
DA:474,1106506
DA:476,1106506
DA:477,1106506
DA:479,1106506
DA:498,21597
DA:507,21597
DA:508,21597
DA:510,21597
DA:511,21597
DA:514,51019
DA:515,17546
DA:517,51010
DA:518,33465
DA:520,33465
DA:521,101654
DA:524,101654
DA:525,92141
DA:526,92141
DA:527,237906
DA:528,145765
DA:530,77145
DA:531,77145
DA:532,77145
DA:534,92141
DA:535,92141
DA:538,92141
DA:539,78384
DA:540,78384
DA:541,217366
DA:542,138982
DA:544,76791
DA:545,76791
DA:546,76791
DA:548,78384
DA:549,78384
DA:552,78384
DA:553,68190
DA:554,68190
DA:555,201144
DA:556,132954
DA:558,77293
DA:559,77293
DA:560,77293
DA:562,68190
DA:563,68190
DA:565,68190
DA:580,931144
DA:581,931144
DA:582,931144
DA:583,931144
DA:586,17428
DA:587,17428
DA:588,17428
DA:589,17428
DA:590,156170
DA:591,138742
DA:592,138742
DA:593,138742
DA:594,138742
DA:596,17428
DA:598,10613
DA:599,10613
DA:600,2741
DA:601,10613
DA:602,3864
DA:603,3864
DA:605,10613
DA:608,17428
DA:609,17428
DA:612,14782
DA:613,14782
DA:614,14782
DA:615,14782
DA:616,14782
DA:617,12883
DA:620,32210
DA:621,32210
DA:622,32210
DA:623,32210
DA:624,32210
DA:627,26142
DA:628,26142
DA:631,14316
DA:632,14316
DA:633,14316
DA:634,14316
DA:635,14316
DA:637,14316
DA:638,14316
DA:639,14316
DA:641,14316
DA:642,14316
DA:643,14316
DA:644,14316
DA:651,4169
DA:659,4169
DA:660,4169
DA:661,4169
DA:663,4169
DA:664,4169
DA:665,4169
DA:667,4169
DA:668,4169
DA:669,4169
DA:671,4169
DA:672,4169
DA:674,36378
DA:676,32210
DA:678,32210
DA:679,32210
DA:680,21597
DA:681,21597
DA:682,21596
DA:685,10613
DA:687,10613
DA:688,10613
DA:690,896740
DA:691,834576
DA:692,834576
DA:693,828417
DA:694,828417
DA:695,622344
DA:696,622344
DA:698,206073
DA:699,139455
DA:701,322466
DA:702,322466
DA:703,311853
DA:704,311853
DA:705,107894
DA:706,107894
DA:708,203959
DA:709,141795
DA:711,72777
DA:712,62164
DA:715,10613
DA:717,10613
DA:718,1899
DA:719,1899
DA:722,8714
DA:723,8714
DA:725,8714
DA:726,8714
DA:728,8714
DA:729,8714
DA:730,8714
DA:732,8714
DA:733,8714
DA:734,8714
DA:736,8714
DA:737,8714
DA:739,8714
DA:740,8714
DA:741,45092
DA:761,7948
DA:762,7948
DA:770,4
DA:778,4
DA:779,4
DA:780,4
DA:781,4
DA:782,4
DA:783,4
DA:784,4
DA:785,4
DA:786,4
DA:789,262152
DA:791,4
DA:792,4
DA:793,107473
DA:794,107469
DA:795,107469
DA:796,107469
DA:797,107469
DA:798,107469
DA:799,107469
DA:800,107469
DA:801,107469
DA:802,107469
DA:803,107469
DA:804,107469
DA:805,107469
DA:807,10
DA:808,6
DA:809,6
DA:810,6
DA:814,140
DA:815,136
DA:816,136
DA:819,4
DA:822,262148
DA:824,4
DA:825,4
DA:826,107473
DA:827,107469
DA:828,107469
DA:829,107469
DA:830,107469
DA:831,107469
DA:832,107469
DA:833,107469
DA:834,107469
DA:835,107469
DA:836,107469
DA:837,107469
DA:838,107469
DA:839,107469
DA:840,107469
DA:841,107469
DA:842,107469
DA:844,10
DA:845,6
DA:846,6
DA:847,6
DA:848,6
DA:856,1028
DA:857,1024
DA:858,1024
DA:864,20
DA:865,20
DA:866,20
DA:867,4424
DA:868,4404
DA:869,4404
DA:870,7948
DA:871,4003
DA:872,4003
DA:873,4003
DA:875,3945
DA:876,4404
DA:878,20
DA:887,1024
DA:895,1021
DA:905,262245
DA:906,261225
DA:907,260204
DA:908,260204
DA:909,130556
DA:910,130556
DA:911,130556
DA:912,4169
DA:913,0
DA:916,4169
DA:920,4169
DA:921,4169
DA:924,260203
DA:928,1020
DA:938,262140
DA:939,261120
DA:940,261120
DA:942,139900
DA:943,138880
DA:944,138880
DA:945,138880
DA:946,64894
DA:948,171997
DA:949,170977
DA:950,170977
DA:951,170977
DA:952,86680
DA:956,1020
DA:965,262140
DA:1006,1020
DA:1008,1020
DA:1009,1017
DA:1010,1017
DA:1011,1017
DA:1013,1017
DA:1015,287790
DA:1016,286773
DA:1017,286773
DA:1018,286773
DA:1019,286773
DA:1020,133
DA:1022,1020
DA:1027,3
DA:1028,3
DA:1046,4
DA:1048,4
DA:1049,4
DA:1050,4
DA:1051,4
DA:1052,4
DA:1053,4
DA:1054,4
DA:1055,4
DA:1056,4
DA:1057,4
DA:1059,4
DA:1060,0
DA:1067,4
DA:1068,4
DA:1069,4
DA:1078,4
DA:1080,4
DA:1081,4
DA:1083,4
DA:1084,4
DA:1085,0
DA:1090,4
DA:1091,1
DA:1092,0
DA:1094,1
DA:1098,4
DA:1099,334963
DA:1100,334963
DA:1101,4
DA:1103,4
DA:1104,4
end_of_record
SF:/usr/include/x86_64-linux-gnu/bits/stdio2.h
DA:103,0
DA:105,0
end_of_record
TN:
SF:/root/rustmap/xuemeng/c-code/bzip2-1.0.8-macro/huffman.c
FN:41,UPHEAP
FNDA:37356,UPHEAP
FN:50,DOWNHEAP
FNDA:37272,DOWNHEAP
FN:65,BZ2_hbMakeCodeLengths
FNDA:84,BZ2_hbMakeCodeLengths
FN:154,BZ2_hbAssignCodes
FNDA:21,BZ2_hbAssignCodes
FN:172,BZ2_hbCreateDecodeTables
FNDA:21,BZ2_hbCreateDecodeTables
DA:25,18636
DA:26,18636
DA:29,18636
DA:30,18636
DA:33,18636
DA:34,18636
DA:37,18636
DA:38,18636
DA:41,37356
DA:42,37356
DA:43,69153
DA:44,31797
DA:45,31797
DA:47,37356
DA:48,37356
DA:50,37272
DA:51,37272
DA:52,432628
DA:53,234950
DA:54,234950
DA:55,205051
DA:56,205051
DA:57,197678
DA:58,197678
DA:60,37272
DA:61,37272
DA:65,84
DA:74,84
DA:75,84
DA:77,84
DA:78,84
DA:79,84
DA:81,18804
DA:82,18720
DA:84,84
DA:86,84
DA:87,84
DA:89,84
DA:90,84
DA:91,84
DA:93,18804
DA:94,18720
DA:95,18720
DA:96,18720
DA:97,18720
DA:102,18720
DA:103,18636
DA:104,18636
DA:105,18636
DA:106,18636
DA:107,18636
DA:108,18636
DA:109,18636
DA:110,18636
DA:111,18636
DA:114,84
DA:117,18804
DA:120,217607
DA:121,18720
DA:122,18720
DA:125,84
DA:144,0
DA:145,0
DA:146,0
DA:147,0
DA:150,84
DA:154,21
DA:160,21
DA:162,21
DA:163,231
DA:164,50513
DA:165,50303
DA:166,210
DA:168,21
DA:172,21
DA:180,21
DA:182,21
DA:183,231
DA:184,50513
DA:185,50303
DA:187,504
DA:188,4701
DA:190,483
DA:192,504
DA:195,231
DA:196,210
DA:197,210
DA:198,210
DA:200,210
DA:201,189
DA:202,21
end_of_record
TN:
SF:/usr/include/x86_64-linux-gnu/bits/fcntl2.h
DA:41,0
DA:43,0
DA:46,0
DA:48,0
DA:53,0
end_of_record
SF:/usr/include/x86_64-linux-gnu/bits/string_fortified.h
DA:77,6
DA:79,6
DA:92,30
DA:95,30
DA:128,0
DA:130,0
end_of_record
SF:/usr/include/x86_64-linux-gnu/bits/stdio2.h
DA:103,0
DA:105,0
DA:288,88
DA:291,88
DA:292,88
DA:293,88
end_of_record
SF:/root/rustmap/xuemeng/c-code/bzip2-1.0.8-macro/bzip2.c
FN:286,uInt64_qrm10
FNDA:0,uInt64_qrm10
FN:304,uInt64_toAscii
FNDA:0,uInt64_toAscii
FN:327,myfeof
FNDA:94,myfeof
FN:338,compressStream
FNDA:3,compressStream
FN:442,uncompressStream
FNDA:3,uncompressStream
FN:563,testStream
FNDA:0,testStream
FN:668,cadvise
FNDA:0,cadvise
FN:683,showFileNames
FNDA:0,showFileNames
FN:696,cleanUpAndFail
FNDA:0,cleanUpAndFail
FN:755,panic
FNDA:0,panic
FN:770,crcError
FNDA:0,crcError
FN:783,compressedStreamEOF
FNDA:0,compressedStreamEOF
FN:800,ioError
FNDA:0,ioError
FN:814,mySignalCatcher
FNDA:0,mySignalCatcher
FN:825,mySIGSEGVorSIGBUScatcher
FNDA:0,mySIGSEGVorSIGBUScatcher
FN:881,outOfMemory
FNDA:0,outOfMemory
FN:893,configError
FNDA:0,configError
FN:917,pad
FNDA:0,pad
FN:928,copyFileName
FNDA:30,copyFileName
FN:949,fileExists
FNDA:0,fileExists
FN:969,fopen_output_safely
FNDA:0,fopen_output_safely
FN:990,notAStandardFile
FNDA:0,notAStandardFile
FN:1007,countHardLinks
FNDA:0,countHardLinks
FN:1047,saveInputFileMetaInfo
FNDA:0,saveInputFileMetaInfo
FN:1059,applySavedTimeInfoToOutputFile
FNDA:0,applySavedTimeInfoToOutputFile
FN:1074,applySavedFileAttrToOutputFile
FNDA:0,applySavedFileAttrToOutputFile
FN:1119,hasSuffix
FNDA:12,hasSuffix
FN:1129,mapSuffix
FNDA:0,mapSuffix
FN:1142,compress
FNDA:3,compress
FN:1323,uncompress
FNDA:3,uncompress
FN:1521,testf
FNDA:0,testf
FN:1610,license
FNDA:0,license
FN:1635,usage
FNDA:0,usage
FN:1679,redundant
FNDA:0,redundant
FN:1713,myMalloc
FNDA:12,myMalloc
FN:1738,snocString
FNDA:6,snocString
FN:1756,addFlagsFromEnvVar
FNDA:12,addFlagsFromEnvVar
FN:1787,main
FNDA:6,main
DA:228,0
DA:229,0
DA:247,0
DA:249,0
DA:250,0
DA:251,0
DA:252,0
DA:253,0
DA:254,0
DA:255,0
DA:256,0
DA:257,0
DA:266,0
DA:267,0
DA:268,0
DA:270,0
DA:275,0
DA:277,0
DA:278,0
DA:279,0
DA:286,0
DA:288,0
DA:289,0
DA:290,0
DA:291,0
DA:292,0
DA:293,0
DA:294,0
DA:296,0
DA:304,0
DA:306,0
DA:307,0
DA:308,0
DA:309,0
DA:310,0
DA:311,0
DA:312,0
DA:313,0
DA:314,0
DA:315,0
DA:316,0
DA:317,0
DA:318,0
DA:327,94
DA:329,94
DA:330,94
DA:331,88
DA:332,88
DA:338,3
DA:340,3
DA:341,3
DA:342,3
DA:343,3
DA:344,3
DA:345,3
DA:347,3
DA:348,3
DA:350,3
DA:351,3
DA:353,3
DA:355,3
DA:357,3
DA:359,91
DA:361,91
DA:362,88
DA:363,88
DA:364,88
DA:365,88
DA:369,3
DA:372,3
DA:374,3
DA:375,3
DA:376,3
DA:377,3
DA:378,0
DA:379,0
DA:380,0
DA:381,0
DA:382,0
DA:383,0
DA:385,3
DA:386,3
DA:387,3
DA:388,3
DA:390,3
DA:391,0
DA:392,0
DA:394,0
DA:395,0
DA:396,0
DA:397,0
DA:399,0
DA:401,0
DA:402,0
DA:403,0
DA:404,0
DA:405,0
DA:408,0
DA:409,0
DA:416,3
DA:418,0
DA:419,0
DA:422,0
DA:423,0
DA:424,0
DA:425,0
DA:426,0
DA:428,0
DA:429,0
DA:430,0
DA:431,0
DA:442,3
DA:444,3
DA:445,3
DA:446,3
DA:447,3
DA:448,3
DA:449,3
DA:450,3
DA:452,3
DA:453,3
DA:455,3
DA:456,3
DA:458,3
DA:459,3
DA:461,3
DA:463,3
DA:467,3
DA:468,3
DA:470,91
DA:471,88
DA:472,88
DA:473,88
DA:474,88
DA:475,88
DA:477,3
DA:479,3
DA:480,3
DA:482,3
DA:483,3
DA:485,3
DA:486,3
DA:488,3
DA:491,3
DA:492,3
DA:493,3
DA:494,0
DA:495,0
DA:496,0
DA:498,3
DA:499,3
DA:501,3
DA:502,3
DA:503,3
DA:504,3
DA:505,0
DA:506,0
DA:507,0
DA:509,3
DA:510,3
DA:513,0
DA:514,0
DA:515,0
DA:516,0
DA:517,0
DA:518,0
DA:519,0
DA:520,0
DA:521,0
DA:523,0
DA:526,0
DA:527,0
DA:528,0
DA:529,0
DA:530,0
DA:532,0
DA:533,0
DA:534,0
DA:535,0
DA:536,0
DA:537,0
DA:538,0
DA:539,0
DA:540,0
DA:541,0
DA:542,0
DA:543,0
DA:546,0
DA:547,0
DA:550,0
DA:552,0
DA:553,0
DA:563,0
DA:565,0
DA:566,0
DA:567,0
DA:568,0
DA:569,0
DA:570,0
DA:571,0
DA:573,0
DA:574,0
DA:576,0
DA:577,0
DA:579,0
DA:581,0
DA:585,0
DA:586,0
DA:588,0
DA:589,0
DA:590,0
DA:592,0
DA:594,0
DA:595,0
DA:597,0
DA:598,0
DA:600,0
DA:601,0
DA:602,0
DA:606,0
DA:607,0
DA:608,0
DA:610,0
DA:613,0
DA:614,0
DA:615,0
DA:616,0
DA:617,0
DA:618,0
DA:619,0
DA:621,0
DA:622,0
DA:623,0
DA:624,0
DA:626,0
DA:627,0
DA:628,0
DA:629,0
DA:630,0
DA:632,0
DA:633,0
DA:634,0
DA:635,0
DA:636,0
DA:638,0
DA:640,0
DA:641,0
DA:643,0
DA:645,0
DA:646,0
DA:660,0
DA:662,0
DA:668,0
DA:670,0
DA:671,0
DA:678,0
DA:683,0
DA:685,0
DA:686,0
DA:691,0
DA:696,0
DA:698,0
DA:699,0
DA:701,0
DA:702,0
DA:703,0
DA:710,0
DA:711,0
DA:712,0
DA:713,0
DA:716,0
DA:717,0
DA:718,0
DA:719,0
DA:720,0
DA:725,0
DA:728,0
DA:731,0
DA:734,0
DA:741,0
DA:742,0
DA:748,0
DA:749,0
DA:755,0
DA:757,0
DA:763,0
DA:764,0
DA:770,0
DA:772,0
DA:775,0
DA:776,0
DA:777,0
DA:783,0
DA:785,0
DA:786,0
DA:790,0
DA:791,0
DA:792,0
DA:794,0
DA:800,0
DA:802,0
DA:806,0
DA:807,0
DA:808,0
DA:814,0
DA:816,0
DA:819,0
DA:825,0
DA:827,0
DA:828,0
DA:849,0
DA:872,0
DA:873,0
DA:874,0
DA:875,0
DA:881,0
DA:883,0
DA:886,0
DA:887,0
DA:893,0
DA:895,0
DA:901,0
DA:902,0
DA:917,0
DA:919,0
DA:920,0
DA:921,0
DA:922,0
DA:928,30
DA:930,30
DA:931,0
DA:938,0
DA:939,0
DA:942,30
DA:943,30
DA:944,30
DA:949,0
DA:951,0
DA:952,0
DA:953,0
DA:954,0
DA:969,0
DA:972,0
DA:973,0
DA:974,0
DA:975,0
DA:976,0
DA:977,0
DA:990,0
DA:992,0
DA:993,0
DA:995,0
DA:996,0
DA:997,0
DA:1007,0
DA:1009,0
DA:1010,0
DA:1012,0
DA:1013,0
DA:1014,0
DA:1047,0
DA:1050,0
DA:1052,0
DA:1053,0
DA:1055,0
DA:1059,0
DA:1062,0
DA:1063,0
DA:1065,0
DA:1066,0
DA:1068,0
DA:1069,0
DA:1071,0
DA:1074,0
DA:1077,0
DA:1079,0
DA:1080,0
DA:1082,0
DA:1087,0
DA:1119,12
DA:1121,12
DA:1122,12
DA:1123,12
DA:1124,12
DA:1129,0
DA:1133,0
DA:1134,0
DA:1135,0
DA:1136,0
DA:1142,3
DA:1144,3
DA:1145,3
DA:1146,3
DA:1147,3
DA:1149,3
DA:1151,3
DA:1152,0
DA:1154,3
DA:1155,3
DA:1156,3
DA:1157,3
DA:1158,3
DA:1159,0
DA:1160,0
DA:1161,0
DA:1162,0
DA:1164,0
DA:1165,0
DA:1166,0
DA:1167,0
DA:1170,3
DA:1175,0
DA:1177,3
DA:1178,0
DA:1179,0
DA:1180,0
DA:1181,0
DA:1183,15
DA:1184,12
DA:1185,0
DA:1186,0
DA:1189,0
DA:1190,0
DA:1193,3
DA:1194,0
DA:1195,0
DA:1196,0
DA:1199,0
DA:1200,0
DA:1203,3
DA:1204,0
DA:1205,0
DA:1207,0
DA:1208,0
DA:1210,3
DA:1211,0
DA:1212,0
DA:1214,0
DA:1216,0
DA:1217,0
DA:1220,3
DA:1221,0
DA:1222,0
DA:1224,0
DA:1225,0
DA:1228,3
DA:1231,0
DA:1234,3
DA:1236,3
DA:1237,3
DA:1238,3
DA:1239,3
DA:1240,0
DA:1243,0
DA:1245,0
DA:1246,0
DA:1250,0
DA:1251,0
DA:1252,0
DA:1253,0
DA:1254,0
DA:1257,0
DA:1259,0
DA:1260,0
DA:1261,0
DA:1262,0
DA:1263,0
DA:1264,0
DA:1265,0
DA:1266,0
DA:1267,0
DA:1271,0
DA:1272,0
DA:1273,0
DA:1274,0
DA:1275,0
DA:1276,0
DA:1277,0
DA:1278,0
DA:1279,0
DA:1281,0
DA:1282,0
DA:1283,0
DA:1284,0
DA:1285,0
DA:1286,0
DA:1290,0
DA:1291,0
DA:1292,3
DA:1295,3
DA:1296,0
DA:1297,0
DA:1298,0
DA:1302,3
DA:1303,3
DA:1304,3
DA:1305,3
DA:1308,3
DA:1309,0
DA:1310,0
DA:1311,0
DA:1312,0
DA:1313,0
DA:1317,3
DA:1323,3
DA:1325,3
DA:1326,3
DA:1327,3
DA:1328,3
DA:1329,3
DA:1330,3
DA:1332,3
DA:1334,3
DA:1335,0
DA:1337,3
DA:1338,3
DA:1339,3
DA:1340,3
DA:1341,3
DA:1342,3
DA:1343,0
DA:1344,0
DA:1345,0
DA:1346,0
DA:1347,0
DA:1348,0
DA:1349,0
DA:1350,0
DA:1352,0
DA:1353,0
DA:1354,0
DA:1355,0
DA:1358,3
DA:1359,3
DA:1364,0
DA:1366,3
DA:1367,0
DA:1368,0
DA:1369,0
DA:1370,0
DA:1372,3
DA:1373,0
DA:1374,0
DA:1375,0
DA:1378,0
DA:1379,0
DA:1382,3
DA:1383,0
DA:1384,0
DA:1386,0
DA:1387,0
DA:1389,3
DA:1390,0
DA:1391,0
DA:1396,3
DA:1397,0
DA:1398,0
DA:1400,0
DA:1402,0
DA:1403,0
DA:1406,3
DA:1407,0
DA:1408,0
DA:1410,0
DA:1411,0
DA:1414,3
DA:1417,0
DA:1420,3
DA:1422,3
DA:1423,3
DA:1424,3
DA:1425,3
DA:1426,0
DA:1429,0
DA:1431,0
DA:1432,0
DA:1436,0
DA:1437,0
DA:1438,0
DA:1439,0
DA:1440,0
DA:1441,0
DA:1442,0
DA:1443,0
DA:1444,0
DA:1448,0
DA:1449,0
DA:1450,0
DA:1451,0
DA:1452,0
DA:1453,0
DA:1454,0
DA:1455,0
DA:1456,0
DA:1458,0
DA:1459,0
DA:1460,0
DA:1461,0
DA:1462,0
DA:1463,0
DA:1467,0
DA:1468,0
DA:1469,3
DA:1472,3
DA:1473,0
DA:1474,0
DA:1475,0
DA:1479,3
DA:1480,3
DA:1481,3
DA:1482,3
DA:1485,3
DA:1486,3
DA:1487,0
DA:1488,0
DA:1489,0
DA:1490,0
DA:1491,0
DA:1495,0
DA:1496,0
DA:1497,0
DA:1498,0
DA:1499,0
DA:1502,3
DA:1504,3
DA:1505,3
DA:1506,0
DA:1508,0
DA:1509,0
DA:1510,0
DA:1511,3
DA:1521,0
DA:1523,0
DA:1524,0
DA:1525,0
DA:1527,0
DA:1529,0
DA:1530,0
DA:1532,0
DA:1533,0
DA:1534,0
DA:1535,0
DA:1536,0
DA:1539,0
DA:1544,0
DA:1546,0
DA:1547,0
DA:1548,0
DA:1549,0
DA:1550,0
DA:1552,0
DA:1553,0
DA:1554,0
DA:1555,0
DA:1558,0
DA:1559,0
DA:1563,0
DA:1565,0
DA:1566,0
DA:1567,0
DA:1570,0
DA:1572,0
DA:1573,0
DA:1574,0
DA:1575,0
DA:1576,0
DA:1578,0
DA:1579,0
DA:1580,0
DA:1581,0
DA:1582,0
DA:1583,0
DA:1584,0
DA:1588,0
DA:1589,0
DA:1590,0
DA:1593,0
DA:1594,0
DA:1595,0
DA:1596,0
DA:1600,0
DA:1601,0
DA:1603,0
DA:1604,0
DA:1610,0
DA:1612,0
DA:1630,0
DA:1635,0
DA:1637,0
DA:1674,0
DA:1679,0
DA:1681,0
DA:1685,0
DA:1713,12
DA:1715,12
DA:1717,12
DA:1718,12
DA:1719,12
DA:1725,6
DA:1727,6
DA:1729,12
DA:1730,6
DA:1731,6
DA:1732,6
DA:1738,6
DA:1740,6
DA:1741,6
DA:1742,6
DA:1743,6
DA:1744,6
DA:1747,0
DA:1748,0
DA:1749,0
DA:1756,12
DA:1758,12
DA:1759,12
DA:1761,12
DA:1762,12
DA:1765,0
DA:1766,0
DA:1768,0
DA:1769,0
DA:1770,0
DA:1771,0
DA:1772,0
DA:1773,0
DA:1774,0
DA:1775,0
DA:1779,12
DA:1783,120
DA:1784,120
DA:1787,6
DA:1789,6
DA:1790,6
DA:1791,6
DA:1792,6
DA:1793,6
DA:1796,6
DA:1802,6
DA:1803,6
DA:1804,6
DA:1805,6
DA:1806,6
DA:1807,6
DA:1808,6
DA:1809,6
DA:1810,6
DA:1811,6
DA:1812,6
DA:1813,6
DA:1814,6
DA:1815,6
DA:1816,6
DA:1819,6
DA:1822,6
DA:1826,6
DA:1827,6
DA:1829,6
DA:1830,6
DA:1831,48
DA:1832,42
DA:1837,6
DA:1838,6
DA:1839,6
DA:1840,18
DA:1841,6
DA:1844,6
DA:1845,6
DA:1846,6
DA:1847,12
DA:1848,6
DA:1849,6
DA:1850,0
DA:1851,0
DA:1852,0
DA:1856,6
DA:1857,6
DA:1861,6
DA:1863,6
DA:1864,6
DA:1865,0
DA:1867,6
DA:1868,6
DA:1869,6
DA:1870,6
DA:1871,0
DA:1872,0
DA:1876,12
DA:1877,6
DA:1878,6
DA:1879,12
DA:1880,6
DA:1881,0
DA:1882,3
DA:1883,0
DA:1884,0
DA:1885,0
DA:1886,0
DA:1887,0
DA:1888,0
DA:1889,1
DA:1890,1
DA:1891,1
DA:1892,0
DA:1893,0
DA:1894,0
DA:1895,0
DA:1896,0
DA:1897,0
DA:1898,0
DA:1899,0
DA:1900,0
DA:1901,0
DA:1902,0
DA:1903,0
DA:1904,0
DA:1906,0
DA:1907,0
DA:1908,6
DA:1915,12
DA:1916,6
DA:1917,6
DA:1918,6
DA:1919,6
DA:1920,6
DA:1921,6
DA:1922,6
DA:1923,6
DA:1924,6
DA:1925,6
DA:1926,6
DA:1927,6
DA:1928,6
DA:1929,6
DA:1930,6
DA:1931,6
DA:1932,6
DA:1933,6
DA:1935,6
DA:1936,0
DA:1937,0
DA:1938,0
DA:1942,6
DA:1943,6
DA:1944,0
DA:1946,6
DA:1947,0
DA:1949,0
DA:1952,6
DA:1953,0
DA:1955,6
DA:1957,6
DA:1958,0
DA:1959,0
DA:1961,0
DA:1965,6
DA:1966,3
DA:1967,3
DA:1970,0
DA:1971,0
DA:1972,0
DA:1973,0
DA:1974,0
DA:1980,3
DA:1981,3
DA:1982,3
DA:1983,3
DA:1986,0
DA:1987,0
DA:1988,0
DA:1989,0
DA:1990,0
DA:1993,3
DA:1994,0
DA:1995,0
DA:2000,0
DA:2001,0
DA:2002,0
DA:2005,0
DA:2006,0
DA:2007,0
DA:2008,0
DA:2009,0
DA:2012,0
DA:2013,0
DA:2014,0
DA:2020,0
DA:2021,0
DA:2029,12
DA:2030,6
DA:2031,6
DA:2032,6
DA:2033,6
DA:2036,6
end_of_record
TN:
SF:/usr/include/x86_64-linux-gnu/bits/stdio2.h
DA:103,0
DA:105,0
end_of_record
SF:/root/rustmap/xuemeng/c-code/bzip2-1.0.8-macro/decompress.c
FN:27,makeMaps_d
FNDA:4,makeMaps_d
FN:106,BZ2_decompress
FNDA:27,BZ2_decompress
DA:27,4
DA:29,4
DA:30,4
DA:31,1028
DA:32,1024
DA:33,789
DA:34,789
DA:36,4
DA:106,27
DA:108,27
DA:109,27
DA:110,27
DA:111,27
DA:114,27
DA:115,27
DA:116,27
DA:117,27
DA:118,27
DA:119,27
DA:120,27
DA:121,27
DA:122,27
DA:123,27
DA:124,27
DA:125,27
DA:126,27
DA:127,27
DA:128,27
DA:129,27
DA:130,27
DA:131,27
DA:132,27
DA:133,27
DA:134,27
DA:135,27
DA:136,27
DA:137,27
DA:139,27
DA:141,3
DA:142,3
DA:143,3
DA:144,3
DA:145,3
DA:146,3
DA:147,3
DA:148,3
DA:149,3
DA:150,3
DA:151,3
DA:152,3
DA:153,3
DA:154,3
DA:155,3
DA:156,3
DA:157,3
DA:158,3
DA:159,3
DA:160,3
DA:161,3
DA:162,3
DA:163,3
DA:164,3
DA:168,27
DA:169,27
DA:170,27
DA:171,27
DA:172,27
DA:173,27
DA:174,27
DA:175,27
DA:176,27
DA:177,27
DA:178,27
DA:179,27
DA:180,27
DA:181,27
DA:182,27
DA:183,27
DA:184,27
DA:185,27
DA:186,27
DA:187,27
DA:188,27
DA:189,27
DA:190,27
DA:191,27
DA:193,27
DA:195,27
DA:197,9
DA:198,3
DA:200,9
DA:201,3
DA:203,9
DA:204,3
DA:206,9
DA:207,3
DA:208,0
DA:209,3
DA:211,3
DA:212,0
DA:213,0
DA:216,0
DA:218,3
DA:219,3
DA:222,21
DA:224,7
DA:225,4
DA:226,12
DA:227,4
DA:228,12
DA:229,4
DA:230,12
DA:231,4
DA:232,12
DA:233,4
DA:234,12
DA:235,4
DA:237,4
DA:238,4
DA:239,0
DA:241,4
DA:242,12
DA:243,4
DA:244,12
DA:245,4
DA:246,12
DA:247,4
DA:248,12
DA:249,4
DA:251,12
DA:253,4
DA:254,12
DA:255,4
DA:256,12
DA:257,4
DA:258,12
DA:259,4
DA:261,4
DA:262,0
DA:263,4
DA:264,0
DA:267,64
DA:268,136
DA:269,64
DA:270,55
DA:271,9
DA:274,1028
DA:276,68
DA:277,64
DA:278,880
DA:279,1870
DA:280,880
DA:282,4
DA:283,4
DA:284,4
DA:287,8
DA:288,4
DA:289,16
DA:290,4
DA:291,3901
DA:292,3897
DA:293,7979
DA:294,16956
DA:295,7979
DA:296,4082
DA:297,4082
DA:302,3897
DA:303,3897
DA:305,4
DA:310,4
DA:311,25
DA:313,3901
DA:314,3897
DA:315,3897
DA:316,7979
DA:317,3897
DA:318,3897
DA:323,25
DA:324,50
DA:325,4701
DA:326,7362
DA:327,7362
DA:328,15649
DA:329,7362
DA:330,5699
DA:331,2682
DA:333,4680
DA:338,25
DA:341,4701
DA:342,4680
DA:343,4680
DA:345,21
DA:352,21
DA:357,4
DA:358,4
DA:359,4
DA:360,4
DA:362,1028
DA:368,68
DA:369,1088
DA:370,1024
DA:371,1024
DA:373,64
DA:378,4
DA:379,37
DA:381,174139
DA:383,174139
DA:385,174135
DA:389,60142
DA:396,60142
DA:397,60142
DA:398,19395
DA:399,60142
DA:400,271048
DA:402,60142
DA:404,39453
DA:405,39453
DA:406,39453
DA:408,39453
DA:409,0
DA:410,0
DA:411,0
DA:412,0
DA:413,0
DA:416,334653
DA:417,295200
DA:418,295200
DA:419,295200
DA:420,295200
DA:421,39453
DA:423,39453
DA:427,134682
DA:431,134682
DA:432,134682
DA:433,134682
DA:435,134682
DA:437,106089
DA:438,106089
DA:439,175411
DA:440,69322
DA:441,69322
DA:442,69322
DA:443,69322
DA:444,69322
DA:445,69322
DA:447,262758
DA:448,156669
DA:449,106089
DA:450,106089
DA:453,28593
DA:454,28593
DA:455,28593
DA:456,28593
DA:457,217121
DA:458,188528
DA:459,28593
DA:460,28593
DA:461,162889
DA:462,134296
DA:463,134296
DA:464,134296
DA:465,134296
DA:467,28593
DA:468,28593
DA:469,28593
DA:471,102
DA:472,1632
DA:473,1536
DA:474,1536
DA:476,96
DA:483,134682
DA:484,134682
DA:485,0
DA:486,134682
DA:487,134682
DA:489,598589
DA:490,134682
DA:497,4
DA:498,0
DA:502,1028
DA:503,1024
DA:504,1024
DA:507,4
DA:508,1028
DA:509,1028
DA:511,1032
DA:512,1028
DA:514,1028
DA:518,1028
DA:519,1024
DA:520,1024
DA:524,4
DA:525,4
DA:526,4
DA:527,4
DA:528,4
DA:530,4
DA:533,0
DA:536,0
DA:537,0
DA:538,0
DA:539,0
DA:543,0
DA:544,0
DA:545,0
DA:546,0
DA:547,0
DA:548,0
DA:549,0
DA:551,0
DA:553,0
DA:554,0
DA:555,0
DA:556,0
DA:557,0
DA:558,0
DA:560,0
DA:566,429886
DA:567,429882
DA:568,429882
DA:569,429882
DA:572,4
DA:573,4
DA:574,4
DA:575,0
DA:576,0
DA:577,0
DA:579,4
DA:584,4
DA:588,3
DA:590,9
DA:591,3
DA:592,9
DA:593,3
DA:594,9
DA:595,3
DA:596,9
DA:597,3
DA:598,9
DA:599,3
DA:601,3
DA:602,9
DA:603,3
DA:604,9
DA:605,3
DA:606,9
DA:607,3
DA:608,9
DA:609,3
DA:611,3
DA:612,3
DA:614,0
DA:617,0
DA:619,27
DA:621,27
DA:622,27
DA:623,27
DA:624,27
DA:625,27
DA:626,27
DA:627,27
DA:628,27
DA:629,27
DA:630,27
DA:631,27
DA:632,27
DA:633,27
DA:634,27
DA:635,27
DA:636,27
DA:637,27
DA:638,27
DA:639,27
DA:640,27
DA:641,27
DA:642,27
DA:643,27
DA:644,27
DA:646,27
end_of_record
TN:
SF:/usr/include/x86_64-linux-gnu/bits/string_fortified.h
DA:128,0
DA:130,0
end_of_record
SF:/root/rustmap/xuemeng/c-code/bzip2-1.0.8-macro/bzlib.c
FN:41,BZ2_bz__AssertH__fail
FNDA:0,BZ2_bz__AssertH__fail
FN:102,default_bzalloc
FNDA:18,default_bzalloc
FN:109,default_bzfree
FNDA:18,default_bzfree
FN:117,prepare_new_block
FNDA:4,prepare_new_block
FN:148,BZ2_bzCompressInit
FNDA:3,BZ2_bzCompressInit
FN:216,add_pair_to_block
FNDA:5354,add_pair_to_block
FN:252,flush_RL
FNDA:3,flush_RL
FN:260,ADD_CHAR_TO_BLOCK
FNDA:431280,ADD_CHAR_TO_BLOCK
FN:286,copy_input_until_stop
FNDA:92,copy_input_until_stop
FN:329,copy_output_until_stop
FNDA:24,copy_output_until_stop
FN:356,handle_compress
FNDA:111,handle_compress
FN:402,BZ2_bzCompress
FNDA:111,BZ2_bzCompress
FN:463,BZ2_bzCompressEnd
FNDA:3,BZ2_bzCompressEnd
FN:487,BZ2_bzDecompressInit
FNDA:3,BZ2_bzDecompressInit
FN:531,unRLE_obuf_to_output_FAST
FNDA:89,unRLE_obuf_to_output_FAST
FN:682,BZ2_indexIntoF
FNDA:0,BZ2_indexIntoF
FN:701,unRLE_obuf_to_output_SMALL
FNDA:0,unRLE_obuf_to_output_SMALL
FN:803,BZ2_bzDecompress
FNDA:108,BZ2_bzDecompress
FN:857,BZ2_bzDecompressEnd
FNDA:3,BZ2_bzDecompressEnd
FN:900,myfeof
FNDA:128,myfeof
FN:910,BZ2_bzWriteOpen
FNDA:3,BZ2_bzWriteOpen
FN:958,BZ2_bzWrite
FNDA:88,BZ2_bzWrite
FN:1003,BZ2_bzWriteClose
FNDA:0,BZ2_bzWriteClose
FN:1015,BZ2_bzWriteClose64
FNDA:3,BZ2_bzWriteClose64
FN:1081,BZ2_bzReadOpen
FNDA:3,BZ2_bzReadOpen
FN:1137,BZ2_bzReadClose
FNDA:3,BZ2_bzReadClose
FN:1155,BZ2_bzRead
FNDA:88,BZ2_bzRead
FN:1215,BZ2_bzReadGetUnused
FNDA:3,BZ2_bzReadGetUnused
FN:1241,BZ2_bzBuffToBuffCompress
FNDA:0,BZ2_bzBuffToBuffCompress
FN:1293,BZ2_bzBuffToBuffDecompress
FNDA:0,BZ2_bzBuffToBuffDecompress
FN:1360,BZ2_bzlibVersion
FNDA:0,BZ2_bzlibVersion
FN:1377,bzopen_or_bzdopen
FNDA:0,bzopen_or_bzdopen
FN:1454,BZ2_bzopen
FNDA:0,BZ2_bzopen
FN:1463,BZ2_bzdopen
FNDA:0,BZ2_bzdopen
FN:1472,BZ2_bzread
FNDA:0,BZ2_bzread
FN:1486,BZ2_bzwrite
FNDA:0,BZ2_bzwrite
FN:1500,BZ2_bzflush
FNDA:0,BZ2_bzflush
FN:1508,BZ2_bzclose
FNDA:0,BZ2_bzclose
FN:1553,BZ2_bzerror
FNDA:0,BZ2_bzerror
DA:41,0
DA:43,0
DA:56,0
DA:57,0
DA:84,0
DA:102,18
DA:104,18
DA:105,18
DA:109,18
DA:111,18
DA:112,18
DA:117,4
DA:119,4
DA:120,4
DA:121,4
DA:122,4
DA:123,4
DA:124,1028
DA:125,4
DA:126,4
DA:131,6
DA:133,6
DA:134,6
DA:139,13
DA:141,13
DA:143,10
DA:148,3
DA:154,3
DA:155,3
DA:157,3
DA:159,3
DA:160,3
DA:161,3
DA:164,3
DA:165,3
DA:166,3
DA:168,3
DA:169,3
DA:170,3
DA:172,3
DA:173,3
DA:174,3
DA:176,3
DA:177,3
DA:178,3
DA:179,3
DA:181,3
DA:182,0
DA:183,0
DA:184,0
DA:185,0
DA:186,0
DA:189,3
DA:190,3
DA:191,3
DA:192,3
DA:193,3
DA:194,3
DA:195,3
DA:196,3
DA:198,3
DA:199,3
DA:200,3
DA:201,3
DA:203,3
DA:204,3
DA:205,3
DA:206,3
DA:207,3
DA:208,3
DA:209,3
DA:210,3
DA:216,5354
DA:218,5354
DA:219,5354
DA:220,19328
DA:221,13974
DA:223,5354
DA:224,5354
DA:225,1
DA:226,1
DA:227,1
DA:228,4318
DA:229,4318
DA:230,4318
DA:231,4318
DA:232,618
DA:233,618
DA:234,618
DA:235,618
DA:236,618
DA:237,417
DA:238,417
DA:239,417
DA:240,417
DA:241,417
DA:242,417
DA:243,417
DA:244,417
DA:245,417
DA:247,5354
DA:252,3
DA:254,3
DA:255,3
DA:256,3
DA:260,431280
DA:262,431280
DA:264,431280
DA:265,417306
DA:266,417306
DA:267,417306
DA:268,417306
DA:269,417306
DA:270,417306
DA:273,13974
DA:274,5354
DA:275,5351
DA:276,5354
DA:277,5354
DA:279,8620
DA:281,431280
DA:286,92
DA:288,92
DA:290,92
DA:293,431369
DA:295,431369
DA:297,431368
DA:298,431280
DA:299,431280
DA:300,431280
DA:301,431280
DA:302,431280
DA:308,3
DA:310,3
DA:312,3
DA:314,0
DA:315,0
DA:316,0
DA:317,0
DA:318,0
DA:319,0
DA:320,0
DA:323,92
DA:329,24
DA:331,24
DA:333,106339
DA:336,106339
DA:339,106319
DA:341,106315
DA:342,106315
DA:343,106315
DA:344,106315
DA:345,106315
DA:346,106315
DA:347,106315
DA:350,24
DA:356,111
DA:358,111
DA:359,111
DA:360,111
DA:362,115
DA:364,115
DA:365,24
DA:366,24
DA:367,4
DA:368,3
DA:369,112
DA:370,1
DA:371,1
DA:372,1
DA:373,0
DA:374,203
DA:377,92
DA:378,92
DA:379,92
DA:380,3
DA:381,3
DA:382,3
DA:385,89
DA:386,1
DA:387,1
DA:390,88
DA:397,111
DA:402,111
DA:404,111
DA:405,111
DA:406,111
DA:407,111
DA:408,111
DA:409,111
DA:411,111
DA:412,114
DA:417,104
DA:418,104
DA:419,101
DA:420,101
DA:423,3
DA:424,0
DA:425,0
DA:426,0
DA:429,3
DA:430,3
DA:431,3
DA:432,3
DA:437,0
DA:438,0
DA:439,0
DA:441,0
DA:442,0
DA:443,0
DA:444,0
DA:445,0
DA:447,10
DA:448,10
DA:449,10
DA:451,10
DA:452,10
DA:453,10
DA:454,10
DA:455,3
DA:456,3
DA:458,0
DA:463,3
DA:465,3
DA:466,3
DA:467,3
DA:468,3
DA:469,3
DA:471,3
DA:472,3
DA:473,3
DA:474,3
DA:476,3
DA:478,3
DA:487,3
DA:492,3
DA:494,3
DA:496,3
DA:497,3
DA:498,3
DA:500,3
DA:501,3
DA:503,3
DA:504,3
DA:505,3
DA:506,3
DA:507,3
DA:508,3
DA:509,3
DA:510,3
DA:511,3
DA:512,3
DA:513,3
DA:514,3
DA:515,3
DA:516,3
DA:517,3
DA:518,3
DA:519,3
DA:520,3
DA:522,3
DA:531,89
DA:533,89
DA:535,89
DA:537,0
DA:539,0
DA:540,0
DA:541,0
DA:542,0
DA:543,0
DA:544,0
DA:545,0
DA:546,0
DA:547,0
DA:548,0
DA:552,0
DA:555,0
DA:558,0
DA:559,0
DA:560,0
DA:561,0
DA:562,0
DA:563,0
DA:565,0
DA:566,0
DA:567,0
DA:568,0
DA:569,0
DA:571,0
DA:572,0
DA:573,0
DA:574,0
DA:575,0
DA:577,0
DA:578,0
DA:579,0
DA:580,0
DA:581,0
DA:587,89
DA:588,89
DA:589,89
DA:590,89
DA:591,89
DA:592,89
DA:593,89
DA:594,89
DA:595,89
DA:596,89
DA:599,89
DA:600,89
DA:601,5442
DA:603,5442
DA:606,5442
DA:607,22678
DA:608,14058
DA:609,14055
DA:610,8620
DA:611,8620
DA:612,8620
DA:613,8620
DA:614,8620
DA:616,5435
DA:618,422742
DA:619,82
DA:620,422660
DA:621,422660
DA:622,422660
DA:623,422660
DA:624,422660
DA:628,422664
DA:632,422664
DA:633,4
DA:634,422660
DA:635,422660
DA:636,422660
DA:637,422660
DA:638,417307
DA:639,5353
DA:640,5353
DA:641,0
DA:643,5353
DA:644,5353
DA:645,5353
DA:646,5353
DA:648,1035
DA:649,1035
DA:650,1035
DA:651,1035
DA:653,417
DA:654,417
DA:655,417
DA:658,89
DA:659,89
DA:660,89
DA:661,89
DA:662,0
DA:665,89
DA:666,89
DA:667,89
DA:668,89
DA:669,89
DA:670,89
DA:671,89
DA:672,89
DA:673,89
DA:676,89
DA:682,0
DA:684,0
DA:685,0
DA:686,0
DA:687,0
DA:688,0
DA:689,0
DA:691,0
DA:692,0
DA:701,0
DA:703,0
DA:705,0
DA:707,0
DA:709,0
DA:710,0
DA:711,0
DA:712,0
DA:713,0
DA:714,0
DA:715,0
DA:716,0
DA:717,0
DA:718,0
DA:722,0
DA:725,0
DA:728,0
DA:729,0
DA:730,0
DA:731,0
DA:732,0
DA:733,0
DA:735,0
DA:736,0
DA:737,0
DA:738,0
DA:739,0
DA:741,0
DA:742,0
DA:743,0
DA:744,0
DA:745,0
DA:747,0
DA:748,0
DA:749,0
DA:750,0
DA:751,0
DA:756,0
DA:758,0
DA:759,0
DA:760,0
DA:761,0
DA:762,0
DA:763,0
DA:764,0
DA:765,0
DA:766,0
DA:767,0
DA:771,0
DA:774,0
DA:777,0
DA:778,0
DA:779,0
DA:780,0
DA:781,0
DA:783,0
DA:784,0
DA:785,0
DA:786,0
DA:788,0
DA:789,0
DA:790,0
DA:791,0
DA:793,0
DA:794,0
DA:795,0
DA:803,108
DA:805,108
DA:806,108
DA:807,108
DA:808,108
DA:809,108
DA:810,108
DA:812,112
DA:813,112
DA:814,112
DA:815,89
DA:816,0
DA:817,89
DA:818,89
DA:819,89
DA:820,4
DA:821,4
DA:822,0
DA:824,4
DA:825,4
DA:827,4
DA:828,4
DA:830,4
DA:831,4
DA:836,27
DA:837,27
DA:838,27
DA:839,3
DA:840,0
DA:842,3
DA:844,3
DA:846,24
DA:857,3
DA:859,3
DA:860,3
DA:861,3
DA:862,3
DA:863,3
DA:865,3
DA:866,3
DA:867,3
DA:869,3
DA:870,3
DA:872,3
DA:893,373
DA:894,373
DA:895,179
DA:900,128
DA:902,128
DA:903,128
DA:904,83
DA:905,83
DA:910,3
DA:917,3
DA:918,3
DA:920,3
DA:922,3
DA:923,3
DA:924,3
DA:925,3
DA:926,0
DA:928,3
DA:929,0
DA:931,3
DA:932,3
DA:933,0
DA:935,3
DA:936,3
DA:937,3
DA:938,3
DA:939,3
DA:940,3
DA:941,3
DA:942,3
DA:944,3
DA:945,3
DA:947,3
DA:948,0
DA:950,3
DA:951,3
DA:952,3
DA:958,88
DA:964,88
DA:965,88
DA:967,88
DA:968,88
DA:969,0
DA:970,88
DA:971,0
DA:972,88
DA:973,0
DA:975,88
DA:976,0
DA:978,88
DA:979,88
DA:981,101
DA:982,101
DA:983,101
DA:984,101
DA:985,101
DA:986,0
DA:988,101
DA:989,14
DA:990,14
DA:992,14
DA:993,0
DA:996,101
DA:997,176
DA:1003,0
DA:1010,0
DA:1012,0
DA:1015,3
DA:1024,3
DA:1025,3
DA:1027,3
DA:1028,0
DA:1029,3
DA:1030,0
DA:1031,3
DA:1032,0
DA:1034,3
DA:1035,3
DA:1036,3
DA:1037,3
DA:1039,3
DA:1040,10
DA:1041,10
DA:1042,10
DA:1043,10
DA:1044,10
DA:1045,0
DA:1047,10
DA:1048,10
DA:1049,10
DA:1051,10
DA:1052,0
DA:1055,10
DA:1059,3
DA:1060,3
DA:1061,3
DA:1062,0
DA:1065,3
DA:1066,3
DA:1067,3
DA:1068,3
DA:1069,3
DA:1070,3
DA:1071,3
DA:1072,3
DA:1074,3
DA:1075,3
DA:1076,3
DA:1081,3
DA:1089,3
DA:1090,3
DA:1092,3
DA:1094,3
DA:1095,3
DA:1096,3
DA:1097,3
DA:1098,3
DA:1099,0
DA:1101,3
DA:1102,0
DA:1104,3
DA:1105,3
DA:1106,0
DA:1108,3
DA:1110,3
DA:1111,3
DA:1112,3
DA:1113,3
DA:1114,3
DA:1115,3
DA:1116,3
DA:1118,3
DA:1119,0
DA:1120,0
DA:1121,0
DA:1124,3
DA:1125,3
DA:1126,0
DA:1128,3
DA:1129,3
DA:1131,3
DA:1132,3
DA:1137,3
DA:1139,3
DA:1141,3
DA:1142,3
DA:1143,0
DA:1145,3
DA:1146,0
DA:1148,3
DA:1149,3
DA:1150,3
DA:1155,88
DA:1161,88
DA:1162,88
DA:1164,88
DA:1166,88
DA:1167,0
DA:1169,88
DA:1170,0
DA:1172,88
DA:1173,0
DA:1175,88
DA:1176,88
DA:1178,108
DA:1180,108
DA:1181,0
DA:1183,108
DA:1184,23
DA:1186,23
DA:1187,0
DA:1188,23
DA:1189,23
DA:1190,23
DA:1193,108
DA:1195,108
DA:1196,0
DA:1198,108
DA:1199,45
DA:1200,0
DA:1202,108
DA:1203,3
DA:1204,3
DA:1205,105
DA:1206,170
DA:1215,3
DA:1221,3
DA:1222,3
DA:1223,0
DA:1224,3
DA:1225,0
DA:1226,3
DA:1227,0
DA:1229,3
DA:1230,3
DA:1231,3
DA:1241,0
DA:1250,0
DA:1251,0
DA:1253,0
DA:1254,0
DA:1255,0
DA:1256,0
DA:1257,0
DA:1260,0
DA:1261,0
DA:1262,0
DA:1263,0
DA:1264,0
DA:1266,0
DA:1268,0
DA:1269,0
DA:1270,0
DA:1271,0
DA:1273,0
DA:1274,0
DA:1275,0
DA:1278,0
DA:1279,0
DA:1280,0
DA:1282,0
DA:1283,0
DA:1284,0
DA:1286,0
DA:1287,0
DA:1288,0
DA:1293,0
DA:1301,0
DA:1302,0
DA:1304,0
DA:1305,0
DA:1306,0
DA:1307,0
DA:1310,0
DA:1311,0
DA:1312,0
DA:1313,0
DA:1314,0
DA:1316,0
DA:1317,0
DA:1318,0
DA:1319,0
DA:1321,0
DA:1322,0
DA:1323,0
DA:1326,0
DA:1327,0
DA:1328,0
DA:1330,0
DA:1331,0
DA:1332,0
DA:1333,0
DA:1335,0
DA:1336,0
DA:1337,0
DA:1339,0
DA:1340,0
DA:1341,0
DA:1360,0
DA:1362,0
DA:1377,0
DA:1383,0
DA:1384,0
DA:1385,0
DA:1386,0
DA:1387,0
DA:1388,0
DA:1389,0
DA:1390,0
DA:1391,0
DA:1392,0
DA:1393,0
DA:1395,0
DA:1396,0
DA:1397,0
DA:1400,0
DA:1401,0
DA:1402,0
DA:1403,0
DA:1404,0
DA:1405,0
DA:1406,0
DA:1409,0
DA:1411,0
DA:1412,0
DA:1414,0
DA:1415,0
DA:1416,0
DA:1419,0
DA:1425,0
DA:1428,0
DA:1430,0
DA:1432,0
DA:1434,0
DA:1437,0
DA:1440,0
DA:1441,0
DA:1442,0
DA:1454,0
DA:1458,0
DA:1463,0
DA:1467,0
DA:1472,0
DA:1474,0
DA:1475,0
DA:1476,0
DA:1477,0
DA:1480,0
DA:1486,0
DA:1488,0
DA:1490,0
DA:1491,0
DA:1494,0
DA:1500,0
DA:1503,0
DA:1508,0
DA:1510,0
DA:1511,0
DA:1513,0
DA:1514,0
DA:1515,0
DA:1516,0
DA:1517,0
DA:1518,0
DA:1521,0
DA:1523,0
DA:1524,0
DA:1553,0
DA:1555,0
DA:1557,0
DA:1558,0
DA:1559,0
end_of_record
SF:/usr/include/x86_64-linux-gnu/bits/stdio2.h
DA:103,0
DA:105,0
DA:288,23
DA:291,23
DA:292,23
DA:293,23
DA:294,0
DA:295,0
DA:296,0
end_of_record
