        -:    0:Source:main.c
        -:    0:Graph:main.gcno
        -:    0:Data:main.gcda
        -:    0:Runs:3
        -:    0:Programs:1
       96:    1:int gray_encode(int n) {
       96:    2:    return n ^ (n >> 1);
        -:    3:}
        -:    4: 
       96:    5:int gray_decode(int n) {
       96:    6:    int p = n;
      390:    7:    while (n >>= 1) p ^= n;
       96:    8:    return p;
        -:    9:}
        -:   10:
        -:   11:#include <stdio.h>
        -:   12:
        -:   13:/* Simple bool formatter, only good on range 0..31 */
      288:   14:void fmtbool(int n, char *buf) {
      288:   15:    char *b = buf + 5;
      288:   16:    *b=0;
      288:   17:    do {
     1440:   18:	*--b = '0' + (n & 1);
     1440:   19:	n >>= 1;
     1440:   20:    } while (b != buf);
      288:   21:}
        -:   22:
        3:   23:int main(int argc, char **argv) {
        -:   24:    int i,g,b;
        -:   25:    char bi[6],bg[6],bb[6];
        -:   26:
       99:   27:    for (i=0 ; i<32 ; i++) {
       96:   28:	g = gray_encode(i);
       96:   29:	b = gray_decode(g);
       96:   30:	fmtbool(i,bi); fmtbool(g,bg); fmtbool(b,bb);
       96:   31:	printf("%2d : %5s => %5s => %5s : %2d\n", i, bi, bg, bb, b);
       96:   32:    }
        3:   33:    return 0;
        -:   34:}
