TN:
SF:/usr/include/x86_64-linux-gnu/bits/stdio2.h
DA:103,0
DA:105,0
end_of_record
SF:/root/rustmap/c-code/bzip2-1.0.8/compress.c
FN:37,BZ2_bsInitWrite
FNDA:0,BZ2_bsInitWrite
FN:46,bsFinishWrite
FNDA:6,bsFinishWrite
FN:73,bsW
FNDA:422464,bsW
FN:83,bsPutUInt32
FNDA:14,bsPutUInt32
FN:106,makeMaps_e
FNDA:8,makeMaps_e
FN:120,generateMTFValues
FNDA:8,generateMTFValues
FN:239,sendMTFValues
FNDA:8,sendMTFValues
FN:602,BZ2_compressBlock
FNDA:8,BZ2_compressBlock
DA:37,6
DA:39,6
DA:40,6
DA:41,0
DA:46,6
DA:48,18
DA:49,12
DA:50,12
DA:51,12
DA:52,12
DA:54,6
DA:73,422464
DA:75,635082
DA:76,422464
DA:77,422464
DA:78,422464
DA:83,14
DA:85,14
DA:86,14
DA:87,14
DA:88,14
DA:89,14
DA:94,108
DA:96,108
DA:97,6
DA:106,8
DA:108,8
DA:109,8
DA:110,2056
DA:111,2048
DA:112,1578
DA:113,1578
DA:115,8
DA:120,8
DA:122,8
DA:123,8
DA:124,8
DA:125,8
DA:126,8
DA:150,8
DA:151,8
DA:152,8
DA:154,8
DA:155,8
DA:157,1602
DA:159,1586
DA:160,1586
DA:161,1586
DA:163,859772
DA:164,859764
DA:165,859764
DA:166,859764
DA:167,859764
DA:168,859764
DA:170,859764
DA:171,590400
DA:174,269364
DA:175,78906
DA:176,161662
DA:177,120284
DA:178,38790
DA:179,38790
DA:181,81494
DA:182,81494
DA:184,120284
DA:185,41378
DA:190,269364
DA:191,269364
DA:192,269364
DA:193,269364
DA:194,269364
DA:195,269364
DA:196,269364
DA:197,5542442
DA:198,5273078
DA:199,5273078
DA:200,5273078
DA:201,5273078
DA:202,5273078
DA:203,269364
DA:204,269364
DA:205,269364
DA:206,269364
DA:212,8
DA:213,0
DA:214,0
DA:215,0
DA:216,0
DA:217,0
DA:219,0
DA:220,0
DA:222,0
DA:223,0
DA:225,8
DA:228,8
DA:230,8
DA:231,8
DA:239,8
DA:241,8
DA:242,8
DA:243,8
DA:256,8
DA:257,8
DA:259,8
DA:261,8
DA:262,0
DA:266,8
DA:267,56
DA:268,9612
DA:269,9564
DA:272,8
DA:273,8
DA:274,8
DA:275,6
DA:276,6
DA:277,6
DA:281,8
DA:283,8
DA:284,8
DA:285,8
DA:286,50
DA:287,42
DA:288,42
DA:289,42
DA:290,1650
DA:291,1608
DA:292,1608
DA:295,42
DA:296,42
DA:297,24
DA:298,14
DA:299,14
DA:302,42
DA:303,0
DA:308,9402
DA:309,9360
DA:310,1594
DA:311,7766
DA:313,42
DA:314,42
DA:315,42
DA:322,40
DA:324,200
DA:326,200
DA:327,37608
DA:328,37440
DA:334,32
DA:335,6128
DA:336,6104
DA:337,6104
DA:338,6104
DA:345,62384
DA:348,31208
DA:349,31176
DA:350,31176
DA:356,218088
DA:358,31176
DA:360,31112
DA:361,31112
DA:362,31112
DA:370,31112
DA:371,31112
DA:372,31112
DA:373,31112
DA:374,31112
DA:375,31112
DA:376,31112
DA:377,31112
DA:378,31112
DA:379,31112
DA:383,31112
DA:384,31112
DA:385,31112
DA:389,3088
DA:390,3024
DA:391,14160
DA:399,31176
DA:400,218088
DA:401,186912
DA:402,31176
DA:403,31176
DA:404,31176
DA:405,31176
DA:410,31176
DA:415,31112
DA:416,31112
DA:417,31112
DA:418,31112
DA:419,31112
DA:420,31112
DA:421,31112
DA:422,31112
DA:423,31112
DA:424,31112
DA:430,3088
DA:431,3024
DA:434,31176
DA:436,32
DA:437,0
DA:439,0
DA:440,0
DA:441,0
DA:449,200
DA:450,168
DA:455,8
DA:456,8
DA:464,50
DA:465,7802
DA:466,7794
DA:467,7794
DA:468,7794
DA:469,15958
DA:470,8164
DA:471,8164
DA:472,8164
DA:473,8164
DA:474,7794
DA:475,7794
DA:476,7794
DA:478,8
DA:481,50
DA:484,9402
DA:485,9360
DA:486,9360
DA:488,42
DA:489,42
DA:490,42
DA:497,136
DA:498,128
DA:499,2176
DA:500,2048
DA:503,8
DA:504,136
DA:505,128
DA:507,136
DA:508,128
DA:509,1870
DA:510,1760
DA:513,8
DA:514,0
DA:518,8
DA:519,8
DA:520,8
DA:521,7810
DA:522,15958
DA:523,7794
DA:525,8
DA:526,0
DA:529,8
DA:531,50
DA:532,42
DA:533,42
DA:534,9444
DA:535,12228
DA:536,11856
DA:537,9360
DA:541,8
DA:542,0
DA:545,8
DA:546,8
DA:547,8
DA:548,15596
DA:549,7802
DA:550,7794
DA:551,7794
DA:552,7794
DA:554,15572
DA:556,7778
DA:557,7778
DA:558,7778
DA:559,7778
DA:568,7778
DA:569,7778
DA:570,7778
DA:571,7778
DA:572,7778
DA:573,7778
DA:574,7778
DA:575,7778
DA:576,7778
DA:577,7778
DA:583,772
DA:584,756
DA:585,756
DA:586,756
DA:591,7794
DA:592,7794
DA:594,8
DA:596,8
DA:597,0
DA:598,8
DA:602,8
DA:604,8
DA:606,8
DA:607,8
DA:608,8
DA:609,8
DA:611,8
DA:612,0
DA:616,8
DA:619,8
DA:622,8
DA:623,6
DA:624,6
DA:625,6
DA:626,6
DA:627,6
DA:630,8
DA:632,8
DA:633,8
DA:634,8
DA:637,8
DA:648,8
DA:650,8
DA:651,8
DA:652,8
DA:657,8
DA:659,6
DA:660,6
DA:661,6
DA:662,6
DA:663,6
DA:664,0
DA:665,6
DA:667,8
end_of_record
TN:
SF:/root/rustmap/c-code/bzip2-1.0.8/blocksort.c
FN:32,fallbackSimpleSort
FNDA:69288,fallbackSimpleSort
FN:93,fallbackQSort3
FNDA:320,fallbackQSort3
FN:212,fallbackSort
FNDA:2,fallbackSort
FN:347,mainGtU
FNDA:835402,mainGtU
FN:485,mainSimpleSort
FNDA:43194,mainSimpleSort
FN:621,mainQSort3
FNDA:8338,mainQSort3
FN:751,mainSort
FNDA:8,mainSort
FN:1031,BZ2_blockSort
FNDA:8,BZ2_blockSort
DA:32,69288
DA:37,69288
DA:38,69288
DA:40,69288
DA:42,68738
DA:43,99820
DA:44,76244
DA:45,76244
DA:46,77096
DA:47,852
DA:48,76244
DA:52,216228
DA:53,147490
DA:54,147490
DA:55,150930
DA:56,3440
DA:57,147490
DA:93,320
DA:98,320
DA:99,320
DA:100,320
DA:101,320
DA:102,320
DA:104,320
DA:106,320
DA:107,320
DA:109,320
DA:111,138264
DA:113,138264
DA:114,138264
DA:115,69288
DA:116,69288
DA:126,68976
DA:127,68976
DA:128,68976
DA:129,46258
DA:130,22846
DA:132,68976
DA:133,68976
DA:135,6681052
DA:136,6411046
DA:137,6411046
DA:138,6387762
DA:139,6387762
DA:140,3645550
DA:141,3645550
DA:142,3645550
DA:143,2742212
DA:144,2742212
DA:145,2426514
DA:147,2746450
DA:148,2746450
DA:149,2677474
DA:150,2677474
DA:151,1290
DA:152,1290
DA:153,1290
DA:154,2676184
DA:155,2676184
DA:156,2406178
DA:158,338982
DA:159,270006
DA:162,68976
DA:164,68976
DA:166,245598
DA:167,70262
DA:169,68972
DA:170,68972
DA:172,68972
DA:173,23206
DA:174,23206
DA:176,45766
DA:177,184350
DA:180,320
DA:212,2
DA:218,2
DA:219,2
DA:220,2
DA:221,2
DA:222,2
DA:223,2
DA:229,2
DA:230,0
DA:231,516
DA:232,240490
DA:233,514
DA:234,514
DA:236,240490
DA:237,240488
DA:238,240488
DA:239,240488
DA:240,240488
DA:243,2
DA:244,7520
DA:245,514
DA:254,66
DA:255,64
DA:256,64
DA:261,34
DA:263,34
DA:264,0
DA:267,4088330
DA:268,4088296
DA:269,4088296
DA:270,4088296
DA:275,354
DA:278,354
DA:279,2120
DA:280,354
DA:281,8452
DA:282,2312
DA:284,354
DA:285,354
DA:286,2704
DA:287,320
DA:288,119322
DA:289,2802
DA:291,320
DA:292,320
DA:295,320
DA:296,320
DA:297,320
DA:300,320
DA:301,3819434
DA:302,3818794
DA:303,3818794
DA:308,34
DA:309,0
DA:311,34
DA:312,34
DA:320,2
DA:321,0
DA:323,240490
DA:324,240730
DA:325,240488
DA:326,240488
DA:328,2
DA:329,2
DA:347,835402
DA:354,835402
DA:355,835402
DA:356,835402
DA:358,835402
DA:360,835402
DA:361,835402
DA:362,505716
DA:364,505716
DA:365,505716
DA:366,331474
DA:368,331474
DA:369,331474
DA:370,242008
DA:372,242008
DA:373,242008
DA:374,180634
DA:376,180634
DA:377,180634
DA:378,137514
DA:380,137514
DA:381,137514
DA:382,110236
DA:384,110236
DA:385,110236
DA:386,89594
DA:388,89594
DA:389,89594
DA:390,71492
DA:392,71492
DA:393,71492
DA:394,58030
DA:396,58030
DA:397,58030
DA:398,47360
DA:400,47360
DA:401,47360
DA:402,39040
DA:404,39040
DA:405,39040
DA:406,32688
DA:408,32688
DA:410,2245700
DA:412,2245700
DA:413,2245700
DA:414,2239528
DA:415,2239528
DA:416,2232806
DA:418,2232806
DA:419,2232806
DA:420,2229410
DA:421,2229410
DA:422,2226668
DA:424,2226668
DA:425,2226668
DA:426,2224582
DA:427,2224582
DA:428,2222870
DA:430,2222870
DA:431,2222870
DA:432,2221004
DA:433,2221004
DA:434,2219958
DA:436,2219958
DA:437,2219958
DA:438,2217622
DA:439,2217622
DA:440,2216772
DA:442,2216772
DA:443,2216772
DA:444,2215742
DA:445,2215742
DA:446,2215036
DA:448,2215036
DA:449,2215036
DA:450,2214308
DA:451,2214308
DA:452,2213822
DA:454,2213822
DA:455,2213822
DA:456,2213300
DA:457,2213300
DA:458,2213012
DA:460,2213012
DA:461,2213012
DA:463,2213012
DA:464,2213012
DA:466,2213012
DA:485,43194
DA:494,43194
DA:495,43194
DA:497,43194
DA:498,43194
DA:501,102038
DA:502,35092
DA:504,102020
DA:505,66930
DA:507,66930
DA:508,203308
DA:511,203308
DA:512,184282
DA:513,184282
DA:514,475812
DA:515,291530
DA:517,154290
DA:518,154290
DA:519,154290
DA:521,184282
DA:522,184282
DA:525,184282
DA:526,156768
DA:527,156768
DA:528,434732
DA:529,277964
DA:531,153582
DA:532,153582
DA:533,153582
DA:535,156768
DA:536,156768
DA:539,156768
DA:540,136380
DA:541,136380
DA:542,402288
DA:543,265908
DA:545,154586
DA:546,154586
DA:547,154586
DA:549,136380
DA:550,136380
DA:552,136380
DA:583,21226
DA:585,21226
DA:586,5482
DA:587,21226
DA:588,7728
DA:589,7728
DA:591,21226
DA:621,8338
DA:630,8338
DA:631,8338
DA:633,8338
DA:634,8338
DA:635,8338
DA:637,8338
DA:638,8338
DA:639,8338
DA:641,8338
DA:642,8338
DA:644,8338
DA:646,64420
DA:648,64420
DA:649,64420
DA:651,43194
DA:652,43194
DA:653,43192
DA:656,42452
DA:657,42452
DA:658,21226
DA:659,21226
DA:661,21226
DA:662,21226
DA:664,1793480
DA:665,1669152
DA:666,1669152
DA:667,1656834
DA:668,1656834
DA:669,1244688
DA:670,1244688
DA:671,412146
DA:672,412146
DA:673,278910
DA:675,644932
DA:676,644932
DA:677,623706
DA:678,623706
DA:679,215788
DA:680,215788
DA:681,407918
DA:682,407918
DA:683,283590
DA:685,145554
DA:686,124328
DA:689,21226
DA:691,21226
DA:692,3798
DA:693,3798
DA:696,159734
DA:697,152606
DA:699,17428
DA:700,17428
DA:702,17428
DA:703,17428
DA:704,17428
DA:706,17428
DA:707,17428
DA:708,17428
DA:710,17428
DA:711,17428
DA:713,17428
DA:714,17428
DA:715,90184
DA:751,8
DA:759,8
DA:760,8
DA:761,8
DA:762,8
DA:763,8
DA:764,8
DA:765,8
DA:766,8
DA:767,8
DA:770,524304
DA:772,8
DA:773,8
DA:774,214946
DA:775,214938
DA:776,214938
DA:777,214938
DA:778,214938
DA:779,214938
DA:780,214938
DA:781,214938
DA:782,214938
DA:783,214938
DA:784,214938
DA:785,214938
DA:786,214938
DA:788,20
DA:789,12
DA:790,12
DA:791,12
DA:795,280
DA:796,272
DA:797,272
DA:800,8
DA:803,524296
DA:805,8
DA:806,8
DA:807,214946
DA:808,214938
DA:809,214938
DA:810,214938
DA:811,214938
DA:812,214938
DA:813,214938
DA:814,214938
DA:815,214938
DA:816,214938
DA:817,214938
DA:818,214938
DA:819,214938
DA:820,214938
DA:821,214938
DA:822,214938
DA:823,214938
DA:825,20
DA:826,12
DA:827,12
DA:828,12
DA:829,12
DA:837,2056
DA:838,2048
DA:839,2048
DA:845,40
DA:846,40
DA:847,40
DA:848,8848
DA:849,8808
DA:850,8808
DA:851,15896
DA:852,8006
DA:853,8006
DA:854,8006
DA:856,7890
DA:857,8808
DA:859,40
DA:868,2048
DA:876,2042
DA:886,524490
DA:887,522450
DA:888,520408
DA:889,520408
DA:890,261112
DA:891,261112
DA:892,261112
DA:893,8338
DA:894,0
DA:897,8338
DA:901,8338
DA:902,8338
DA:905,520406
DA:909,2040
DA:919,524280
DA:920,522240
DA:921,522240
DA:923,279800
DA:924,277760
DA:925,277760
DA:926,277760
DA:927,129788
DA:929,343994
DA:930,341954
DA:931,341954
DA:932,341954
DA:933,173360
DA:937,2040
DA:946,524280
DA:987,2040
DA:989,2040
DA:990,2034
DA:991,2034
DA:992,2034
DA:994,2034
DA:996,575580
DA:997,573546
DA:998,573546
DA:999,573546
DA:1000,573546
DA:1001,266
DA:1003,2040
DA:1008,6
DA:1009,6
DA:1031,8
DA:1033,8
DA:1034,8
DA:1035,8
DA:1036,8
DA:1037,8
DA:1038,8
DA:1039,8
DA:1040,8
DA:1041,8
DA:1042,8
DA:1044,8
DA:1045,0
DA:1052,8
DA:1053,8
DA:1054,8
DA:1063,8
DA:1065,8
DA:1066,8
DA:1068,8
DA:1069,8
DA:1070,0
DA:1075,8
DA:1076,2
DA:1077,0
DA:1079,2
DA:1083,8
DA:1084,669926
DA:1085,669926
DA:1086,8
DA:1088,8
DA:1089,8
end_of_record
SF:/usr/include/x86_64-linux-gnu/bits/stdio2.h
DA:103,0
DA:105,0
end_of_record
TN:
SF:/root/rustmap/c-code/bzip2-1.0.8/huffman.c
FN:63,BZ2_hbMakeCodeLengths
FNDA:168,BZ2_hbMakeCodeLengths
FN:152,BZ2_hbAssignCodes
FNDA:42,BZ2_hbAssignCodes
FN:170,BZ2_hbCreateDecodeTables
FNDA:0,BZ2_hbCreateDecodeTables
DA:63,168
DA:72,168
DA:73,168
DA:75,168
DA:76,168
DA:77,168
DA:79,37608
DA:80,37440
DA:82,168
DA:84,168
DA:85,168
DA:87,168
DA:88,168
DA:89,168
DA:91,37608
DA:92,37440
DA:93,37440
DA:94,37440
DA:95,96658
DA:100,37440
DA:101,236520
DA:102,233380
DA:103,37272
DA:104,37272
DA:105,37272
DA:106,37272
DA:107,37272
DA:108,37272
DA:109,41816
DA:112,168
DA:115,37608
DA:118,435214
DA:119,37440
DA:120,37440
DA:123,168
DA:142,0
DA:143,0
DA:144,0
DA:145,0
DA:148,168
DA:152,42
DA:158,42
DA:160,42
DA:161,462
DA:162,101026
DA:163,100606
DA:164,420
DA:166,42
DA:170,0
DA:178,0
DA:180,0
DA:181,0
DA:182,0
DA:183,0
DA:185,0
DA:186,0
DA:188,0
DA:190,0
DA:193,0
DA:194,0
DA:195,0
DA:196,0
DA:198,0
DA:199,0
DA:200,0
end_of_record
TN:
SF:/usr/include/x86_64-linux-gnu/bits/fcntl2.h
DA:41,0
DA:43,0
DA:46,0
DA:48,0
DA:53,0
end_of_record
SF:/usr/include/x86_64-linux-gnu/bits/string_fortified.h
DA:77,6
DA:79,6
DA:92,30
DA:95,30
DA:128,0
DA:130,0
end_of_record
SF:/root/rustmap/c-code/bzip2-1.0.8/bzip2.c
FN:277,uInt64_qrm10
FNDA:0,uInt64_qrm10
FN:295,uInt64_toAscii
FNDA:0,uInt64_toAscii
FN:318,myfeof
FNDA:182,myfeof
FN:329,compressStream
FNDA:6,compressStream
FN:433,uncompressStream
FNDA:0,uncompressStream
FN:554,testStream
FNDA:0,testStream
FN:659,cadvise
FNDA:0,cadvise
FN:674,showFileNames
FNDA:0,showFileNames
FN:687,cleanUpAndFail
FNDA:0,cleanUpAndFail
FN:746,panic
FNDA:0,panic
FN:761,crcError
FNDA:0,crcError
FN:774,compressedStreamEOF
FNDA:0,compressedStreamEOF
FN:791,ioError
FNDA:0,ioError
FN:805,mySignalCatcher
FNDA:0,mySignalCatcher
FN:816,mySIGSEGVorSIGBUScatcher
FNDA:0,mySIGSEGVorSIGBUScatcher
FN:872,outOfMemory
FNDA:0,outOfMemory
FN:884,configError
FNDA:0,configError
FN:908,pad
FNDA:0,pad
FN:919,copyFileName
FNDA:30,copyFileName
FN:940,fileExists
FNDA:0,fileExists
FN:960,fopen_output_safely
FNDA:0,fopen_output_safely
FN:981,notAStandardFile
FNDA:0,notAStandardFile
FN:998,countHardLinks
FNDA:0,countHardLinks
FN:1038,saveInputFileMetaInfo
FNDA:0,saveInputFileMetaInfo
FN:1050,applySavedTimeInfoToOutputFile
FNDA:0,applySavedTimeInfoToOutputFile
FN:1065,applySavedFileAttrToOutputFile
FNDA:0,applySavedFileAttrToOutputFile
FN:1110,hasSuffix
FNDA:24,hasSuffix
FN:1120,mapSuffix
FNDA:0,mapSuffix
FN:1133,compress
FNDA:6,compress
FN:1314,uncompress
FNDA:0,uncompress
FN:1512,testf
FNDA:0,testf
FN:1601,license
FNDA:0,license
FN:1626,usage
FNDA:0,usage
FN:1670,redundant
FNDA:0,redundant
FN:1704,myMalloc
FNDA:12,myMalloc
FN:1729,snocString
FNDA:6,snocString
FN:1747,addFlagsFromEnvVar
FNDA:12,addFlagsFromEnvVar
FN:1776,main
FNDA:6,main
DA:238,0
DA:240,0
DA:241,0
DA:242,0
DA:243,0
DA:244,0
DA:245,0
DA:246,0
DA:247,0
DA:248,0
DA:257,0
DA:258,0
DA:259,0
DA:261,0
DA:266,0
DA:268,0
DA:269,0
DA:270,0
DA:277,0
DA:279,0
DA:280,0
DA:281,0
DA:282,0
DA:283,0
DA:284,0
DA:285,0
DA:287,0
DA:295,0
DA:297,0
DA:298,0
DA:299,0
DA:300,0
DA:301,0
DA:302,0
DA:303,0
DA:304,0
DA:305,0
DA:306,0
DA:307,0
DA:308,0
DA:309,0
DA:318,182
DA:320,182
DA:321,182
DA:322,176
DA:323,176
DA:329,6
DA:331,6
DA:332,6
DA:333,6
DA:334,6
DA:335,6
DA:336,6
DA:338,6
DA:339,6
DA:341,6
DA:342,6
DA:344,6
DA:346,6
DA:348,6
DA:350,182
DA:352,182
DA:353,176
DA:354,176
DA:355,176
DA:356,176
DA:360,6
DA:363,6
DA:365,6
DA:366,6
DA:367,6
DA:368,6
DA:369,0
DA:370,0
DA:371,0
DA:372,0
DA:373,0
DA:374,0
DA:376,6
DA:377,6
DA:378,6
DA:379,6
DA:381,6
DA:382,0
DA:383,0
DA:385,0
DA:386,0
DA:387,0
DA:388,0
DA:390,0
DA:392,0
DA:393,0
DA:394,0
DA:395,0
DA:396,0
DA:399,0
DA:400,0
DA:407,6
DA:409,0
DA:410,0
DA:413,0
DA:414,0
DA:415,0
DA:416,0
DA:417,0
DA:419,0
DA:420,0
DA:421,0
DA:422,0
DA:433,0
DA:435,0
DA:436,0
DA:437,0
DA:438,0
DA:439,0
DA:440,0
DA:441,0
DA:443,0
DA:444,0
DA:446,0
DA:447,0
DA:449,0
DA:450,0
DA:452,0
DA:454,0
DA:458,0
DA:459,0
DA:461,0
DA:462,0
DA:463,0
DA:464,0
DA:465,0
DA:466,0
DA:468,0
DA:470,0
DA:471,0
DA:473,0
DA:474,0
DA:476,0
DA:477,0
DA:479,0
DA:482,0
DA:483,0
DA:484,0
DA:485,0
DA:486,0
DA:487,0
DA:489,0
DA:490,0
DA:492,0
DA:493,0
DA:494,0
DA:495,0
DA:496,0
DA:497,0
DA:498,0
DA:500,0
DA:501,0
DA:504,0
DA:505,0
DA:506,0
DA:507,0
DA:508,0
DA:509,0
DA:510,0
DA:511,0
DA:512,0
DA:514,0
DA:517,0
DA:518,0
DA:519,0
DA:520,0
DA:521,0
DA:523,0
DA:524,0
DA:525,0
DA:526,0
DA:527,0
DA:528,0
DA:529,0
DA:530,0
DA:531,0
DA:532,0
DA:533,0
DA:534,0
DA:537,0
DA:538,0
DA:541,0
DA:543,0
DA:544,0
DA:554,0
DA:556,0
DA:557,0
DA:558,0
DA:559,0
DA:560,0
DA:561,0
DA:562,0
DA:564,0
DA:565,0
DA:567,0
DA:568,0
DA:570,0
DA:572,0
DA:576,0
DA:577,0
DA:579,0
DA:580,0
DA:581,0
DA:583,0
DA:585,0
DA:586,0
DA:588,0
DA:589,0
DA:591,0
DA:592,0
DA:593,0
DA:597,0
DA:598,0
DA:599,0
DA:601,0
DA:604,0
DA:605,0
DA:606,0
DA:607,0
DA:608,0
DA:609,0
DA:610,0
DA:612,0
DA:613,0
DA:614,0
DA:615,0
DA:617,0
DA:618,0
DA:619,0
DA:620,0
DA:621,0
DA:623,0
DA:624,0
DA:625,0
DA:626,0
DA:627,0
DA:629,0
DA:631,0
DA:632,0
DA:634,0
DA:636,0
DA:637,0
DA:651,0
DA:653,0
DA:659,0
DA:661,0
DA:662,0
DA:669,0
DA:674,0
DA:676,0
DA:677,0
DA:682,0
DA:687,0
DA:689,0
DA:690,0
DA:692,0
DA:693,0
DA:694,0
DA:701,0
DA:702,0
DA:703,0
DA:704,0
DA:707,0
DA:708,0
DA:709,0
DA:710,0
DA:711,0
DA:716,0
DA:719,0
DA:722,0
DA:725,0
DA:732,0
DA:733,0
DA:739,0
DA:740,0
DA:746,0
DA:748,0
DA:754,0
DA:755,0
DA:761,0
DA:763,0
DA:766,0
DA:767,0
DA:768,0
DA:774,0
DA:776,0
DA:777,0
DA:781,0
DA:782,0
DA:783,0
DA:785,0
DA:791,0
DA:793,0
DA:797,0
DA:798,0
DA:799,0
DA:805,0
DA:807,0
DA:810,0
DA:816,0
DA:818,0
DA:819,0
DA:840,0
DA:863,0
DA:864,0
DA:865,0
DA:866,0
DA:872,0
DA:874,0
DA:877,0
DA:878,0
DA:884,0
DA:886,0
DA:892,0
DA:893,0
DA:908,0
DA:910,0
DA:911,0
DA:912,0
DA:913,0
DA:919,30
DA:921,30
DA:922,0
DA:929,0
DA:930,0
DA:933,30
DA:934,30
DA:935,30
DA:940,0
DA:942,0
DA:943,0
DA:944,0
DA:945,0
DA:960,0
DA:963,0
DA:964,0
DA:965,0
DA:966,0
DA:967,0
DA:968,0
DA:981,0
DA:983,0
DA:984,0
DA:986,0
DA:987,0
DA:988,0
DA:998,0
DA:1000,0
DA:1001,0
DA:1003,0
DA:1004,0
DA:1005,0
DA:1038,0
DA:1041,0
DA:1043,0
DA:1044,0
DA:1046,0
DA:1050,0
DA:1053,0
DA:1054,0
DA:1056,0
DA:1057,0
DA:1059,0
DA:1060,0
DA:1062,0
DA:1065,0
DA:1068,0
DA:1070,0
DA:1071,0
DA:1073,0
DA:1078,0
DA:1110,24
DA:1112,24
DA:1113,24
DA:1114,24
DA:1115,24
DA:1120,0
DA:1124,0
DA:1125,0
DA:1126,0
DA:1127,0
DA:1133,6
DA:1135,6
DA:1136,6
DA:1137,6
DA:1138,6
DA:1140,6
DA:1142,6
DA:1143,0
DA:1145,6
DA:1146,6
DA:1147,6
DA:1148,6
DA:1149,6
DA:1150,0
DA:1151,0
DA:1152,0
DA:1153,0
DA:1155,0
DA:1156,0
DA:1157,0
DA:1158,0
DA:1161,6
DA:1166,0
DA:1168,6
DA:1169,0
DA:1170,0
DA:1171,0
DA:1172,0
DA:1174,30
DA:1175,24
DA:1176,0
DA:1177,0
DA:1180,0
DA:1181,0
DA:1184,6
DA:1185,0
DA:1186,0
DA:1187,0
DA:1190,0
DA:1191,0
DA:1194,6
DA:1195,0
DA:1196,0
DA:1198,0
DA:1199,0
DA:1201,6
DA:1202,0
DA:1203,0
DA:1205,0
DA:1207,0
DA:1208,0
DA:1211,6
DA:1212,0
DA:1213,0
DA:1215,0
DA:1216,0
DA:1219,6
DA:1222,0
DA:1225,6
DA:1227,6
DA:1228,6
DA:1229,6
DA:1230,6
DA:1231,0
DA:1234,0
DA:1236,0
DA:1237,0
DA:1241,0
DA:1242,0
DA:1243,0
DA:1244,0
DA:1245,0
DA:1248,0
DA:1250,0
DA:1251,0
DA:1252,0
DA:1253,0
DA:1254,0
DA:1255,0
DA:1256,0
DA:1257,0
DA:1258,0
DA:1262,0
DA:1263,0
DA:1264,0
DA:1265,0
DA:1266,0
DA:1267,0
DA:1268,0
DA:1269,0
DA:1270,0
DA:1272,0
DA:1273,0
DA:1274,0
DA:1275,0
DA:1276,0
DA:1277,0
DA:1281,0
DA:1282,0
DA:1283,6
DA:1286,6
DA:1287,0
DA:1288,0
DA:1289,0
DA:1293,6
DA:1294,6
DA:1295,6
DA:1296,6
DA:1299,6
DA:1300,0
DA:1301,0
DA:1302,0
DA:1303,0
DA:1304,0
DA:1308,6
DA:1314,0
DA:1316,0
DA:1317,0
DA:1318,0
DA:1319,0
DA:1320,0
DA:1321,0
DA:1323,0
DA:1325,0
DA:1326,0
DA:1328,0
DA:1329,0
DA:1330,0
DA:1331,0
DA:1332,0
DA:1333,0
DA:1334,0
DA:1335,0
DA:1336,0
DA:1337,0
DA:1338,0
DA:1339,0
DA:1340,0
DA:1341,0
DA:1343,0
DA:1344,0
DA:1345,0
DA:1346,0
DA:1349,0
DA:1350,0
DA:1355,0
DA:1357,0
DA:1358,0
DA:1359,0
DA:1360,0
DA:1361,0
DA:1363,0
DA:1364,0
DA:1365,0
DA:1366,0
DA:1369,0
DA:1370,0
DA:1373,0
DA:1374,0
DA:1375,0
DA:1377,0
DA:1378,0
DA:1380,0
DA:1381,0
DA:1382,0
DA:1387,0
DA:1388,0
DA:1389,0
DA:1391,0
DA:1393,0
DA:1394,0
DA:1397,0
DA:1398,0
DA:1399,0
DA:1401,0
DA:1402,0
DA:1405,0
DA:1408,0
DA:1411,0
DA:1413,0
DA:1414,0
DA:1415,0
DA:1416,0
DA:1417,0
DA:1420,0
DA:1422,0
DA:1423,0
DA:1427,0
DA:1428,0
DA:1429,0
DA:1430,0
DA:1431,0
DA:1432,0
DA:1433,0
DA:1434,0
DA:1435,0
DA:1439,0
DA:1440,0
DA:1441,0
DA:1442,0
DA:1443,0
DA:1444,0
DA:1445,0
DA:1446,0
DA:1447,0
DA:1449,0
DA:1450,0
DA:1451,0
DA:1452,0
DA:1453,0
DA:1454,0
DA:1458,0
DA:1459,0
DA:1460,0
DA:1463,0
DA:1464,0
DA:1465,0
DA:1466,0
DA:1470,0
DA:1471,0
DA:1472,0
DA:1473,0
DA:1476,0
DA:1477,0
DA:1478,0
DA:1479,0
DA:1480,0
DA:1481,0
DA:1482,0
DA:1486,0
DA:1487,0
DA:1488,0
DA:1489,0
DA:1490,0
DA:1493,0
DA:1495,0
DA:1496,0
DA:1497,0
DA:1499,0
DA:1500,0
DA:1501,0
DA:1502,0
DA:1512,0
DA:1514,0
DA:1515,0
DA:1516,0
DA:1518,0
DA:1520,0
DA:1521,0
DA:1523,0
DA:1524,0
DA:1525,0
DA:1526,0
DA:1527,0
DA:1530,0
DA:1535,0
DA:1537,0
DA:1538,0
DA:1539,0
DA:1540,0
DA:1541,0
DA:1543,0
DA:1544,0
DA:1545,0
DA:1546,0
DA:1549,0
DA:1550,0
DA:1554,0
DA:1556,0
DA:1557,0
DA:1558,0
DA:1561,0
DA:1563,0
DA:1564,0
DA:1565,0
DA:1566,0
DA:1567,0
DA:1569,0
DA:1570,0
DA:1571,0
DA:1572,0
DA:1573,0
DA:1574,0
DA:1575,0
DA:1579,0
DA:1580,0
DA:1581,0
DA:1584,0
DA:1585,0
DA:1586,0
DA:1587,0
DA:1591,0
DA:1592,0
DA:1594,0
DA:1595,0
DA:1601,0
DA:1603,0
DA:1621,0
DA:1626,0
DA:1628,0
DA:1665,0
DA:1670,0
DA:1672,0
DA:1676,0
DA:1704,12
DA:1706,12
DA:1708,12
DA:1709,12
DA:1710,12
DA:1716,6
DA:1718,6
DA:1720,12
DA:1721,6
DA:1722,6
DA:1723,6
DA:1729,6
DA:1731,6
DA:1732,6
DA:1733,6
DA:1734,6
DA:1735,6
DA:1738,0
DA:1739,0
DA:1740,0
DA:1747,12
DA:1749,12
DA:1750,12
DA:1752,12
DA:1753,12
DA:1756,0
DA:1757,0
DA:1759,0
DA:1760,0
DA:1761,0
DA:1762,0
DA:1763,0
DA:1764,0
DA:1765,0
DA:1766,0
DA:1770,12
DA:1776,6
DA:1778,6
DA:1779,6
DA:1780,6
DA:1781,6
DA:1782,6
DA:1785,6
DA:1791,6
DA:1792,6
DA:1793,6
DA:1794,6
DA:1795,6
DA:1796,6
DA:1797,6
DA:1798,6
DA:1799,6
DA:1800,6
DA:1801,6
DA:1802,6
DA:1803,6
DA:1804,6
DA:1805,6
DA:1808,6
DA:1811,6
DA:1815,6
DA:1816,6
DA:1818,6
DA:1819,6
DA:1820,48
DA:1821,42
DA:1827,6
DA:1828,6
DA:1829,6
DA:1830,18
DA:1831,6
DA:1835,6
DA:1836,6
DA:1837,6
DA:1838,12
DA:1839,6
DA:1840,6
DA:1841,0
DA:1842,0
DA:1843,0
DA:1848,6
DA:1849,6
DA:1854,6
DA:1856,6
DA:1857,6
DA:1858,0
DA:1860,6
DA:1861,6
DA:1862,6
DA:1863,6
DA:1864,0
DA:1865,0
DA:1870,12
DA:1871,6
DA:1872,6
DA:1873,12
DA:1874,6
DA:1875,0
DA:1876,0
DA:1877,0
DA:1878,0
DA:1879,0
DA:1880,0
DA:1881,0
DA:1882,0
DA:1883,2
DA:1884,2
DA:1885,2
DA:1886,0
DA:1887,0
DA:1888,0
DA:1889,0
DA:1890,0
DA:1891,0
DA:1892,0
DA:1893,0
DA:1894,0
DA:1895,0
DA:1896,0
DA:1897,0
DA:1898,0
DA:1900,0
DA:1901,0
DA:1902,6
DA:1909,12
DA:1910,6
DA:1911,6
DA:1912,6
DA:1913,6
DA:1914,6
DA:1915,6
DA:1916,6
DA:1917,6
DA:1918,6
DA:1919,6
DA:1920,6
DA:1921,6
DA:1922,6
DA:1923,6
DA:1924,6
DA:1925,6
DA:1926,6
DA:1927,6
DA:1929,6
DA:1930,0
DA:1931,0
DA:1932,0
DA:1936,6
DA:1937,6
DA:1938,0
DA:1940,6
DA:1941,0
DA:1943,0
DA:1946,6
DA:1947,0
DA:1949,6
DA:1951,6
DA:1952,0
DA:1953,0
DA:1955,0
DA:1959,6
DA:1960,6
DA:1961,6
DA:1964,0
DA:1965,0
DA:1966,0
DA:1967,0
DA:1968,0
DA:1974,0
DA:1975,0
DA:1976,0
DA:1977,0
DA:1980,0
DA:1981,0
DA:1982,0
DA:1983,0
DA:1984,0
DA:1987,0
DA:1988,0
DA:1989,0
DA:1994,0
DA:1995,0
DA:1996,0
DA:1999,0
DA:2000,0
DA:2001,0
DA:2002,0
DA:2003,0
DA:2006,0
DA:2007,0
DA:2008,0
DA:2014,0
DA:2015,0
DA:2023,12
DA:2024,6
DA:2025,6
DA:2026,6
DA:2027,6
DA:2030,6
end_of_record
SF:/usr/include/x86_64-linux-gnu/bits/stdio2.h
DA:103,0
DA:105,0
DA:288,176
DA:291,176
DA:292,176
DA:293,176
end_of_record
TN:
SF:/root/rustmap/c-code/bzip2-1.0.8/decompress.c
FN:27,makeMaps_d
FNDA:0,makeMaps_d
FN:106,BZ2_decompress
FNDA:0,BZ2_decompress
DA:27,0
DA:29,0
DA:30,0
DA:31,0
DA:32,0
DA:33,0
DA:34,0
DA:36,0
DA:106,0
DA:108,0
DA:109,0
DA:110,0
DA:111,0
DA:114,0
DA:115,0
DA:116,0
DA:117,0
DA:118,0
DA:119,0
DA:120,0
DA:121,0
DA:122,0
DA:123,0
DA:124,0
DA:125,0
DA:126,0
DA:127,0
DA:128,0
DA:129,0
DA:130,0
DA:131,0
DA:132,0
DA:133,0
DA:134,0
DA:135,0
DA:136,0
DA:137,0
DA:139,0
DA:141,0
DA:142,0
DA:143,0
DA:144,0
DA:145,0
DA:146,0
DA:147,0
DA:148,0
DA:149,0
DA:150,0
DA:151,0
DA:152,0
DA:153,0
DA:154,0
DA:155,0
DA:156,0
DA:157,0
DA:158,0
DA:159,0
DA:160,0
DA:161,0
DA:162,0
DA:163,0
DA:164,0
DA:168,0
DA:169,0
DA:170,0
DA:171,0
DA:172,0
DA:173,0
DA:174,0
DA:175,0
DA:176,0
DA:177,0
DA:178,0
DA:179,0
DA:180,0
DA:181,0
DA:182,0
DA:183,0
DA:184,0
DA:185,0
DA:186,0
DA:187,0
DA:188,0
DA:189,0
DA:190,0
DA:191,0
DA:193,0
DA:195,0
DA:197,0
DA:198,0
DA:200,0
DA:201,0
DA:203,0
DA:204,0
DA:206,0
DA:207,0
DA:208,0
DA:209,0
DA:211,0
DA:212,0
DA:213,0
DA:216,0
DA:218,0
DA:219,0
DA:222,0
DA:224,0
DA:225,0
DA:226,0
DA:227,0
DA:228,0
DA:229,0
DA:230,0
DA:231,0
DA:232,0
DA:233,0
DA:234,0
DA:235,0
DA:237,0
DA:238,0
DA:239,0
DA:241,0
DA:242,0
DA:243,0
DA:244,0
DA:245,0
DA:246,0
DA:247,0
DA:248,0
DA:249,0
DA:251,0
DA:253,0
DA:254,0
DA:255,0
DA:256,0
DA:257,0
DA:258,0
DA:259,0
DA:261,0
DA:262,0
DA:263,0
DA:264,0
DA:267,0
DA:268,0
DA:269,0
DA:270,0
DA:271,0
DA:274,0
DA:276,0
DA:277,0
DA:278,0
DA:279,0
DA:280,0
DA:282,0
DA:283,0
DA:284,0
DA:287,0
DA:288,0
DA:289,0
DA:290,0
DA:291,0
DA:292,0
DA:293,0
DA:294,0
DA:295,0
DA:296,0
DA:297,0
DA:302,0
DA:303,0
DA:305,0
DA:310,0
DA:311,0
DA:313,0
DA:314,0
DA:315,0
DA:316,0
DA:317,0
DA:318,0
DA:323,0
DA:324,0
DA:325,0
DA:326,0
DA:327,0
DA:328,0
DA:329,0
DA:330,0
DA:331,0
DA:333,0
DA:338,0
DA:341,0
DA:342,0
DA:343,0
DA:345,0
DA:352,0
DA:357,0
DA:358,0
DA:359,0
DA:360,0
DA:362,0
DA:368,0
DA:369,0
DA:370,0
DA:371,0
DA:373,0
DA:378,0
DA:379,0
DA:381,0
DA:383,0
DA:385,0
DA:389,0
DA:396,0
DA:397,0
DA:398,0
DA:399,0
DA:400,0
DA:402,0
DA:404,0
DA:405,0
DA:406,0
DA:408,0
DA:409,0
DA:410,0
DA:411,0
DA:412,0
DA:413,0
DA:416,0
DA:417,0
DA:418,0
DA:419,0
DA:420,0
DA:421,0
DA:423,0
DA:427,0
DA:431,0
DA:432,0
DA:433,0
DA:435,0
DA:437,0
DA:438,0
DA:439,0
DA:440,0
DA:441,0
DA:442,0
DA:443,0
DA:444,0
DA:445,0
DA:447,0
DA:448,0
DA:449,0
DA:450,0
DA:453,0
DA:454,0
DA:455,0
DA:456,0
DA:457,0
DA:458,0
DA:459,0
DA:460,0
DA:461,0
DA:462,0
DA:463,0
DA:464,0
DA:465,0
DA:467,0
DA:468,0
DA:469,0
DA:471,0
DA:472,0
DA:473,0
DA:474,0
DA:476,0
DA:483,0
DA:484,0
DA:485,0
DA:486,0
DA:487,0
DA:489,0
DA:490,0
DA:497,0
DA:498,0
DA:502,0
DA:503,0
DA:504,0
DA:507,0
DA:508,0
DA:509,0
DA:511,0
DA:512,0
DA:514,0
DA:518,0
DA:519,0
DA:520,0
DA:524,0
DA:525,0
DA:526,0
DA:527,0
DA:528,0
DA:530,0
DA:533,0
DA:536,0
DA:537,0
DA:538,0
DA:539,0
DA:543,0
DA:544,0
DA:545,0
DA:546,0
DA:547,0
DA:548,0
DA:549,0
DA:551,0
DA:553,0
DA:554,0
DA:555,0
DA:556,0
DA:557,0
DA:558,0
DA:560,0
DA:566,0
DA:567,0
DA:568,0
DA:569,0
DA:572,0
DA:573,0
DA:574,0
DA:575,0
DA:576,0
DA:577,0
DA:579,0
DA:584,0
DA:588,0
DA:590,0
DA:591,0
DA:592,0
DA:593,0
DA:594,0
DA:595,0
DA:596,0
DA:597,0
DA:598,0
DA:599,0
DA:601,0
DA:602,0
DA:603,0
DA:604,0
DA:605,0
DA:606,0
DA:607,0
DA:608,0
DA:609,0
DA:611,0
DA:612,0
DA:614,0
DA:617,0
DA:619,0
DA:621,0
DA:622,0
DA:623,0
DA:624,0
DA:625,0
DA:626,0
DA:627,0
DA:628,0
DA:629,0
DA:630,0
DA:631,0
DA:632,0
DA:633,0
DA:634,0
DA:635,0
DA:636,0
DA:637,0
DA:638,0
DA:639,0
DA:640,0
DA:641,0
DA:642,0
DA:643,0
DA:644,0
DA:646,0
end_of_record
SF:/usr/include/x86_64-linux-gnu/bits/stdio2.h
DA:103,0
DA:105,0
end_of_record
TN:
SF:/usr/include/x86_64-linux-gnu/bits/stdio2.h
DA:103,0
DA:105,0
DA:288,0
DA:291,0
DA:292,0
DA:293,0
DA:294,0
DA:295,0
DA:296,0
end_of_record
SF:/usr/include/x86_64-linux-gnu/bits/string_fortified.h
DA:128,0
DA:130,0
end_of_record
SF:/root/rustmap/c-code/bzip2-1.0.8/bzlib.c
FN:41,BZ2_bz__AssertH__fail
FNDA:0,BZ2_bz__AssertH__fail
FN:102,default_bzalloc
FNDA:24,default_bzalloc
FN:109,default_bzfree
FNDA:24,default_bzfree
FN:117,prepare_new_block
FNDA:8,prepare_new_block
FN:148,BZ2_bzCompressInit
FNDA:6,BZ2_bzCompressInit
FN:216,add_pair_to_block
FNDA:10708,add_pair_to_block
FN:252,flush_RL
FNDA:6,flush_RL
FN:289,copy_input_until_stop
FNDA:184,copy_input_until_stop
FN:334,copy_output_until_stop
FNDA:48,copy_output_until_stop
FN:361,handle_compress
FNDA:222,handle_compress
FN:407,BZ2_bzCompress
FNDA:222,BZ2_bzCompress
FN:468,BZ2_bzCompressEnd
FNDA:6,BZ2_bzCompressEnd
FN:492,BZ2_bzDecompressInit
FNDA:0,BZ2_bzDecompressInit
FN:536,unRLE_obuf_to_output_FAST
FNDA:0,unRLE_obuf_to_output_FAST
FN:687,BZ2_indexIntoF
FNDA:0,BZ2_indexIntoF
FN:706,unRLE_obuf_to_output_SMALL
FNDA:0,unRLE_obuf_to_output_SMALL
FN:808,BZ2_bzDecompress
FNDA:0,BZ2_bzDecompress
FN:862,BZ2_bzDecompressEnd
FNDA:0,BZ2_bzDecompressEnd
FN:906,myfeof
FNDA:0,myfeof
FN:916,BZ2_bzWriteOpen
FNDA:6,BZ2_bzWriteOpen
FN:964,BZ2_bzWrite
FNDA:176,BZ2_bzWrite
FN:1009,BZ2_bzWriteClose
FNDA:0,BZ2_bzWriteClose
FN:1021,BZ2_bzWriteClose64
FNDA:6,BZ2_bzWriteClose64
FN:1087,BZ2_bzReadOpen
FNDA:0,BZ2_bzReadOpen
FN:1143,BZ2_bzReadClose
FNDA:0,BZ2_bzReadClose
FN:1161,BZ2_bzRead
FNDA:0,BZ2_bzRead
FN:1221,BZ2_bzReadGetUnused
FNDA:0,BZ2_bzReadGetUnused
FN:1247,BZ2_bzBuffToBuffCompress
FNDA:0,BZ2_bzBuffToBuffCompress
FN:1299,BZ2_bzBuffToBuffDecompress
FNDA:0,BZ2_bzBuffToBuffDecompress
FN:1366,BZ2_bzlibVersion
FNDA:0,BZ2_bzlibVersion
FN:1383,bzopen_or_bzdopen
FNDA:0,bzopen_or_bzdopen
FN:1460,BZ2_bzopen
FNDA:0,BZ2_bzopen
FN:1469,BZ2_bzdopen
FNDA:0,BZ2_bzdopen
FN:1478,BZ2_bzread
FNDA:0,BZ2_bzread
FN:1492,BZ2_bzwrite
FNDA:0,BZ2_bzwrite
FN:1506,BZ2_bzflush
FNDA:0,BZ2_bzflush
FN:1514,BZ2_bzclose
FNDA:0,BZ2_bzclose
FN:1559,BZ2_bzerror
FNDA:0,BZ2_bzerror
DA:41,0
DA:43,0
DA:56,0
DA:57,0
DA:84,0
DA:102,24
DA:104,24
DA:105,24
DA:109,24
DA:111,24
DA:112,24
DA:117,8
DA:119,8
DA:120,8
DA:121,8
DA:122,8
DA:123,8
DA:124,2056
DA:125,8
DA:126,8
DA:131,12
DA:133,12
DA:134,12
DA:139,26
DA:141,26
DA:143,20
DA:148,6
DA:154,6
DA:155,6
DA:157,6
DA:159,6
DA:160,6
DA:161,6
DA:164,6
DA:165,6
DA:166,6
DA:168,6
DA:169,6
DA:170,6
DA:172,6
DA:173,6
DA:174,6
DA:176,6
DA:177,6
DA:178,6
DA:179,6
DA:181,6
DA:182,0
DA:183,0
DA:184,0
DA:185,0
DA:186,0
DA:189,6
DA:190,6
DA:191,6
DA:192,6
DA:193,6
DA:194,6
DA:195,6
DA:196,6
DA:198,6
DA:199,6
DA:200,6
DA:201,6
DA:203,6
DA:204,6
DA:205,6
DA:206,6
DA:207,6
DA:208,6
DA:209,6
DA:210,6
DA:216,10708
DA:218,10708
DA:219,10708
DA:220,38656
DA:221,27948
DA:223,10708
DA:224,10708
DA:225,2
DA:226,2
DA:227,2
DA:228,8636
DA:229,8636
DA:230,8636
DA:231,8636
DA:232,1236
DA:233,1236
DA:234,1236
DA:235,1236
DA:236,1236
DA:237,834
DA:238,834
DA:239,834
DA:240,834
DA:241,834
DA:242,834
DA:243,834
DA:244,834
DA:245,834
DA:247,10708
DA:252,6
DA:254,6
DA:255,6
DA:256,6
DA:289,184
DA:291,184
DA:293,184
DA:296,862738
DA:298,862738
DA:300,862736
DA:301,862560
DA:302,862560
DA:303,862560
DA:304,862560
DA:305,862560
DA:306,862560
DA:312,6
DA:314,6
DA:316,6
DA:318,0
DA:319,0
DA:320,0
DA:321,0
DA:322,0
DA:323,0
DA:324,0
DA:325,0
DA:328,184
DA:334,48
DA:336,48
DA:338,212678
DA:341,212678
DA:344,212638
DA:346,212630
DA:347,212630
DA:348,212630
DA:349,212630
DA:350,212630
DA:351,212630
DA:352,212630
DA:355,48
DA:361,222
DA:363,222
DA:364,222
DA:365,222
DA:367,230
DA:369,230
DA:370,48
DA:371,48
DA:372,8
DA:373,6
DA:374,224
DA:375,2
DA:376,2
DA:377,2
DA:378,0
DA:379,406
DA:382,184
DA:383,184
DA:384,184
DA:385,6
DA:386,6
DA:387,6
DA:390,178
DA:391,2
DA:392,2
DA:395,176
DA:402,222
DA:407,222
DA:409,222
DA:410,222
DA:411,222
DA:412,222
DA:413,222
DA:414,222
DA:416,222
DA:417,228
DA:422,208
DA:423,208
DA:424,202
DA:425,202
DA:428,6
DA:429,0
DA:430,0
DA:431,0
DA:434,6
DA:435,6
DA:436,6
DA:437,6
DA:442,0
DA:443,0
DA:444,0
DA:446,0
DA:447,0
DA:448,0
DA:449,0
DA:450,0
DA:452,20
DA:453,20
DA:454,20
DA:456,20
DA:457,20
DA:458,20
DA:459,20
DA:460,6
DA:461,6
DA:463,0
DA:468,6
DA:470,6
DA:471,6
DA:472,6
DA:473,6
DA:474,6
DA:476,6
DA:477,6
DA:478,6
DA:479,6
DA:481,6
DA:483,6
DA:492,0
DA:497,0
DA:499,0
DA:501,0
DA:502,0
DA:503,0
DA:505,0
DA:506,0
DA:508,0
DA:509,0
DA:510,0
DA:511,0
DA:512,0
DA:513,0
DA:514,0
DA:515,0
DA:516,0
DA:517,0
DA:518,0
DA:519,0
DA:520,0
DA:521,0
DA:522,0
DA:523,0
DA:524,0
DA:525,0
DA:527,0
DA:536,0
DA:538,0
DA:540,0
DA:542,0
DA:544,0
DA:545,0
DA:546,0
DA:547,0
DA:548,0
DA:549,0
DA:550,0
DA:551,0
DA:552,0
DA:553,0
DA:557,0
DA:560,0
DA:563,0
DA:564,0
DA:565,0
DA:566,0
DA:567,0
DA:568,0
DA:570,0
DA:571,0
DA:572,0
DA:573,0
DA:574,0
DA:576,0
DA:577,0
DA:578,0
DA:579,0
DA:580,0
DA:582,0
DA:583,0
DA:584,0
DA:585,0
DA:586,0
DA:592,0
DA:593,0
DA:594,0
DA:595,0
DA:596,0
DA:597,0
DA:598,0
DA:599,0
DA:600,0
DA:601,0
DA:604,0
DA:605,0
DA:606,0
DA:608,0
DA:611,0
DA:612,0
DA:613,0
DA:614,0
DA:615,0
DA:616,0
DA:617,0
DA:618,0
DA:619,0
DA:621,0
DA:623,0
DA:624,0
DA:625,0
DA:626,0
DA:627,0
DA:628,0
DA:629,0
DA:633,0
DA:637,0
DA:638,0
DA:639,0
DA:640,0
DA:641,0
DA:642,0
DA:643,0
DA:644,0
DA:645,0
DA:646,0
DA:648,0
DA:649,0
DA:650,0
DA:651,0
DA:653,0
DA:654,0
DA:655,0
DA:656,0
DA:658,0
DA:659,0
DA:660,0
DA:663,0
DA:664,0
DA:665,0
DA:666,0
DA:667,0
DA:670,0
DA:671,0
DA:672,0
DA:673,0
DA:674,0
DA:675,0
DA:676,0
DA:677,0
DA:678,0
DA:681,0
DA:687,0
DA:689,0
DA:690,0
DA:691,0
DA:692,0
DA:693,0
DA:694,0
DA:696,0
DA:697,0
DA:706,0
DA:708,0
DA:710,0
DA:712,0
DA:714,0
DA:715,0
DA:716,0
DA:717,0
DA:718,0
DA:719,0
DA:720,0
DA:721,0
DA:722,0
DA:723,0
DA:727,0
DA:730,0
DA:733,0
DA:734,0
DA:735,0
DA:736,0
DA:737,0
DA:738,0
DA:740,0
DA:741,0
DA:742,0
DA:743,0
DA:744,0
DA:746,0
DA:747,0
DA:748,0
DA:749,0
DA:750,0
DA:752,0
DA:753,0
DA:754,0
DA:755,0
DA:756,0
DA:761,0
DA:763,0
DA:764,0
DA:765,0
DA:766,0
DA:767,0
DA:768,0
DA:769,0
DA:770,0
DA:771,0
DA:772,0
DA:776,0
DA:779,0
DA:782,0
DA:783,0
DA:784,0
DA:785,0
DA:786,0
DA:788,0
DA:789,0
DA:790,0
DA:791,0
DA:793,0
DA:794,0
DA:795,0
DA:796,0
DA:798,0
DA:799,0
DA:800,0
DA:808,0
DA:810,0
DA:811,0
DA:812,0
DA:813,0
DA:814,0
DA:815,0
DA:817,0
DA:818,0
DA:819,0
DA:820,0
DA:821,0
DA:822,0
DA:823,0
DA:824,0
DA:825,0
DA:826,0
DA:827,0
DA:829,0
DA:830,0
DA:832,0
DA:833,0
DA:835,0
DA:836,0
DA:841,0
DA:842,0
DA:843,0
DA:844,0
DA:845,0
DA:847,0
DA:849,0
DA:851,0
DA:862,0
DA:864,0
DA:865,0
DA:866,0
DA:867,0
DA:868,0
DA:870,0
DA:871,0
DA:872,0
DA:874,0
DA:875,0
DA:877,0
DA:906,0
DA:908,0
DA:909,0
DA:910,0
DA:911,0
DA:916,6
DA:923,6
DA:924,6
DA:926,6
DA:928,6
DA:929,6
DA:930,6
DA:931,6
DA:932,0
DA:934,6
DA:935,0
DA:937,6
DA:938,6
DA:939,0
DA:941,6
DA:942,6
DA:943,6
DA:944,6
DA:945,6
DA:946,6
DA:947,6
DA:948,6
DA:950,6
DA:951,6
DA:953,6
DA:954,0
DA:956,6
DA:957,6
DA:958,6
DA:964,176
DA:970,176
DA:971,176
DA:973,176
DA:974,176
DA:975,0
DA:976,176
DA:977,0
DA:978,176
DA:979,0
DA:981,176
DA:982,0
DA:984,176
DA:985,176
DA:987,202
DA:988,202
DA:989,202
DA:990,202
DA:991,202
DA:992,0
DA:994,202
DA:995,28
DA:996,28
DA:998,28
DA:999,0
DA:1002,202
DA:1003,176
DA:1009,0
DA:1016,0
DA:1018,0
DA:1021,6
DA:1030,6
DA:1031,6
DA:1033,6
DA:1034,0
DA:1035,6
DA:1036,0
DA:1037,6
DA:1038,0
DA:1040,6
DA:1041,6
DA:1042,6
DA:1043,6
DA:1045,6
DA:1046,20
DA:1047,20
DA:1048,20
DA:1049,20
DA:1050,20
DA:1051,0
DA:1053,20
DA:1054,20
DA:1055,20
DA:1057,20
DA:1058,0
DA:1061,20
DA:1065,6
DA:1066,6
DA:1067,6
DA:1068,0
DA:1071,6
DA:1072,6
DA:1073,6
DA:1074,6
DA:1075,6
DA:1076,6
DA:1077,6
DA:1078,6
DA:1080,6
DA:1081,6
DA:1082,6
DA:1087,0
DA:1095,0
DA:1096,0
DA:1098,0
DA:1100,0
DA:1101,0
DA:1102,0
DA:1103,0
DA:1104,0
DA:1105,0
DA:1107,0
DA:1108,0
DA:1110,0
DA:1111,0
DA:1112,0
DA:1114,0
DA:1116,0
DA:1117,0
DA:1118,0
DA:1119,0
DA:1120,0
DA:1121,0
DA:1122,0
DA:1124,0
DA:1125,0
DA:1126,0
DA:1127,0
DA:1130,0
DA:1131,0
DA:1132,0
DA:1134,0
DA:1135,0
DA:1137,0
DA:1138,0
DA:1143,0
DA:1145,0
DA:1147,0
DA:1148,0
DA:1149,0
DA:1151,0
DA:1152,0
DA:1154,0
DA:1155,0
DA:1156,0
DA:1161,0
DA:1167,0
DA:1168,0
DA:1170,0
DA:1172,0
DA:1173,0
DA:1175,0
DA:1176,0
DA:1178,0
DA:1179,0
DA:1181,0
DA:1182,0
DA:1184,0
DA:1186,0
DA:1187,0
DA:1189,0
DA:1190,0
DA:1192,0
DA:1193,0
DA:1194,0
DA:1195,0
DA:1196,0
DA:1199,0
DA:1201,0
DA:1202,0
DA:1204,0
DA:1205,0
DA:1206,0
DA:1208,0
DA:1209,0
DA:1210,0
DA:1211,0
DA:1212,0
DA:1221,0
DA:1227,0
DA:1228,0
DA:1229,0
DA:1230,0
DA:1231,0
DA:1232,0
DA:1233,0
DA:1235,0
DA:1236,0
DA:1237,0
DA:1247,0
DA:1256,0
DA:1257,0
DA:1259,0
DA:1260,0
DA:1261,0
DA:1262,0
DA:1263,0
DA:1266,0
DA:1267,0
DA:1268,0
DA:1269,0
DA:1270,0
DA:1272,0
DA:1274,0
DA:1275,0
DA:1276,0
DA:1277,0
DA:1279,0
DA:1280,0
DA:1281,0
DA:1284,0
DA:1285,0
DA:1286,0
DA:1288,0
DA:1289,0
DA:1290,0
DA:1292,0
DA:1293,0
DA:1294,0
DA:1299,0
DA:1307,0
DA:1308,0
DA:1310,0
DA:1311,0
DA:1312,0
DA:1313,0
DA:1316,0
DA:1317,0
DA:1318,0
DA:1319,0
DA:1320,0
DA:1322,0
DA:1323,0
DA:1324,0
DA:1325,0
DA:1327,0
DA:1328,0
DA:1329,0
DA:1332,0
DA:1333,0
DA:1334,0
DA:1336,0
DA:1337,0
DA:1338,0
DA:1339,0
DA:1341,0
DA:1342,0
DA:1343,0
DA:1345,0
DA:1346,0
DA:1347,0
DA:1366,0
DA:1368,0
DA:1383,0
DA:1389,0
DA:1390,0
DA:1391,0
DA:1392,0
DA:1393,0
DA:1394,0
DA:1395,0
DA:1396,0
DA:1397,0
DA:1398,0
DA:1399,0
DA:1401,0
DA:1402,0
DA:1403,0
DA:1406,0
DA:1407,0
DA:1408,0
DA:1409,0
DA:1410,0
DA:1411,0
DA:1412,0
DA:1415,0
DA:1417,0
DA:1418,0
DA:1420,0
DA:1421,0
DA:1422,0
DA:1425,0
DA:1431,0
DA:1434,0
DA:1436,0
DA:1438,0
DA:1440,0
DA:1443,0
DA:1446,0
DA:1447,0
DA:1448,0
DA:1460,0
DA:1464,0
DA:1469,0
DA:1473,0
DA:1478,0
DA:1480,0
DA:1481,0
DA:1482,0
DA:1483,0
DA:1486,0
DA:1492,0
DA:1494,0
DA:1496,0
DA:1497,0
DA:1500,0
DA:1506,0
DA:1509,0
DA:1514,0
DA:1516,0
DA:1517,0
DA:1519,0
DA:1520,0
DA:1521,0
DA:1522,0
DA:1523,0
DA:1524,0
DA:1527,0
DA:1529,0
DA:1530,0
DA:1559,0
DA:1561,0
DA:1563,0
DA:1564,0
DA:1565,0
end_of_record
