TN:
SF:/usr/include/x86_64-linux-gnu/bits/stdio2.h
DA:103,0
DA:105,0
end_of_record
SF:/root/rustmap/xuemeng/c-code/bzip2-1.0.8/compress.c
FN:37,BZ2_bsInitWrite
FNDA:0,BZ2_bsInitWrite
FN:46,bsFinishWrite
FNDA:3,bsFinishWrite
FN:73,bsW
FNDA:211232,bsW
FN:83,bsPutUInt32
FNDA:7,bsPutUInt32
FN:106,makeMaps_e
FNDA:4,makeMaps_e
FN:120,generateMTFValues
FNDA:4,generateMTFValues
FN:239,sendMTFValues
FNDA:4,sendMTFValues
FN:602,BZ2_compressBlock
FNDA:4,BZ2_compressBlock
DA:37,3
DA:39,3
DA:40,3
DA:41,0
DA:46,3
DA:48,9
DA:49,6
DA:50,6
DA:51,6
DA:52,6
DA:54,3
DA:73,211232
DA:75,317541
DA:76,211232
DA:77,211232
DA:78,211232
DA:83,7
DA:85,7
DA:86,7
DA:87,7
DA:88,7
DA:89,7
DA:94,54
DA:96,54
DA:97,3
DA:106,4
DA:108,4
DA:109,4
DA:110,1028
DA:111,1024
DA:112,789
DA:113,789
DA:115,4
DA:120,4
DA:122,4
DA:123,4
DA:124,4
DA:125,4
DA:126,4
DA:150,4
DA:151,4
DA:152,4
DA:154,4
DA:155,4
DA:157,801
DA:159,793
DA:160,793
DA:161,793
DA:163,429886
DA:164,429882
DA:165,429882
DA:166,429882
DA:167,429882
DA:168,429882
DA:170,429882
DA:171,295200
DA:174,134682
DA:175,39453
DA:176,80831
DA:177,60142
DA:178,19395
DA:179,19395
DA:181,40747
DA:182,40747
DA:184,60142
DA:185,20689
DA:190,134682
DA:191,134682
DA:192,134682
DA:193,134682
DA:194,134682
DA:195,134682
DA:196,134682
DA:197,2771221
DA:198,2636539
DA:199,2636539
DA:200,2636539
DA:201,2636539
DA:202,2636539
DA:203,134682
DA:204,134682
DA:205,134682
DA:206,134682
DA:212,4
DA:213,0
DA:214,0
DA:215,0
DA:216,0
DA:217,0
DA:219,0
DA:220,0
DA:222,0
DA:223,0
DA:225,4
DA:228,4
DA:230,4
DA:231,4
DA:239,4
DA:241,4
DA:242,4
DA:243,4
DA:256,4
DA:257,4
DA:259,4
DA:261,4
DA:262,0
DA:266,4
DA:267,28
DA:268,4806
DA:269,4782
DA:272,4
DA:273,4
DA:274,4
DA:275,3
DA:276,3
DA:277,3
DA:281,4
DA:283,4
DA:284,4
DA:285,4
DA:286,25
DA:287,21
DA:288,21
DA:289,21
DA:290,825
DA:291,804
DA:292,804
DA:295,21
DA:296,21
DA:297,12
DA:298,7
DA:299,7
DA:302,21
DA:303,0
DA:308,4701
DA:309,4680
DA:310,797
DA:311,3883
DA:313,21
DA:314,21
DA:315,21
DA:322,20
DA:324,100
DA:326,100
DA:327,18804
DA:328,18720
DA:334,16
DA:335,3064
DA:336,3052
DA:337,3052
DA:338,3052
DA:345,31192
DA:348,15604
DA:349,15588
DA:350,15588
DA:356,109044
DA:358,15588
DA:360,15556
DA:361,15556
DA:362,15556
DA:370,15556
DA:371,15556
DA:372,15556
DA:373,15556
DA:374,15556
DA:375,15556
DA:376,15556
DA:377,15556
DA:378,15556
DA:379,15556
DA:383,15556
DA:384,15556
DA:385,15556
DA:389,1544
DA:390,1512
DA:391,7080
DA:399,15588
DA:400,109044
DA:401,93456
DA:402,15588
DA:403,15588
DA:404,15588
DA:405,15588
DA:410,15588
DA:415,15556
DA:416,15556
DA:417,15556
DA:418,15556
DA:419,15556
DA:420,15556
DA:421,15556
DA:422,15556
DA:423,15556
DA:424,15556
DA:430,1544
DA:431,1512
DA:434,15588
DA:436,16
DA:437,0
DA:439,0
DA:440,0
DA:441,0
DA:449,100
DA:450,84
DA:455,4
DA:456,4
DA:464,25
DA:465,3901
DA:466,3897
DA:467,3897
DA:468,3897
DA:469,7979
DA:470,4082
DA:471,4082
DA:472,4082
DA:473,4082
DA:474,3897
DA:475,3897
DA:476,3897
DA:478,4
DA:481,25
DA:484,4701
DA:485,4680
DA:486,4680
DA:488,21
DA:489,21
DA:490,21
DA:497,68
DA:498,64
DA:499,1088
DA:500,1024
DA:503,4
DA:504,68
DA:505,64
DA:507,68
DA:508,64
DA:509,935
DA:510,880
DA:513,4
DA:514,0
DA:518,4
DA:519,4
DA:520,4
DA:521,3905
DA:522,7979
DA:523,3897
DA:525,4
DA:526,0
DA:529,4
DA:531,25
DA:532,21
DA:533,21
DA:534,4722
DA:535,6114
DA:536,5928
DA:537,4680
DA:541,4
DA:542,0
DA:545,4
DA:546,4
DA:547,4
DA:548,7798
DA:549,3901
DA:550,3897
DA:551,3897
DA:552,3897
DA:554,7786
DA:556,3889
DA:557,3889
DA:558,3889
DA:559,3889
DA:568,3889
DA:569,3889
DA:570,3889
DA:571,3889
DA:572,3889
DA:573,3889
DA:574,3889
DA:575,3889
DA:576,3889
DA:577,3889
DA:583,386
DA:584,378
DA:585,378
DA:586,378
DA:591,3897
DA:592,3897
DA:594,4
DA:596,4
DA:597,0
DA:598,4
DA:602,4
DA:604,4
DA:606,4
DA:607,4
DA:608,4
DA:609,4
DA:611,4
DA:612,0
DA:616,4
DA:619,4
DA:622,4
DA:623,3
DA:624,3
DA:625,3
DA:626,3
DA:627,3
DA:630,4
DA:632,4
DA:633,4
DA:634,4
DA:637,4
DA:648,4
DA:650,4
DA:651,4
DA:652,4
DA:657,4
DA:659,3
DA:660,3
DA:661,3
DA:662,3
DA:663,3
DA:664,0
DA:665,3
DA:667,4
end_of_record
TN:
SF:/usr/include/x86_64-linux-gnu/bits/stdio2.h
DA:103,0
DA:105,0
end_of_record
SF:/root/rustmap/xuemeng/c-code/bzip2-1.0.8/blocksort.c
FN:32,fallbackSimpleSort
FNDA:34644,fallbackSimpleSort
FN:93,fallbackQSort3
FNDA:160,fallbackQSort3
FN:212,fallbackSort
FNDA:1,fallbackSort
FN:347,mainGtU
FNDA:417701,mainGtU
FN:485,mainSimpleSort
FNDA:21597,mainSimpleSort
FN:621,mainQSort3
FNDA:4169,mainQSort3
FN:751,mainSort
FNDA:4,mainSort
FN:1031,BZ2_blockSort
FNDA:4,BZ2_blockSort
DA:32,34644
DA:37,34644
DA:38,34644
DA:40,34644
DA:42,34369
DA:43,49910
DA:44,38122
DA:45,38122
DA:46,38548
DA:47,426
DA:48,38122
DA:52,108114
DA:53,73745
DA:54,73745
DA:55,75465
DA:56,1720
DA:57,73745
DA:93,160
DA:98,160
DA:99,160
DA:100,160
DA:101,160
DA:102,160
DA:104,160
DA:106,160
DA:107,160
DA:109,160
DA:111,69132
DA:113,69132
DA:114,69132
DA:115,34644
DA:116,34644
DA:126,34488
DA:127,34488
DA:128,34488
DA:129,23129
DA:130,11423
DA:132,34488
DA:133,34488
DA:135,3340526
DA:136,3205523
DA:137,3205523
DA:138,3193881
DA:139,3193881
DA:140,1822775
DA:141,1822775
DA:142,1822775
DA:143,1371106
DA:144,1371106
DA:145,1213257
DA:147,1373225
DA:148,1373225
DA:149,1338737
DA:150,1338737
DA:151,645
DA:152,645
DA:153,645
DA:154,1338092
DA:155,1338092
DA:156,1203089
DA:158,169491
DA:159,135003
DA:162,34488
DA:164,34488
DA:166,122799
DA:167,35131
DA:169,34486
DA:170,34486
DA:172,34486
DA:173,11603
DA:174,11603
DA:176,22883
DA:177,92175
DA:180,160
DA:212,1
DA:218,1
DA:219,1
DA:220,1
DA:221,1
DA:222,1
DA:223,1
DA:229,1
DA:230,0
DA:231,258
DA:232,120245
DA:233,257
DA:234,257
DA:236,120245
DA:237,120244
DA:238,120244
DA:239,120244
DA:240,120244
DA:243,1
DA:244,3760
DA:245,257
DA:254,33
DA:255,32
DA:256,32
DA:261,17
DA:263,17
DA:264,0
DA:267,2044165
DA:268,2044148
DA:269,2044148
DA:270,2044148
DA:275,177
DA:278,177
DA:279,1060
DA:280,177
DA:281,4226
DA:282,1156
DA:284,177
DA:285,177
DA:286,1352
DA:287,160
DA:288,59661
DA:289,1401
DA:291,160
DA:292,160
DA:295,160
DA:296,160
DA:297,160
DA:300,160
DA:301,1909717
DA:302,1909397
DA:303,1909397
DA:308,17
DA:309,0
DA:311,17
DA:312,17
DA:320,1
DA:321,0
DA:323,120245
DA:324,120365
DA:325,120244
DA:326,120244
DA:328,1
DA:329,1
DA:347,417701
DA:354,417701
DA:355,417701
DA:356,417701
DA:358,417701
DA:360,417701
DA:361,417701
DA:362,252858
DA:364,252858
DA:365,252858
DA:366,165737
DA:368,165737
DA:369,165737
DA:370,121004
DA:372,121004
DA:373,121004
DA:374,90317
DA:376,90317
DA:377,90317
DA:378,68757
DA:380,68757
DA:381,68757
DA:382,55118
DA:384,55118
DA:385,55118
DA:386,44797
DA:388,44797
DA:389,44797
DA:390,35746
DA:392,35746
DA:393,35746
DA:394,29015
DA:396,29015
DA:397,29015
DA:398,23680
DA:400,23680
DA:401,23680
DA:402,19520
DA:404,19520
DA:405,19520
DA:406,16344
DA:408,16344
DA:410,1122850
DA:412,1122850
DA:413,1122850
DA:414,1119764
DA:415,1119764
DA:416,1116403
DA:418,1116403
DA:419,1116403
DA:420,1114705
DA:421,1114705
DA:422,1113334
DA:424,1113334
DA:425,1113334
DA:426,1112291
DA:427,1112291
DA:428,1111435
DA:430,1111435
DA:431,1111435
DA:432,1110502
DA:433,1110502
DA:434,1109979
DA:436,1109979
DA:437,1109979
DA:438,1108811
DA:439,1108811
DA:440,1108386
DA:442,1108386
DA:443,1108386
DA:444,1107871
DA:445,1107871
DA:446,1107518
DA:448,1107518
DA:449,1107518
DA:450,1107154
DA:451,1107154
DA:452,1106911
DA:454,1106911
DA:455,1106911
DA:456,1106650
DA:457,1106650
DA:458,1106506
DA:460,1106506
DA:461,1106506
DA:463,1106506
DA:464,1106506
DA:466,1106506
DA:485,21597
DA:494,21597
DA:495,21597
DA:497,21597
DA:498,21597
DA:501,51019
DA:502,17546
DA:504,51010
DA:505,33465
DA:507,33465
DA:508,101654
DA:511,101654
DA:512,92141
DA:513,92141
DA:514,237906
DA:515,145765
DA:517,77145
DA:518,77145
DA:519,77145
DA:521,92141
DA:522,92141
DA:525,92141
DA:526,78384
DA:527,78384
DA:528,217366
DA:529,138982
DA:531,76791
DA:532,76791
DA:533,76791
DA:535,78384
DA:536,78384
DA:539,78384
DA:540,68190
DA:541,68190
DA:542,201144
DA:543,132954
DA:545,77293
DA:546,77293
DA:547,77293
DA:549,68190
DA:550,68190
DA:552,68190
DA:583,10613
DA:585,10613
DA:586,2741
DA:587,10613
DA:588,3864
DA:589,3864
DA:591,10613
DA:621,4169
DA:630,4169
DA:631,4169
DA:633,4169
DA:634,4169
DA:635,4169
DA:637,4169
DA:638,4169
DA:639,4169
DA:641,4169
DA:642,4169
DA:644,4169
DA:646,32210
DA:648,32210
DA:649,32210
DA:651,21597
DA:652,21597
DA:653,21596
DA:656,21226
DA:657,21226
DA:658,10613
DA:659,10613
DA:661,10613
DA:662,10613
DA:664,896740
DA:665,834576
DA:666,834576
DA:667,828417
DA:668,828417
DA:669,622344
DA:670,622344
DA:671,206073
DA:672,206073
DA:673,139455
DA:675,322466
DA:676,322466
DA:677,311853
DA:678,311853
DA:679,107894
DA:680,107894
DA:681,203959
DA:682,203959
DA:683,141795
DA:685,72777
DA:686,62164
DA:689,10613
DA:691,10613
DA:692,1899
DA:693,1899
DA:696,79867
DA:697,76303
DA:699,8714
DA:700,8714
DA:702,8714
DA:703,8714
DA:704,8714
DA:706,8714
DA:707,8714
DA:708,8714
DA:710,8714
DA:711,8714
DA:713,8714
DA:714,8714
DA:715,45092
DA:751,4
DA:759,4
DA:760,4
DA:761,4
DA:762,4
DA:763,4
DA:764,4
DA:765,4
DA:766,4
DA:767,4
DA:770,262152
DA:772,4
DA:773,4
DA:774,107473
DA:775,107469
DA:776,107469
DA:777,107469
DA:778,107469
DA:779,107469
DA:780,107469
DA:781,107469
DA:782,107469
DA:783,107469
DA:784,107469
DA:785,107469
DA:786,107469
DA:788,10
DA:789,6
DA:790,6
DA:791,6
DA:795,140
DA:796,136
DA:797,136
DA:800,4
DA:803,262148
DA:805,4
DA:806,4
DA:807,107473
DA:808,107469
DA:809,107469
DA:810,107469
DA:811,107469
DA:812,107469
DA:813,107469
DA:814,107469
DA:815,107469
DA:816,107469
DA:817,107469
DA:818,107469
DA:819,107469
DA:820,107469
DA:821,107469
DA:822,107469
DA:823,107469
DA:825,10
DA:826,6
DA:827,6
DA:828,6
DA:829,6
DA:837,1028
DA:838,1024
DA:839,1024
DA:845,20
DA:846,20
DA:847,20
DA:848,4424
DA:849,4404
DA:850,4404
DA:851,7948
DA:852,4003
DA:853,4003
DA:854,4003
DA:856,3945
DA:857,4404
DA:859,20
DA:868,1024
DA:876,1021
DA:886,262245
DA:887,261225
DA:888,260204
DA:889,260204
DA:890,130556
DA:891,130556
DA:892,130556
DA:893,4169
DA:894,0
DA:897,4169
DA:901,4169
DA:902,4169
DA:905,260203
DA:909,1020
DA:919,262140
DA:920,261120
DA:921,261120
DA:923,139900
DA:924,138880
DA:925,138880
DA:926,138880
DA:927,64894
DA:929,171997
DA:930,170977
DA:931,170977
DA:932,170977
DA:933,86680
DA:937,1020
DA:946,262140
DA:987,1020
DA:989,1020
DA:990,1017
DA:991,1017
DA:992,1017
DA:994,1017
DA:996,287790
DA:997,286773
DA:998,286773
DA:999,286773
DA:1000,286773
DA:1001,133
DA:1003,1020
DA:1008,3
DA:1009,3
DA:1031,4
DA:1033,4
DA:1034,4
DA:1035,4
DA:1036,4
DA:1037,4
DA:1038,4
DA:1039,4
DA:1040,4
DA:1041,4
DA:1042,4
DA:1044,4
DA:1045,0
DA:1052,4
DA:1053,4
DA:1054,4
DA:1063,4
DA:1065,4
DA:1066,4
DA:1068,4
DA:1069,4
DA:1070,0
DA:1075,4
DA:1076,1
DA:1077,0
DA:1079,1
DA:1083,4
DA:1084,334963
DA:1085,334963
DA:1086,4
DA:1088,4
DA:1089,4
end_of_record
TN:
SF:/root/rustmap/xuemeng/c-code/bzip2-1.0.8/huffman.c
FN:63,BZ2_hbMakeCodeLengths
FNDA:84,BZ2_hbMakeCodeLengths
FN:152,BZ2_hbAssignCodes
FNDA:21,BZ2_hbAssignCodes
FN:170,BZ2_hbCreateDecodeTables
FNDA:0,BZ2_hbCreateDecodeTables
DA:63,84
DA:72,84
DA:73,84
DA:75,84
DA:76,84
DA:77,84
DA:79,18804
DA:80,18720
DA:82,84
DA:84,84
DA:85,84
DA:87,84
DA:88,84
DA:89,84
DA:91,18804
DA:92,18720
DA:93,18720
DA:94,18720
DA:95,48329
DA:100,18720
DA:101,118260
DA:102,116690
DA:103,18636
DA:104,18636
DA:105,18636
DA:106,18636
DA:107,18636
DA:108,18636
DA:109,20908
DA:112,84
DA:115,18804
DA:118,217607
DA:119,18720
DA:120,18720
DA:123,84
DA:142,0
DA:143,0
DA:144,0
DA:145,0
DA:148,84
DA:152,21
DA:158,21
DA:160,21
DA:161,231
DA:162,50513
DA:163,50303
DA:164,210
DA:166,21
DA:170,0
DA:178,0
DA:180,0
DA:181,0
DA:182,0
DA:183,0
DA:185,0
DA:186,0
DA:188,0
DA:190,0
DA:193,0
DA:194,0
DA:195,0
DA:196,0
DA:198,0
DA:199,0
DA:200,0
end_of_record
TN:
SF:/usr/include/x86_64-linux-gnu/bits/stdio2.h
DA:103,0
DA:105,0
DA:288,88
DA:291,88
DA:292,88
DA:293,88
end_of_record
SF:/usr/include/x86_64-linux-gnu/bits/fcntl2.h
DA:41,0
DA:43,0
DA:46,0
DA:48,0
DA:53,0
end_of_record
SF:/root/rustmap/xuemeng/c-code/bzip2-1.0.8/bzip2.c
FN:277,uInt64_qrm10
FNDA:0,uInt64_qrm10
FN:295,uInt64_toAscii
FNDA:0,uInt64_toAscii
FN:318,myfeof
FNDA:91,myfeof
FN:329,compressStream
FNDA:3,compressStream
FN:433,uncompressStream
FNDA:0,uncompressStream
FN:554,testStream
FNDA:0,testStream
FN:659,cadvise
FNDA:0,cadvise
FN:674,showFileNames
FNDA:0,showFileNames
FN:687,cleanUpAndFail
FNDA:0,cleanUpAndFail
FN:746,panic
FNDA:0,panic
FN:761,crcError
FNDA:0,crcError
FN:774,compressedStreamEOF
FNDA:0,compressedStreamEOF
FN:791,ioError
FNDA:0,ioError
FN:805,mySignalCatcher
FNDA:0,mySignalCatcher
FN:816,mySIGSEGVorSIGBUScatcher
FNDA:0,mySIGSEGVorSIGBUScatcher
FN:872,outOfMemory
FNDA:0,outOfMemory
FN:884,configError
FNDA:0,configError
FN:908,pad
FNDA:0,pad
FN:919,copyFileName
FNDA:15,copyFileName
FN:940,fileExists
FNDA:0,fileExists
FN:960,fopen_output_safely
FNDA:0,fopen_output_safely
FN:981,notAStandardFile
FNDA:0,notAStandardFile
FN:998,countHardLinks
FNDA:0,countHardLinks
FN:1038,saveInputFileMetaInfo
FNDA:0,saveInputFileMetaInfo
FN:1050,applySavedTimeInfoToOutputFile
FNDA:0,applySavedTimeInfoToOutputFile
FN:1065,applySavedFileAttrToOutputFile
FNDA:0,applySavedFileAttrToOutputFile
FN:1110,hasSuffix
FNDA:12,hasSuffix
FN:1120,mapSuffix
FNDA:0,mapSuffix
FN:1133,compress
FNDA:3,compress
FN:1314,uncompress
FNDA:0,uncompress
FN:1512,testf
FNDA:0,testf
FN:1601,license
FNDA:0,license
FN:1626,usage
FNDA:0,usage
FN:1670,redundant
FNDA:0,redundant
FN:1704,myMalloc
FNDA:6,myMalloc
FN:1729,snocString
FNDA:3,snocString
FN:1747,addFlagsFromEnvVar
FNDA:6,addFlagsFromEnvVar
FN:1776,main
FNDA:3,main
DA:238,0
DA:240,0
DA:241,0
DA:242,0
DA:243,0
DA:244,0
DA:245,0
DA:246,0
DA:247,0
DA:248,0
DA:257,0
DA:258,0
DA:259,0
DA:261,0
DA:266,0
DA:268,0
DA:269,0
DA:270,0
DA:277,0
DA:279,0
DA:280,0
DA:281,0
DA:282,0
DA:283,0
DA:284,0
DA:285,0
DA:287,0
DA:295,0
DA:297,0
DA:298,0
DA:299,0
DA:300,0
DA:301,0
DA:302,0
DA:303,0
DA:304,0
DA:305,0
DA:306,0
DA:307,0
DA:308,0
DA:309,0
DA:318,91
DA:320,91
DA:321,91
DA:322,88
DA:323,88
DA:329,3
DA:331,3
DA:332,3
DA:333,3
DA:334,3
DA:335,3
DA:336,3
DA:338,3
DA:339,3
DA:341,3
DA:342,3
DA:344,3
DA:346,3
DA:348,3
DA:350,91
DA:352,91
DA:353,88
DA:354,88
DA:355,88
DA:356,88
DA:360,3
DA:363,3
DA:365,3
DA:366,3
DA:367,3
DA:368,3
DA:369,0
DA:370,0
DA:371,0
DA:372,0
DA:373,0
DA:374,0
DA:376,3
DA:377,3
DA:378,3
DA:379,3
DA:381,3
DA:382,0
DA:383,0
DA:385,0
DA:386,0
DA:387,0
DA:388,0
DA:390,0
DA:392,0
DA:393,0
DA:394,0
DA:395,0
DA:396,0
DA:399,0
DA:400,0
DA:407,3
DA:409,0
DA:410,0
DA:413,0
DA:414,0
DA:415,0
DA:416,0
DA:417,0
DA:419,0
DA:420,0
DA:421,0
DA:422,0
DA:433,0
DA:435,0
DA:436,0
DA:437,0
DA:438,0
DA:439,0
DA:440,0
DA:441,0
DA:443,0
DA:444,0
DA:446,0
DA:447,0
DA:449,0
DA:450,0
DA:452,0
DA:454,0
DA:458,0
DA:459,0
DA:461,0
DA:462,0
DA:463,0
DA:464,0
DA:465,0
DA:466,0
DA:468,0
DA:470,0
DA:471,0
DA:473,0
DA:474,0
DA:476,0
DA:477,0
DA:479,0
DA:482,0
DA:483,0
DA:484,0
DA:485,0
DA:486,0
DA:487,0
DA:489,0
DA:490,0
DA:492,0
DA:493,0
DA:494,0
DA:495,0
DA:496,0
DA:497,0
DA:498,0
DA:500,0
DA:501,0
DA:504,0
DA:505,0
DA:506,0
DA:507,0
DA:508,0
DA:509,0
DA:510,0
DA:511,0
DA:512,0
DA:514,0
DA:517,0
DA:518,0
DA:519,0
DA:520,0
DA:521,0
DA:523,0
DA:524,0
DA:525,0
DA:526,0
DA:527,0
DA:528,0
DA:529,0
DA:530,0
DA:531,0
DA:532,0
DA:533,0
DA:534,0
DA:537,0
DA:538,0
DA:541,0
DA:543,0
DA:544,0
DA:554,0
DA:556,0
DA:557,0
DA:558,0
DA:559,0
DA:560,0
DA:561,0
DA:562,0
DA:564,0
DA:565,0
DA:567,0
DA:568,0
DA:570,0
DA:572,0
DA:576,0
DA:577,0
DA:579,0
DA:580,0
DA:581,0
DA:583,0
DA:585,0
DA:586,0
DA:588,0
DA:589,0
DA:591,0
DA:592,0
DA:593,0
DA:597,0
DA:598,0
DA:599,0
DA:601,0
DA:604,0
DA:605,0
DA:606,0
DA:607,0
DA:608,0
DA:609,0
DA:610,0
DA:612,0
DA:613,0
DA:614,0
DA:615,0
DA:617,0
DA:618,0
DA:619,0
DA:620,0
DA:621,0
DA:623,0
DA:624,0
DA:625,0
DA:626,0
DA:627,0
DA:629,0
DA:631,0
DA:632,0
DA:634,0
DA:636,0
DA:637,0
DA:651,0
DA:653,0
DA:659,0
DA:661,0
DA:662,0
DA:669,0
DA:674,0
DA:676,0
DA:677,0
DA:682,0
DA:687,0
DA:689,0
DA:690,0
DA:692,0
DA:693,0
DA:694,0
DA:701,0
DA:702,0
DA:703,0
DA:704,0
DA:707,0
DA:708,0
DA:709,0
DA:710,0
DA:711,0
DA:716,0
DA:719,0
DA:722,0
DA:725,0
DA:732,0
DA:733,0
DA:739,0
DA:740,0
DA:746,0
DA:748,0
DA:754,0
DA:755,0
DA:761,0
DA:763,0
DA:766,0
DA:767,0
DA:768,0
DA:774,0
DA:776,0
DA:777,0
DA:781,0
DA:782,0
DA:783,0
DA:785,0
DA:791,0
DA:793,0
DA:797,0
DA:798,0
DA:799,0
DA:805,0
DA:807,0
DA:810,0
DA:816,0
DA:818,0
DA:819,0
DA:840,0
DA:863,0
DA:864,0
DA:865,0
DA:866,0
DA:872,0
DA:874,0
DA:877,0
DA:878,0
DA:884,0
DA:886,0
DA:892,0
DA:893,0
DA:908,0
DA:910,0
DA:911,0
DA:912,0
DA:913,0
DA:919,15
DA:921,15
DA:922,0
DA:929,0
DA:930,0
DA:933,15
DA:934,15
DA:935,15
DA:940,0
DA:942,0
DA:943,0
DA:944,0
DA:945,0
DA:960,0
DA:963,0
DA:964,0
DA:965,0
DA:966,0
DA:967,0
DA:968,0
DA:981,0
DA:983,0
DA:984,0
DA:986,0
DA:987,0
DA:988,0
DA:998,0
DA:1000,0
DA:1001,0
DA:1003,0
DA:1004,0
DA:1005,0
DA:1038,0
DA:1041,0
DA:1043,0
DA:1044,0
DA:1046,0
DA:1050,0
DA:1053,0
DA:1054,0
DA:1056,0
DA:1057,0
DA:1059,0
DA:1060,0
DA:1062,0
DA:1065,0
DA:1068,0
DA:1070,0
DA:1071,0
DA:1073,0
DA:1078,0
DA:1110,12
DA:1112,12
DA:1113,12
DA:1114,12
DA:1115,12
DA:1120,0
DA:1124,0
DA:1125,0
DA:1126,0
DA:1127,0
DA:1133,3
DA:1135,3
DA:1136,3
DA:1137,3
DA:1138,3
DA:1140,3
DA:1142,3
DA:1143,0
DA:1145,3
DA:1146,3
DA:1147,3
DA:1148,3
DA:1149,3
DA:1150,0
DA:1151,0
DA:1152,0
DA:1153,0
DA:1155,0
DA:1156,0
DA:1157,0
DA:1158,0
DA:1161,3
DA:1166,0
DA:1168,3
DA:1169,0
DA:1170,0
DA:1171,0
DA:1172,0
DA:1174,15
DA:1175,12
DA:1176,0
DA:1177,0
DA:1180,0
DA:1181,0
DA:1184,3
DA:1185,0
DA:1186,0
DA:1187,0
DA:1190,0
DA:1191,0
DA:1194,3
DA:1195,0
DA:1196,0
DA:1198,0
DA:1199,0
DA:1201,3
DA:1202,0
DA:1203,0
DA:1205,0
DA:1207,0
DA:1208,0
DA:1211,3
DA:1212,0
DA:1213,0
DA:1215,0
DA:1216,0
DA:1219,3
DA:1222,0
DA:1225,3
DA:1227,3
DA:1228,3
DA:1229,3
DA:1230,3
DA:1231,0
DA:1234,0
DA:1236,0
DA:1237,0
DA:1241,0
DA:1242,0
DA:1243,0
DA:1244,0
DA:1245,0
DA:1248,0
DA:1250,0
DA:1251,0
DA:1252,0
DA:1253,0
DA:1254,0
DA:1255,0
DA:1256,0
DA:1257,0
DA:1258,0
DA:1262,0
DA:1263,0
DA:1264,0
DA:1265,0
DA:1266,0
DA:1267,0
DA:1268,0
DA:1269,0
DA:1270,0
DA:1272,0
DA:1273,0
DA:1274,0
DA:1275,0
DA:1276,0
DA:1277,0
DA:1281,0
DA:1282,0
DA:1283,3
DA:1286,3
DA:1287,0
DA:1288,0
DA:1289,0
DA:1293,3
DA:1294,3
DA:1295,3
DA:1296,3
DA:1299,3
DA:1300,0
DA:1301,0
DA:1302,0
DA:1303,0
DA:1304,0
DA:1308,3
DA:1314,0
DA:1316,0
DA:1317,0
DA:1318,0
DA:1319,0
DA:1320,0
DA:1321,0
DA:1323,0
DA:1325,0
DA:1326,0
DA:1328,0
DA:1329,0
DA:1330,0
DA:1331,0
DA:1332,0
DA:1333,0
DA:1334,0
DA:1335,0
DA:1336,0
DA:1337,0
DA:1338,0
DA:1339,0
DA:1340,0
DA:1341,0
DA:1343,0
DA:1344,0
DA:1345,0
DA:1346,0
DA:1349,0
DA:1350,0
DA:1355,0
DA:1357,0
DA:1358,0
DA:1359,0
DA:1360,0
DA:1361,0
DA:1363,0
DA:1364,0
DA:1365,0
DA:1366,0
DA:1369,0
DA:1370,0
DA:1373,0
DA:1374,0
DA:1375,0
DA:1377,0
DA:1378,0
DA:1380,0
DA:1381,0
DA:1382,0
DA:1387,0
DA:1388,0
DA:1389,0
DA:1391,0
DA:1393,0
DA:1394,0
DA:1397,0
DA:1398,0
DA:1399,0
DA:1401,0
DA:1402,0
DA:1405,0
DA:1408,0
DA:1411,0
DA:1413,0
DA:1414,0
DA:1415,0
DA:1416,0
DA:1417,0
DA:1420,0
DA:1422,0
DA:1423,0
DA:1427,0
DA:1428,0
DA:1429,0
DA:1430,0
DA:1431,0
DA:1432,0
DA:1433,0
DA:1434,0
DA:1435,0
DA:1439,0
DA:1440,0
DA:1441,0
DA:1442,0
DA:1443,0
DA:1444,0
DA:1445,0
DA:1446,0
DA:1447,0
DA:1449,0
DA:1450,0
DA:1451,0
DA:1452,0
DA:1453,0
DA:1454,0
DA:1458,0
DA:1459,0
DA:1460,0
DA:1463,0
DA:1464,0
DA:1465,0
DA:1466,0
DA:1470,0
DA:1471,0
DA:1472,0
DA:1473,0
DA:1476,0
DA:1477,0
DA:1478,0
DA:1479,0
DA:1480,0
DA:1481,0
DA:1482,0
DA:1486,0
DA:1487,0
DA:1488,0
DA:1489,0
DA:1490,0
DA:1493,0
DA:1495,0
DA:1496,0
DA:1497,0
DA:1499,0
DA:1500,0
DA:1501,0
DA:1502,0
DA:1512,0
DA:1514,0
DA:1515,0
DA:1516,0
DA:1518,0
DA:1520,0
DA:1521,0
DA:1523,0
DA:1524,0
DA:1525,0
DA:1526,0
DA:1527,0
DA:1530,0
DA:1535,0
DA:1537,0
DA:1538,0
DA:1539,0
DA:1540,0
DA:1541,0
DA:1543,0
DA:1544,0
DA:1545,0
DA:1546,0
DA:1549,0
DA:1550,0
DA:1554,0
DA:1556,0
DA:1557,0
DA:1558,0
DA:1561,0
DA:1563,0
DA:1564,0
DA:1565,0
DA:1566,0
DA:1567,0
DA:1569,0
DA:1570,0
DA:1571,0
DA:1572,0
DA:1573,0
DA:1574,0
DA:1575,0
DA:1579,0
DA:1580,0
DA:1581,0
DA:1584,0
DA:1585,0
DA:1586,0
DA:1587,0
DA:1591,0
DA:1592,0
DA:1594,0
DA:1595,0
DA:1601,0
DA:1603,0
DA:1621,0
DA:1626,0
DA:1628,0
DA:1665,0
DA:1670,0
DA:1672,0
DA:1676,0
DA:1704,6
DA:1706,6
DA:1708,6
DA:1709,6
DA:1710,6
DA:1716,3
DA:1718,3
DA:1720,6
DA:1721,3
DA:1722,3
DA:1723,3
DA:1729,3
DA:1731,3
DA:1732,3
DA:1733,3
DA:1734,3
DA:1735,3
DA:1738,0
DA:1739,0
DA:1740,0
DA:1747,6
DA:1749,6
DA:1750,6
DA:1752,6
DA:1753,6
DA:1756,0
DA:1757,0
DA:1759,0
DA:1760,0
DA:1761,0
DA:1762,0
DA:1763,0
DA:1764,0
DA:1765,0
DA:1766,0
DA:1770,6
DA:1776,3
DA:1778,3
DA:1779,3
DA:1780,3
DA:1781,3
DA:1782,3
DA:1785,3
DA:1791,3
DA:1792,3
DA:1793,3
DA:1794,3
DA:1795,3
DA:1796,3
DA:1797,3
DA:1798,3
DA:1799,3
DA:1800,3
DA:1801,3
DA:1802,3
DA:1803,3
DA:1804,3
DA:1805,3
DA:1808,3
DA:1811,3
DA:1815,3
DA:1816,3
DA:1818,3
DA:1819,3
DA:1820,24
DA:1821,21
DA:1827,3
DA:1828,3
DA:1829,3
DA:1830,9
DA:1831,3
DA:1835,3
DA:1836,3
DA:1837,3
DA:1838,6
DA:1839,3
DA:1840,3
DA:1841,0
DA:1842,0
DA:1843,0
DA:1848,3
DA:1849,3
DA:1854,3
DA:1856,3
DA:1857,3
DA:1858,0
DA:1860,3
DA:1861,3
DA:1862,3
DA:1863,3
DA:1864,0
DA:1865,0
DA:1870,6
DA:1871,3
DA:1872,3
DA:1873,6
DA:1874,3
DA:1875,0
DA:1876,0
DA:1877,0
DA:1878,0
DA:1879,0
DA:1880,0
DA:1881,0
DA:1882,0
DA:1883,1
DA:1884,1
DA:1885,1
DA:1886,0
DA:1887,0
DA:1888,0
DA:1889,0
DA:1890,0
DA:1891,0
DA:1892,0
DA:1893,0
DA:1894,0
DA:1895,0
DA:1896,0
DA:1897,0
DA:1898,0
DA:1900,0
DA:1901,0
DA:1902,3
DA:1909,6
DA:1910,3
DA:1911,3
DA:1912,3
DA:1913,3
DA:1914,3
DA:1915,3
DA:1916,3
DA:1917,3
DA:1918,3
DA:1919,3
DA:1920,3
DA:1921,3
DA:1922,3
DA:1923,3
DA:1924,3
DA:1925,3
DA:1926,3
DA:1927,3
DA:1929,3
DA:1930,0
DA:1931,0
DA:1932,0
DA:1936,3
DA:1937,3
DA:1938,0
DA:1940,3
DA:1941,0
DA:1943,0
DA:1946,3
DA:1947,0
DA:1949,3
DA:1951,3
DA:1952,0
DA:1953,0
DA:1955,0
DA:1959,3
DA:1960,3
DA:1961,3
DA:1964,0
DA:1965,0
DA:1966,0
DA:1967,0
DA:1968,0
DA:1974,0
DA:1975,0
DA:1976,0
DA:1977,0
DA:1980,0
DA:1981,0
DA:1982,0
DA:1983,0
DA:1984,0
DA:1987,0
DA:1988,0
DA:1989,0
DA:1994,0
DA:1995,0
DA:1996,0
DA:1999,0
DA:2000,0
DA:2001,0
DA:2002,0
DA:2003,0
DA:2006,0
DA:2007,0
DA:2008,0
DA:2014,0
DA:2015,0
DA:2023,6
DA:2024,3
DA:2025,3
DA:2026,3
DA:2027,3
DA:2030,3
end_of_record
SF:/usr/include/x86_64-linux-gnu/bits/string_fortified.h
DA:77,3
DA:79,3
DA:92,15
DA:95,15
DA:128,0
DA:130,0
end_of_record
TN:
SF:/root/rustmap/xuemeng/c-code/bzip2-1.0.8/decompress.c
FN:27,makeMaps_d
FNDA:0,makeMaps_d
FN:106,BZ2_decompress
FNDA:0,BZ2_decompress
DA:27,0
DA:29,0
DA:30,0
DA:31,0
DA:32,0
DA:33,0
DA:34,0
DA:36,0
DA:106,0
DA:108,0
DA:109,0
DA:110,0
DA:111,0
DA:114,0
DA:115,0
DA:116,0
DA:117,0
DA:118,0
DA:119,0
DA:120,0
DA:121,0
DA:122,0
DA:123,0
DA:124,0
DA:125,0
DA:126,0
DA:127,0
DA:128,0
DA:129,0
DA:130,0
DA:131,0
DA:132,0
DA:133,0
DA:134,0
DA:135,0
DA:136,0
DA:137,0
DA:139,0
DA:141,0
DA:142,0
DA:143,0
DA:144,0
DA:145,0
DA:146,0
DA:147,0
DA:148,0
DA:149,0
DA:150,0
DA:151,0
DA:152,0
DA:153,0
DA:154,0
DA:155,0
DA:156,0
DA:157,0
DA:158,0
DA:159,0
DA:160,0
DA:161,0
DA:162,0
DA:163,0
DA:164,0
DA:168,0
DA:169,0
DA:170,0
DA:171,0
DA:172,0
DA:173,0
DA:174,0
DA:175,0
DA:176,0
DA:177,0
DA:178,0
DA:179,0
DA:180,0
DA:181,0
DA:182,0
DA:183,0
DA:184,0
DA:185,0
DA:186,0
DA:187,0
DA:188,0
DA:189,0
DA:190,0
DA:191,0
DA:193,0
DA:195,0
DA:197,0
DA:198,0
DA:200,0
DA:201,0
DA:203,0
DA:204,0
DA:206,0
DA:207,0
DA:208,0
DA:209,0
DA:211,0
DA:212,0
DA:213,0
DA:216,0
DA:218,0
DA:219,0
DA:222,0
DA:224,0
DA:225,0
DA:226,0
DA:227,0
DA:228,0
DA:229,0
DA:230,0
DA:231,0
DA:232,0
DA:233,0
DA:234,0
DA:235,0
DA:237,0
DA:238,0
DA:239,0
DA:241,0
DA:242,0
DA:243,0
DA:244,0
DA:245,0
DA:246,0
DA:247,0
DA:248,0
DA:249,0
DA:251,0
DA:253,0
DA:254,0
DA:255,0
DA:256,0
DA:257,0
DA:258,0
DA:259,0
DA:261,0
DA:262,0
DA:263,0
DA:264,0
DA:267,0
DA:268,0
DA:269,0
DA:270,0
DA:271,0
DA:274,0
DA:276,0
DA:277,0
DA:278,0
DA:279,0
DA:280,0
DA:282,0
DA:283,0
DA:284,0
DA:287,0
DA:288,0
DA:289,0
DA:290,0
DA:291,0
DA:292,0
DA:293,0
DA:294,0
DA:295,0
DA:296,0
DA:297,0
DA:302,0
DA:303,0
DA:305,0
DA:310,0
DA:311,0
DA:313,0
DA:314,0
DA:315,0
DA:316,0
DA:317,0
DA:318,0
DA:323,0
DA:324,0
DA:325,0
DA:326,0
DA:327,0
DA:328,0
DA:329,0
DA:330,0
DA:331,0
DA:333,0
DA:338,0
DA:341,0
DA:342,0
DA:343,0
DA:345,0
DA:352,0
DA:357,0
DA:358,0
DA:359,0
DA:360,0
DA:362,0
DA:368,0
DA:369,0
DA:370,0
DA:371,0
DA:373,0
DA:378,0
DA:379,0
DA:381,0
DA:383,0
DA:385,0
DA:389,0
DA:396,0
DA:397,0
DA:398,0
DA:399,0
DA:400,0
DA:402,0
DA:404,0
DA:405,0
DA:406,0
DA:408,0
DA:409,0
DA:410,0
DA:411,0
DA:412,0
DA:413,0
DA:416,0
DA:417,0
DA:418,0
DA:419,0
DA:420,0
DA:421,0
DA:423,0
DA:427,0
DA:431,0
DA:432,0
DA:433,0
DA:435,0
DA:437,0
DA:438,0
DA:439,0
DA:440,0
DA:441,0
DA:442,0
DA:443,0
DA:444,0
DA:445,0
DA:447,0
DA:448,0
DA:449,0
DA:450,0
DA:453,0
DA:454,0
DA:455,0
DA:456,0
DA:457,0
DA:458,0
DA:459,0
DA:460,0
DA:461,0
DA:462,0
DA:463,0
DA:464,0
DA:465,0
DA:467,0
DA:468,0
DA:469,0
DA:471,0
DA:472,0
DA:473,0
DA:474,0
DA:476,0
DA:483,0
DA:484,0
DA:485,0
DA:486,0
DA:487,0
DA:489,0
DA:490,0
DA:497,0
DA:498,0
DA:502,0
DA:503,0
DA:504,0
DA:507,0
DA:508,0
DA:509,0
DA:511,0
DA:512,0
DA:514,0
DA:518,0
DA:519,0
DA:520,0
DA:524,0
DA:525,0
DA:526,0
DA:527,0
DA:528,0
DA:530,0
DA:533,0
DA:536,0
DA:537,0
DA:538,0
DA:539,0
DA:543,0
DA:544,0
DA:545,0
DA:546,0
DA:547,0
DA:548,0
DA:549,0
DA:551,0
DA:553,0
DA:554,0
DA:555,0
DA:556,0
DA:557,0
DA:558,0
DA:560,0
DA:566,0
DA:567,0
DA:568,0
DA:569,0
DA:572,0
DA:573,0
DA:574,0
DA:575,0
DA:576,0
DA:577,0
DA:579,0
DA:584,0
DA:588,0
DA:590,0
DA:591,0
DA:592,0
DA:593,0
DA:594,0
DA:595,0
DA:596,0
DA:597,0
DA:598,0
DA:599,0
DA:601,0
DA:602,0
DA:603,0
DA:604,0
DA:605,0
DA:606,0
DA:607,0
DA:608,0
DA:609,0
DA:611,0
DA:612,0
DA:614,0
DA:617,0
DA:619,0
DA:621,0
DA:622,0
DA:623,0
DA:624,0
DA:625,0
DA:626,0
DA:627,0
DA:628,0
DA:629,0
DA:630,0
DA:631,0
DA:632,0
DA:633,0
DA:634,0
DA:635,0
DA:636,0
DA:637,0
DA:638,0
DA:639,0
DA:640,0
DA:641,0
DA:642,0
DA:643,0
DA:644,0
DA:646,0
end_of_record
SF:/usr/include/x86_64-linux-gnu/bits/stdio2.h
DA:103,0
DA:105,0
end_of_record
TN:
SF:/usr/include/x86_64-linux-gnu/bits/stdio2.h
DA:103,0
DA:105,0
DA:288,0
DA:291,0
DA:292,0
DA:293,0
DA:294,0
DA:295,0
DA:296,0
end_of_record
SF:/root/rustmap/xuemeng/c-code/bzip2-1.0.8/bzlib.c
FN:41,BZ2_bz__AssertH__fail
FNDA:0,BZ2_bz__AssertH__fail
FN:102,default_bzalloc
FNDA:12,default_bzalloc
FN:109,default_bzfree
FNDA:12,default_bzfree
FN:117,prepare_new_block
FNDA:4,prepare_new_block
FN:148,BZ2_bzCompressInit
FNDA:3,BZ2_bzCompressInit
FN:216,add_pair_to_block
FNDA:5354,add_pair_to_block
FN:252,flush_RL
FNDA:3,flush_RL
FN:289,copy_input_until_stop
FNDA:92,copy_input_until_stop
FN:334,copy_output_until_stop
FNDA:24,copy_output_until_stop
FN:361,handle_compress
FNDA:111,handle_compress
FN:407,BZ2_bzCompress
FNDA:111,BZ2_bzCompress
FN:468,BZ2_bzCompressEnd
FNDA:3,BZ2_bzCompressEnd
FN:492,BZ2_bzDecompressInit
FNDA:0,BZ2_bzDecompressInit
FN:536,unRLE_obuf_to_output_FAST
FNDA:0,unRLE_obuf_to_output_FAST
FN:687,BZ2_indexIntoF
FNDA:0,BZ2_indexIntoF
FN:706,unRLE_obuf_to_output_SMALL
FNDA:0,unRLE_obuf_to_output_SMALL
FN:808,BZ2_bzDecompress
FNDA:0,BZ2_bzDecompress
FN:862,BZ2_bzDecompressEnd
FNDA:0,BZ2_bzDecompressEnd
FN:906,myfeof
FNDA:0,myfeof
FN:916,BZ2_bzWriteOpen
FNDA:3,BZ2_bzWriteOpen
FN:964,BZ2_bzWrite
FNDA:88,BZ2_bzWrite
FN:1009,BZ2_bzWriteClose
FNDA:0,BZ2_bzWriteClose
FN:1021,BZ2_bzWriteClose64
FNDA:3,BZ2_bzWriteClose64
FN:1087,BZ2_bzReadOpen
FNDA:0,BZ2_bzReadOpen
FN:1143,BZ2_bzReadClose
FNDA:0,BZ2_bzReadClose
FN:1161,BZ2_bzRead
FNDA:0,BZ2_bzRead
FN:1221,BZ2_bzReadGetUnused
FNDA:0,BZ2_bzReadGetUnused
FN:1247,BZ2_bzBuffToBuffCompress
FNDA:0,BZ2_bzBuffToBuffCompress
FN:1299,BZ2_bzBuffToBuffDecompress
FNDA:0,BZ2_bzBuffToBuffDecompress
FN:1366,BZ2_bzlibVersion
FNDA:0,BZ2_bzlibVersion
FN:1383,bzopen_or_bzdopen
FNDA:0,bzopen_or_bzdopen
FN:1460,BZ2_bzopen
FNDA:0,BZ2_bzopen
FN:1469,BZ2_bzdopen
FNDA:0,BZ2_bzdopen
FN:1478,BZ2_bzread
FNDA:0,BZ2_bzread
FN:1492,BZ2_bzwrite
FNDA:0,BZ2_bzwrite
FN:1506,BZ2_bzflush
FNDA:0,BZ2_bzflush
FN:1514,BZ2_bzclose
FNDA:0,BZ2_bzclose
FN:1559,BZ2_bzerror
FNDA:0,BZ2_bzerror
DA:41,0
DA:43,0
DA:56,0
DA:57,0
DA:84,0
DA:102,12
DA:104,12
DA:105,12
DA:109,12
DA:111,12
DA:112,12
DA:117,4
DA:119,4
DA:120,4
DA:121,4
DA:122,4
DA:123,4
DA:124,1028
DA:125,4
DA:126,4
DA:131,6
DA:133,6
DA:134,6
DA:139,13
DA:141,13
DA:143,10
DA:148,3
DA:154,3
DA:155,3
DA:157,3
DA:159,3
DA:160,3
DA:161,3
DA:164,3
DA:165,3
DA:166,3
DA:168,3
DA:169,3
DA:170,3
DA:172,3
DA:173,3
DA:174,3
DA:176,3
DA:177,3
DA:178,3
DA:179,3
DA:181,3
DA:182,0
DA:183,0
DA:184,0
DA:185,0
DA:186,0
DA:189,3
DA:190,3
DA:191,3
DA:192,3
DA:193,3
DA:194,3
DA:195,3
DA:196,3
DA:198,3
DA:199,3
DA:200,3
DA:201,3
DA:203,3
DA:204,3
DA:205,3
DA:206,3
DA:207,3
DA:208,3
DA:209,3
DA:210,3
DA:216,5354
DA:218,5354
DA:219,5354
DA:220,19328
DA:221,13974
DA:223,5354
DA:224,5354
DA:225,1
DA:226,1
DA:227,1
DA:228,4318
DA:229,4318
DA:230,4318
DA:231,4318
DA:232,618
DA:233,618
DA:234,618
DA:235,618
DA:236,618
DA:237,417
DA:238,417
DA:239,417
DA:240,417
DA:241,417
DA:242,417
DA:243,417
DA:244,417
DA:245,417
DA:247,5354
DA:252,3
DA:254,3
DA:255,3
DA:256,3
DA:289,92
DA:291,92
DA:293,92
DA:296,431369
DA:298,431369
DA:300,431368
DA:301,431280
DA:302,431280
DA:303,431280
DA:304,431280
DA:305,431280
DA:306,431280
DA:312,3
DA:314,3
DA:316,3
DA:318,0
DA:319,0
DA:320,0
DA:321,0
DA:322,0
DA:323,0
DA:324,0
DA:325,0
DA:328,92
DA:334,24
DA:336,24
DA:338,106339
DA:341,106339
DA:344,106319
DA:346,106315
DA:347,106315
DA:348,106315
DA:349,106315
DA:350,106315
DA:351,106315
DA:352,106315
DA:355,24
DA:361,111
DA:363,111
DA:364,111
DA:365,111
DA:367,115
DA:369,115
DA:370,24
DA:371,24
DA:372,4
DA:373,3
DA:374,112
DA:375,1
DA:376,1
DA:377,1
DA:378,0
DA:379,203
DA:382,92
DA:383,92
DA:384,92
DA:385,3
DA:386,3
DA:387,3
DA:390,89
DA:391,1
DA:392,1
DA:395,88
DA:402,111
DA:407,111
DA:409,111
DA:410,111
DA:411,111
DA:412,111
DA:413,111
DA:414,111
DA:416,111
DA:417,114
DA:422,104
DA:423,104
DA:424,101
DA:425,101
DA:428,3
DA:429,0
DA:430,0
DA:431,0
DA:434,3
DA:435,3
DA:436,3
DA:437,3
DA:442,0
DA:443,0
DA:444,0
DA:446,0
DA:447,0
DA:448,0
DA:449,0
DA:450,0
DA:452,10
DA:453,10
DA:454,10
DA:456,10
DA:457,10
DA:458,10
DA:459,10
DA:460,3
DA:461,3
DA:463,0
DA:468,3
DA:470,3
DA:471,3
DA:472,3
DA:473,3
DA:474,3
DA:476,3
DA:477,3
DA:478,3
DA:479,3
DA:481,3
DA:483,3
DA:492,0
DA:497,0
DA:499,0
DA:501,0
DA:502,0
DA:503,0
DA:505,0
DA:506,0
DA:508,0
DA:509,0
DA:510,0
DA:511,0
DA:512,0
DA:513,0
DA:514,0
DA:515,0
DA:516,0
DA:517,0
DA:518,0
DA:519,0
DA:520,0
DA:521,0
DA:522,0
DA:523,0
DA:524,0
DA:525,0
DA:527,0
DA:536,0
DA:538,0
DA:540,0
DA:542,0
DA:544,0
DA:545,0
DA:546,0
DA:547,0
DA:548,0
DA:549,0
DA:550,0
DA:551,0
DA:552,0
DA:553,0
DA:557,0
DA:560,0
DA:563,0
DA:564,0
DA:565,0
DA:566,0
DA:567,0
DA:568,0
DA:570,0
DA:571,0
DA:572,0
DA:573,0
DA:574,0
DA:576,0
DA:577,0
DA:578,0
DA:579,0
DA:580,0
DA:582,0
DA:583,0
DA:584,0
DA:585,0
DA:586,0
DA:592,0
DA:593,0
DA:594,0
DA:595,0
DA:596,0
DA:597,0
DA:598,0
DA:599,0
DA:600,0
DA:601,0
DA:604,0
DA:605,0
DA:606,0
DA:608,0
DA:611,0
DA:612,0
DA:613,0
DA:614,0
DA:615,0
DA:616,0
DA:617,0
DA:618,0
DA:619,0
DA:621,0
DA:623,0
DA:624,0
DA:625,0
DA:626,0
DA:627,0
DA:628,0
DA:629,0
DA:633,0
DA:637,0
DA:638,0
DA:639,0
DA:640,0
DA:641,0
DA:642,0
DA:643,0
DA:644,0
DA:645,0
DA:646,0
DA:648,0
DA:649,0
DA:650,0
DA:651,0
DA:653,0
DA:654,0
DA:655,0
DA:656,0
DA:658,0
DA:659,0
DA:660,0
DA:663,0
DA:664,0
DA:665,0
DA:666,0
DA:667,0
DA:670,0
DA:671,0
DA:672,0
DA:673,0
DA:674,0
DA:675,0
DA:676,0
DA:677,0
DA:678,0
DA:681,0
DA:687,0
DA:689,0
DA:690,0
DA:691,0
DA:692,0
DA:693,0
DA:694,0
DA:696,0
DA:697,0
DA:706,0
DA:708,0
DA:710,0
DA:712,0
DA:714,0
DA:715,0
DA:716,0
DA:717,0
DA:718,0
DA:719,0
DA:720,0
DA:721,0
DA:722,0
DA:723,0
DA:727,0
DA:730,0
DA:733,0
DA:734,0
DA:735,0
DA:736,0
DA:737,0
DA:738,0
DA:740,0
DA:741,0
DA:742,0
DA:743,0
DA:744,0
DA:746,0
DA:747,0
DA:748,0
DA:749,0
DA:750,0
DA:752,0
DA:753,0
DA:754,0
DA:755,0
DA:756,0
DA:761,0
DA:763,0
DA:764,0
DA:765,0
DA:766,0
DA:767,0
DA:768,0
DA:769,0
DA:770,0
DA:771,0
DA:772,0
DA:776,0
DA:779,0
DA:782,0
DA:783,0
DA:784,0
DA:785,0
DA:786,0
DA:788,0
DA:789,0
DA:790,0
DA:791,0
DA:793,0
DA:794,0
DA:795,0
DA:796,0
DA:798,0
DA:799,0
DA:800,0
DA:808,0
DA:810,0
DA:811,0
DA:812,0
DA:813,0
DA:814,0
DA:815,0
DA:817,0
DA:818,0
DA:819,0
DA:820,0
DA:821,0
DA:822,0
DA:823,0
DA:824,0
DA:825,0
DA:826,0
DA:827,0
DA:829,0
DA:830,0
DA:832,0
DA:833,0
DA:835,0
DA:836,0
DA:841,0
DA:842,0
DA:843,0
DA:844,0
DA:845,0
DA:847,0
DA:849,0
DA:851,0
DA:862,0
DA:864,0
DA:865,0
DA:866,0
DA:867,0
DA:868,0
DA:870,0
DA:871,0
DA:872,0
DA:874,0
DA:875,0
DA:877,0
DA:906,0
DA:908,0
DA:909,0
DA:910,0
DA:911,0
DA:916,3
DA:923,3
DA:924,3
DA:926,3
DA:928,3
DA:929,3
DA:930,3
DA:931,3
DA:932,0
DA:934,3
DA:935,0
DA:937,3
DA:938,3
DA:939,0
DA:941,3
DA:942,3
DA:943,3
DA:944,3
DA:945,3
DA:946,3
DA:947,3
DA:948,3
DA:950,3
DA:951,3
DA:953,3
DA:954,0
DA:956,3
DA:957,3
DA:958,3
DA:964,88
DA:970,88
DA:971,88
DA:973,88
DA:974,88
DA:975,0
DA:976,88
DA:977,0
DA:978,88
DA:979,0
DA:981,88
DA:982,0
DA:984,88
DA:985,88
DA:987,101
DA:988,101
DA:989,101
DA:990,101
DA:991,101
DA:992,0
DA:994,101
DA:995,14
DA:996,14
DA:998,14
DA:999,0
DA:1002,101
DA:1003,88
DA:1009,0
DA:1016,0
DA:1018,0
DA:1021,3
DA:1030,3
DA:1031,3
DA:1033,3
DA:1034,0
DA:1035,3
DA:1036,0
DA:1037,3
DA:1038,0
DA:1040,3
DA:1041,3
DA:1042,3
DA:1043,3
DA:1045,3
DA:1046,10
DA:1047,10
DA:1048,10
DA:1049,10
DA:1050,10
DA:1051,0
DA:1053,10
DA:1054,10
DA:1055,10
DA:1057,10
DA:1058,0
DA:1061,10
DA:1065,3
DA:1066,3
DA:1067,3
DA:1068,0
DA:1071,3
DA:1072,3
DA:1073,3
DA:1074,3
DA:1075,3
DA:1076,3
DA:1077,3
DA:1078,3
DA:1080,3
DA:1081,3
DA:1082,3
DA:1087,0
DA:1095,0
DA:1096,0
DA:1098,0
DA:1100,0
DA:1101,0
DA:1102,0
DA:1103,0
DA:1104,0
DA:1105,0
DA:1107,0
DA:1108,0
DA:1110,0
DA:1111,0
DA:1112,0
DA:1114,0
DA:1116,0
DA:1117,0
DA:1118,0
DA:1119,0
DA:1120,0
DA:1121,0
DA:1122,0
DA:1124,0
DA:1125,0
DA:1126,0
DA:1127,0
DA:1130,0
DA:1131,0
DA:1132,0
DA:1134,0
DA:1135,0
DA:1137,0
DA:1138,0
DA:1143,0
DA:1145,0
DA:1147,0
DA:1148,0
DA:1149,0
DA:1151,0
DA:1152,0
DA:1154,0
DA:1155,0
DA:1156,0
DA:1161,0
DA:1167,0
DA:1168,0
DA:1170,0
DA:1172,0
DA:1173,0
DA:1175,0
DA:1176,0
DA:1178,0
DA:1179,0
DA:1181,0
DA:1182,0
DA:1184,0
DA:1186,0
DA:1187,0
DA:1189,0
DA:1190,0
DA:1192,0
DA:1193,0
DA:1194,0
DA:1195,0
DA:1196,0
DA:1199,0
DA:1201,0
DA:1202,0
DA:1204,0
DA:1205,0
DA:1206,0
DA:1208,0
DA:1209,0
DA:1210,0
DA:1211,0
DA:1212,0
DA:1221,0
DA:1227,0
DA:1228,0
DA:1229,0
DA:1230,0
DA:1231,0
DA:1232,0
DA:1233,0
DA:1235,0
DA:1236,0
DA:1237,0
DA:1247,0
DA:1256,0
DA:1257,0
DA:1259,0
DA:1260,0
DA:1261,0
DA:1262,0
DA:1263,0
DA:1266,0
DA:1267,0
DA:1268,0
DA:1269,0
DA:1270,0
DA:1272,0
DA:1274,0
DA:1275,0
DA:1276,0
DA:1277,0
DA:1279,0
DA:1280,0
DA:1281,0
DA:1284,0
DA:1285,0
DA:1286,0
DA:1288,0
DA:1289,0
DA:1290,0
DA:1292,0
DA:1293,0
DA:1294,0
DA:1299,0
DA:1307,0
DA:1308,0
DA:1310,0
DA:1311,0
DA:1312,0
DA:1313,0
DA:1316,0
DA:1317,0
DA:1318,0
DA:1319,0
DA:1320,0
DA:1322,0
DA:1323,0
DA:1324,0
DA:1325,0
DA:1327,0
DA:1328,0
DA:1329,0
DA:1332,0
DA:1333,0
DA:1334,0
DA:1336,0
DA:1337,0
DA:1338,0
DA:1339,0
DA:1341,0
DA:1342,0
DA:1343,0
DA:1345,0
DA:1346,0
DA:1347,0
DA:1366,0
DA:1368,0
DA:1383,0
DA:1389,0
DA:1390,0
DA:1391,0
DA:1392,0
DA:1393,0
DA:1394,0
DA:1395,0
DA:1396,0
DA:1397,0
DA:1398,0
DA:1399,0
DA:1401,0
DA:1402,0
DA:1403,0
DA:1406,0
DA:1407,0
DA:1408,0
DA:1409,0
DA:1410,0
DA:1411,0
DA:1412,0
DA:1415,0
DA:1417,0
DA:1418,0
DA:1420,0
DA:1421,0
DA:1422,0
DA:1425,0
DA:1431,0
DA:1434,0
DA:1436,0
DA:1438,0
DA:1440,0
DA:1443,0
DA:1446,0
DA:1447,0
DA:1448,0
DA:1460,0
DA:1464,0
DA:1469,0
DA:1473,0
DA:1478,0
DA:1480,0
DA:1481,0
DA:1482,0
DA:1483,0
DA:1486,0
DA:1492,0
DA:1494,0
DA:1496,0
DA:1497,0
DA:1500,0
DA:1506,0
DA:1509,0
DA:1514,0
DA:1516,0
DA:1517,0
DA:1519,0
DA:1520,0
DA:1521,0
DA:1522,0
DA:1523,0
DA:1524,0
DA:1527,0
DA:1529,0
DA:1530,0
DA:1559,0
DA:1561,0
DA:1563,0
DA:1564,0
DA:1565,0
end_of_record
SF:/usr/include/x86_64-linux-gnu/bits/string_fortified.h
DA:128,0
DA:130,0
end_of_record
