        -:    0:Source:main.c
        -:    0:Graph:main.gcno
        -:    0:Data:main.gcda
        -:    0:Runs:4
        -:    0:Programs:1
        -:    1:#include <stdio.h>
        -:    2: 
        -:    3:/* Type marker stick: using bits to indicate what's chosen.  The stick can't
        -:    4: * handle more than 32 items, but the idea is there; at worst, use array instead */
        -:    5:typedef unsigned long marker;
        -:    6:marker one = 1;
        -:    7: 
      156:    8:void comb(int pool, int need, marker chosen, int at)
        -:    9:{
      156:   10:	if (pool < need + at) return; /* not enough bits left */
        -:   11: 
      116:   12:	if (!need) {
        -:   13:		/* got all we needed; print the thing.  if other actions are
        -:   14:		 * desired, we could have passed in a callback function. */
      240:   15:		for (at = 0; at < pool; at++)
      200:   16:			if (chosen & (one << at)) printf("%d ", at);
       40:   17:		printf("\n");
       40:   18:		return;
        -:   19:	}
        -:   20:	/* if we choose the current item, "or" (|) the bit to mark it so. */
       76:   21:	comb(pool, need - 1, chosen | (one << at), at + 1);
       76:   22:	comb(pool, need, chosen, at + 1);  /* or don't choose it, go to next */
      156:   23:}
        -:   24: 
        4:   25:int main()
        -:   26:{
        4:   27:	comb(5, 3, 0, 0);
        4:   28:	return 0;
        -:   29:}
