        -:    0:Source:main.c
        -:    0:Graph:main.gcno
        -:    0:Data:main.gcda
        -:    0:Runs:4
        -:    0:Programs:1
        -:    1:#include <stdio.h>
        -:    2: 
        4:    3:int main()
        -:    4:{
        4:    5:    double inf = 1/0.0;
        4:    6:    double minus_inf = -1/0.0;
        4:    7:    double minus_zero = -1/ inf ;
        4:    8:    double nan = 0.0/0.0;
        -:    9: 
        4:   10:    printf("positive infinity: %f\n",inf);
        4:   11:    printf("negative infinity: %f\n",minus_inf);
        4:   12:    printf("negative zero: %f\n",minus_zero);
        4:   13:    printf("not a number: %f\n",nan);
        -:   14: 
        -:   15:    /* some arithmetic */
        -:   16: 
        4:   17:    printf("+inf + 2.0 = %f\n",inf + 2.0);
        4:   18:    printf("+inf - 10.1 = %f\n",inf - 10.1);
        4:   19:    printf("+inf + -inf = %f\n",inf + minus_inf);
        4:   20:    printf("0.0 * +inf = %f\n",0.0 * inf);
        4:   21:    printf("1.0/-0.0 = %f\n",1.0/minus_zero);
        4:   22:    printf("NaN + 1.0 = %f\n",nan + 1.0);
        4:   23:    printf("NaN + NaN = %f\n",nan + nan);
        -:   24: 
        -:   25:    /* some comparisons */
        -:   26: 
        4:   27:    printf("NaN == NaN = %s\n",nan == nan ? "true" : "false");
        4:   28:    printf("0.0 == -0.0 = %s\n",0.0 == minus_zero ? "true" : "false");
        -:   29: 
        4:   30:    return 0;
        -:   31:}
